format=D

Default type=0
Container=1
order gate opener=2
Order gate=3
Chaos gate opener=4
Chaos gate=5
Teleporter rune=6
Key=7
Locked container=8
Spellbook=9
Map=10
A book=11
Unlocked door=12
Locked door=13
Food item=14
Magic wand=15
Resurrection object=16
Full mortar=17
Talking Object=18
Potion=19
Townstone=35
Recall rune=50
Start Gate=51
End Gate=52
Teleporter=60
Item Spawner=61
NPC Spawner=62
Item Spawner Containe=63
Locked Item Spawner Container=64
Area spawner=69
Single Use adv gate=80
Multi Use adv gate=81
Monster Gate=82
Race Gate=83
Damage Object=85
Sound Object=86
Trash Container=87
Sound Object=88
Morph object=101
Unmorph object=102
Army Enlistment object=103
Teleport Object=104
Drink Object=105
Escort NPC Spawner=125
Fireworks wand=181
Smoking object=185
Guildstone deed=292
Opens housing gump=203
Player Vendor Deed=217
Worldforge type=255