format=HH

metal box=0x09 0xa8=0x09a8
small crate=0x09 0xa9=0x09a9
wooden box=0x09 0xaa=0x09aa
metal chest=0x09 0xab=0x09ab
bushel=0x09 0xac=0x09ac
belt pouch=0x09 0xb0=0x09b0
basket=0x09 0xb1=0x09b1
backpack=0x09 0xb2=0x09b2
crate=0x0e 0x3c=0x0e3c
crate=0x0e 0x3d=0x0e3d
crate=0x0e 0x3e=0x0e3e
crate=0x0e 0x3f=0x0e3f
metal chest=0x0e 0x40=0x0e40
metal chest=0x0e 0x41=0x0e41
wooden chest=0x0e 0x42=0x0e42
wooden chest=0x0e 0x43=0x0e43
backpack=0x0e 0x75=0x0e75
bag=0x0e 0x76=0x0e76
barrel=0x0e 0x77=0x0e77
pouch=0x0e 0x79=0x0e79
picnic basket=0x0e 0x7a=0x0e7a
metal chest=0x0e 0x7c=0x0e7c
wooden box=0x0e 0x7d=0x0e7d
crate=0x0e 0x7e=0x0e7e
keg=0x0e 0x7f=0x0e7f
strong box=0x0e 0x80=0x0e80
empty tub=0x0e 0x83=0x0e83
barrel=0x0f 0xae=0x0fae
water barrel=0x15 0x4d=0x154d
water tub=0x0e 0x7b=0x0e7b
basin=0x0e 0x78=0x0e78
wash basin=0x10 0x08=0x1008
basin=0x10 0x09=0x1009
bucket=0x14 0xe0=0x14e0
winnowing basket=0x18 0x82=0x1882
keg=0x1a 0xd6=0x1ad6
keg=0x1a 0xd7=0x1ad7
vat with ladder=0x14 0xe1=0x14e1
vat ladder=0x14 0xe2=0x14e2
vat=0x14 0xd7=0x14d7
vat=0x14 0xd8=0x14d8
vat=0x14 0xd9=0x14d9
vat 0x=0x14 0xda=0x14da
vat=0x14 0xdb=0x14db
vat=0x14 0xdc=0x14dc
vat=0x14 0xdd=0x14dd
vat=0x14 0xde=0x14de
vat=0x14 0xdf=0x14df
vat=0x15 0x1e=0x151e
vat=0x15 0x1f=0x151f
vat ladder=0x15 0x20=0x1520
vat=0x15 0x24=0x1524
vat ladder=0x15 0x25=0x1525
vat=0x15 0x50=0x1550
vat=0x15 0x51=0x1551
vat=0x15 0x52=0x1552
vat=0x15 0x53=0x1553
vat=0x15 0x54=0x1554
vat=0x15 0x55=0x1555
vat=0x15 0x56=0x1556
vat=0x15 0x58=0x1558