format=S

Rug
{
red-grey
{
rug=$item_rug1_1=0AA9
rug=$item_rug1_2=0AAA
rug=$item_rug1_3=0AAB
rug=$item_rug1_4=0AAC
rug=$item_rug1_5=0AAD
rug=$item_rug1_6=0AAE
rug=$item_rug1_7=0AAF
rug=$item_rug1_8=0AB0
rug=$item_rug1_9=0AB1
rug=$item_rug1_10=0AB2
}
green-grey
{
rug=$item_rug2_1=0AB3
rug=$item_rug2_2=0AB4
rug=$item_rug2_3=0AB5
rug=$item_rug2_4=0AB6
rug=$item_rug2_5=0AB7
rug=$item_rug2_6=0AB8
rug=$item_rug2_7=0AB9
rug=$item_rug2_8=0ABA
rug=$item_rug2_9=0ABB
rug=$item_rug2_10=0ABC
}
ruined, red-grey
{
ruined rug=$item_rug_ruined_red_1=1dd3
ruined rug=$item_rug_ruined_red_2=1dd4
ruined rug=$item_rug_ruined_red_3=1dd5
ruined rug=$item_rug_ruined_red_4=1dd6
ruined rug=$item_rug_ruined_red_5=1dd7
ruined rug=$item_rug_ruined_red_6=1dd8
ruined rug=$item_rug_ruined_red_7=1dd9
ruined rug=$item_rug_ruined_red_8=ddaa
ruined rug=$item_rug_ruined_red_9=ddbb
ruined rug=$item_rug_ruined_red_10=ddcc
ruined rug=$item_rug_ruined_red_11=dddd
ruined rug=$item_rug_ruined_red_12=ddee
ruined rug=$item_rug_ruined_red_13=ddff
ruined rug=$item_rug_ruined_red_14=1de0
}
ruined, green-grey
{
ruined rug=$item_rug_ruined_green_1=1de1
ruined rug=$item_rug_ruined_green_2=1de2
ruined rug=$item_rug_ruined_green_3=1de3
ruined rug=$item_rug_ruined_green_4=1de4
ruined rug=$item_rug_ruined_green_5=1de5
ruined rug=$item_rug_ruined_green_6=1de6
ruined rug=$item_rug_ruined_green_7=1de7
ruined rug=$item_rug_ruined_green_8=1de8
ruined rug=$item_rug_ruined_green_9=1de9
ruined rug=$item_rug_ruined_green_10=deaa
ruined rug=$item_rug_ruined_green_11=debb
ruined rug=$item_rug_ruined_green_12=decc
ruined rug=$item_rug_ruined_green_13=dedd
ruined rug=$item_rug_ruined_green_14=deee
}
ruined, grey
{
ruined rug=$item_rug_ruined_grey_1=1def
ruined rug=$item_rug_ruined_grey_2=1df0
ruined rug=$item_rug_ruined_grey_3=1df1
ruined rug=$item_rug_ruined_grey_4=1df2
ruined rug=$item_rug_ruined_grey_5=1df3
ruined rug=$item_rug_ruined_grey_6=1df4
ruined rug=$item_rug_ruined_grey_7=1df5
ruined rug=$item_rug_ruined_grey_8=1df6
ruined rug=$item_rug_ruined_grey_9=1df7
ruined rug=$item_rug_ruined_grey_10=1df8
ruined rug=$item_rug_ruined_grey_11=1df9
ruined rug=$item_rug_ruined_grey_12=1dfa
ruined rug=$item_rug_ruined_grey_13=1dfb
ruined rug=$item_rug_ruined_grey_14=1dfc
}
}
Carpet
{
grey
{
ruined rug=$item_carpet_grey_1=1098
ruined rug=$item_carpet_grey_2=1099
ruined rug=$item_carpet_grey_3=109a
ruined rug=$item_carpet_grey_4=109b
ruined rug=$item_carpet_grey_5=109c
ruined rug=$item_carpet_grey_6=109d
ruined rug=$item_carpet_grey_7=109e
ruined rug=$item_carpet_grey_8=109f
ruined rug=$item_carpet_grey_9=10a0
ruined rug=$item_carpet_grey_10=10a1
ruined rug=$item_carpet_grey_11=10a2
ruined rug=$item_carpet_grey_12=10a3
}
blue-gold
{
carpet=$item_carpet1_1=0ABD
carpet=$item_carpet1_2=0ABE
carpet=$item_carpet1_3=0ABF
carpet=$item_carpet1_4=0AC0
carpet=$item_carpet1_5=0AC1
carpet=$item_carpet1_6=0AC2
carpet=$item_carpet1_7=0AC3
carpet=$item_carpet1_8=0AC4
carpet=$item_carpet1_9=0AC5
carpet=$item_carpet1_10=0AF6
carpet=$item_carpet1_11=0AF7
carpet=$item_carpet1_12=0AF8
carpet=$item_carpet1_13=0AF9
}
red-gold
{
carpet=$item_carpet2_1=0AC6
carpet=$item_carpet2_2=0AC7
carpet=$item_carpet2_3=0AC8
carpet=$item_carpet2_4=0AC9
carpet=$item_carpet2_5=0ACA
carpet=$item_carpet2_6=0ACB
carpet=$item_carpet2_7=0ACC
carpet=$item_carpet2_8=0ACD
carpet=$item_carpet2_9=0ACE
carpet=$item_carpet2_10=0ACF
carpet=$item_carpet2_11=0AD0
}
darkblue-gold
{
carpet=$item_carpet3_1=0AD1
carpet=$item_carpet3_2=0AD2
carpet=$item_carpet3_3=0AD3
carpet=$item_carpet3_4=0AD4
carpet=$item_carpet3_5=0AD5
carpet=$item_carpet3_6=0AD6
carpet=$item_carpet3_7=0AD7
carpet=$item_carpet3_8=0AD8
carpet=$item_carpet3_9=0AD9
}
brown-gold
{
carpet=$item_carpet4_1=0ADA
carpet=$item_carpet4_2=0ADB
carpet=$item_carpet4_3=0ADC
carpet=$item_carpet4_4=0ADD
carpet=$item_carpet4_5=0ADE
carpet=$item_carpet4_6=0ADF
carpet=$item_carpet4_7=0AE0
carpet=$item_carpet4_8=0AE1
carpet=$item_carpet4_9=0AE2
}
Brown-Blue-Red
{
carpet=$item_carpet5_1=0AE3
carpet=$item_carpet5_2=0AE4
carpet=$item_carpet5_3=0AE5
carpet=$item_carpet5_4=0AE6
carpet=$item_carpet5_5=0AE7
carpet=$item_carpet5_6=0AE8
carpet=$item_carpet5_7=0AE9
carpet=$item_carpet5_8=0AEA
carpet=$item_carpet5_9=0AEB
carpet=$item_carpet6_1=0AEC
carpet=$item_carpet6_2=0AED
carpet=$item_carpet6_3=0AEE
carpet=$item_carpet6_4=0AEF
carpet=$item_carpet6_5=0AF0
carpet=$item_carpet6_6=0AF1
carpet=$item_carpet6_7=0AF2
carpet=$item_carpet6_8=0AF3
carpet=$item_carpet6_9=0AF4
carpet=$item_carpet6_10=0AF5
carpet=$item_carpet6_11=0AFA
}
}
Special
{
Brown bear
{
brown bear rug=$item_rug_brown_bear1_1=1e36
brown bear rug=$item_rug_brown_bear2_1=1e37
brown bear rug=$item_rug_brown_bear3_1=1e38
brown bear rug=$item_rug_brown_bear4_1=1e39
brown bear rug=$item_rug_brown_bear5_1=1e3a
brown bear rug=$item_rug_brown_bear6_1=1e3b
brown bear rug=$item_rug_brown_bear7_1=1e3c
brown bear rug=$item_rug_brown_bear8_1=1e3d
brown bear rug=$item_rug_brown_bear9_1=1e3e
brown bear rug=$item_rug_brown_bear1_2=1e40
brown bear rug=$item_rug_brown_bear2_2=1e41
brown bear rug=$item_rug_brown_bear3_2=1e42
brown bear rug=$item_rug_brown_bear4_2=1e43
brown bear rug=$item_rug_brown_bear5_2=1e44
brown bear rug=$item_rug_brown_bear6_2=1e45
brown bear rug=$item_rug_brown_bear7_2=1e46
brown bear rug=$item_rug_brown_bear8_2=1e47
brown bear rug=$item_rug_brown_bear9_2=1e48
}
Polar Bear
{
polar bear rug=$item_rug_polar_bear1_1=1e49
polar bear rug=$item_rug_polar_bear2_1=1e4a
polar bear rug=$item_rug_polar_bear3_1=1e4b
polar bear rug=$item_rug_polar_bear4_1=1e4c
polar bear rug=$item_rug_polar_bear5_1=1e4d
polar bear rug=$item_rug_polar_bear6_1=1e4e
polar bear rug=$item_rug_polar_bear7_1=1e4f
polar bear rug=$item_rug_polar_bear8_1=1e50
polar bear rug=$item_rug_polar_bear9_1=1e51
polar bear rug=$item_rug_polar_bear1_2=1e53
polar bear rug=$item_rug_polar_bear2_2=1e54
polar bear rug=$item_rug_polar_bear3_2=1e55
polar bear rug=$item_rug_polar_bear4_2=1e56
polar bear rug=$item_rug_polar_bear5_2=1e57
polar bear rug=$item_rug_polar_bear6_2=1e58
polar bear rug=$item_rug_polar_bear7_2=1e59
polar bear rug=$item_rug_polar_bear8_2=1e5a
polar bear rug=$item_rug_polar_bear9_2=1e5b
}
grass mat=$item_grass_mat1_1=11e2
grass mat=$item_grass_mat2_1=11e3
grass mat=$item_grass_mat1_2=11e4
grass mat=$item_grass_mat2_2=11e5
woven mat=$item_woven_mat1_1=11e6
woven mat=$item_woven_mat2_1=11e7
woven mat=$item_woven_mat1_2=11e8
woven mat=$item_woven_mat2_2=11e9
fur mat=$item_fur_mat1_1=11f4
fur mat=$item_fur_mat2_1=11f5
fur mat=$item_fur_mat3_1=11f6
fur mat=$item_fur_mat4_1=11f7
fur mat=$item_fur_mat1_2=11f8
fur mat=$item_fur_mat2_2=11f9
fur mat=$item_fur_mat3_2=11fa
fur mat=$item_fur_mat4_2=11fb
fur mat=$item_fur_mat5_1=1f73
fur mat=$item_fur_mat6_1=1f74
fur mat=$item_fur_mat5_2=1f75
fur mat=$item_fur_mat6_2=1f76
fur mat=$item_fur_mat7_1=1f77
fur mat=$item_fur_mat8_1=1f78
fur mat=$item_fur_mat7_2=1f79
fur mat=$item_fur_mat8_2=1f7a
}
