format=HH

non 0xmagic doors
{
Metall
{
metal door=0x06 0x75=0x0675
metal door=0x06 0x76=0x0676
metal door=0x06 0x77=0x0677
metal door=0x06 0x78=0x0678
metal door=0x06 0x79=0x0679
metal door=0x06 0x7a=0x067a
metal door=0x06 0x7b=0x067b
metal door=0x06 0x7c=0x067c
metal door=0x06 0x7d=0x067d
metal door=0x06 0x7e=0x067e
metal door=0x06 0x7f=0x067f
metal door=0x06 0x80=0x0680
metal door=0x06 0x81=0x0681
metal door=0x06 0x82=0x0682
metal door=0x06 0x83=0x0683
metal door=0x06 0x84=0x0684
metal door=0x06 0xc5=0x06c5
metal door=0x06 0xc6=0x06c6
metal door=0x06 0xc7=0x06c7
metal door=0x06 0xc8=0x06c8
metal door=0x06 0xc9=0x06c9
metal door=0x06 0xca=0x06ca
metal door=0x06 0xcb=0x06cb
metal door=0x06 0xcc=0x06cc
metal door=0x06 0xcd=0x06cd
metal door=0x06 0xce=0x06ce
metal door=0x06 0xcf=0x06cf
metal door=0x06 0xd0=0x06d0
metal door=0x06 0xd1=0x06d1
metal door=0x06 0xd2=0x06d2
metal door=0x06 0xd3=0x06d3
metal door=0x06 0xd4=0x06d4
}
Barred metall
{
barred metal door=0x06 0x85=0x0685
barred metal door=0x06 0x86=0x0686
barred metal door=0x06 0x87=0x0687
barred metal door=0x06 0x88=0x0688
barred metal door=0x06 0x89=0x0689
barred metal door=0x06 0x8a=0x068a
barred metal door=0x06 0x8b=0x068b
barred metal door=0x06 0x8c=0x068c
barred metal door=0x06 0x8d=0x068d
barred metal door=0x06 0x8e=0x068e
barred metal door=0x06 0x8f=0x068f
barred metal door=0x06 0x90=0x0690
barred metal door=0x06 0x91=0x0691
barred metal door=0x06 0x92=0x0692
barred metal door=0x06 0x93=0x0693
barred metal door=0x06 0x94=0x0694
barred metal door=0x1f 0xed=0x1fed
barred metal door=0x1f 0xee=0x1fee
barred metal door=0x1f 0xef=0x1fef
barred metal door=0x1f 0xf0=0x1ff0
barred metal door=0x1f 0xf1=0x1ff1
barred metal door=0x1f 0xf2=0x1ff2
barred metal door=0x1f 0xf3=0x1ff3
barred metal door=0x1f 0xf4=0x1ff4
barred metal door=0x1f 0xf5=0x1ff5
barred metal door=0x1f 0xf6=0x1ff6
barred metal door=0x1f 0xf7=0x1ff7
barred metal door=0x1f 0xf8=0x1ff8
barred metal door=0x1f 0xf9=0x1ff9
barred metal door=0x1f 0xfa=0x1ffa
barred metal door=0x1f 0xfb=0x1ffb
barred metal door=0x1f 0xfc=0x1ffc
}
Portcullis
{
portcullis=0x06 0xf5=0x06f5
portcullis=0x06 0xf6=0x06f6
}
Iron
{
iron gate=0x08 0x24=0x0824
iron gate=0x08 0x25=0x0825
iron gate=0x08 0x26=0x0826
iron gate=0x08 0x27=0x0827
iron gate=0x08 0x28=0x0828
iron gate=0x08 0x29=0x0829
iron gate=0x08 0x2a=0x082a
iron gate=0x08 0x2b=0x082b
iron gate=0x08 0x2c=0x082c
iron gate=0x08 0x2d=0x082d
iron gate=0x08 0x2e=0x082e
iron gate=0x08 0x2f=0x082f
iron gate=0x08 0x30=0x0830
iron gate=0x08 0x31=0x0831
iron gate=0x08 0x32=0x0832
iron gate=0x08 0x33=0x0833
iron gate=0x08 0x4c=0x084c
iron gate=0x08 0x4d=0x084d
iron gate=0x08 0x4e=0x084e
iron gate=0x08 0x4f=0x084f
iron gate=0x08 0x50=0x0850
iron gate=0x08 0x51=0x0851
iron gate=0x08 0x52=0x0852
iron gate=0x08 0x53=0x0853
iron gate=0x08 0x54=0x0854
iron gate=0x08 0x55=0x0855
iron gate=0x08 0x56=0x0856
iron gate=0x08 0x57=0x0857
iron gate=0x08 0x58=0x0858
iron gate=0x08 0x59=0x0859
iron gate=0x08 0x5a=0x085a
iron gate=0x08 0x5b=0x085b
}
Rattan
{
rattan door=0x06 0x95=0x0695
rattan door=0x06 0x96=0x0696
rattan door=0x06 0x97=0x0697
rattan door=0x06 0x98=0x0698
rattan door=0x06 0x99=0x0699
rattan door=0x06 0x9a=0x069a
rattan door=0x06 0x9b=0x069b
rattan door=0x06 0x9c=0x069c
rattan door=0x06 0x9d=0x069d
rattan door=0x06 0x9e=0x069e
rattan door=0x06 0x9f=0x069f
rattan door=0x06 0xa0=0x06a0
rattan door=0x06 0xa1=0x06a1
rattan door=0x06 0xa2=0x06a2
rattan door=0x06 0xa3=0x06a3
rattan door=0x06 0xa4=0x06a4
}
Wood
{
dark 0xwood
{
wooden door=0x06 0xa5=0x06a5
wooden door=0x06 0xa6=0x06a6
wooden door=0x06 0xa7=0x06a7
wooden door=0x06 0xa8=0x06a8
wooden door=0x06 0xa9=0x06a9
wooden door=0x06 0xaa=0x06aa
wooden door=0x06 0xab=0x06ab
wooden door=0x06 0xac=0x06ac
wooden door=0x06 0xad=0x06ad
wooden door=0x06 0xae=0x06ae
wooden door=0x06 0xaf=0x06af
wooden door=0x06 0xb0=0x06b0
wooden door=0x06 0xb1=0x06b1
wooden door=0x06 0xb2=0x06b2
wooden door=0x06 0xb3=0x06b3
wooden door=0x06 0xb4=0x06b4
wooden door=0x06 0xb5=0x06b5
wooden door=0x06 0xb6=0x06b6
wooden door=0x06 0xb7=0x06b7
wooden door=0x06 0xb8=0x06b8
wooden door=0x06 0xb9=0x06b9
wooden door=0x06 0xba=0x06ba
wooden door=0x06 0xbb=0x06bb
wooden door=0x06 0xbc=0x06bc
wooden door=0x06 0xbd=0x06bd
wooden door=0x06 0xbe=0x06be
wooden door=0x06 0xbf=0x06bf
wooden door=0x06 0xc0=0x06c0
wooden door=0x06 0xc1=0x06c1
wooden door=0x06 0xc2=0x06c2
wooden door=0x06 0xc3=0x06c3
wooden door=0x06 0xc4=0x06c4
}
dark 0xwood 0xwith metall
{
wooden door=0x06 0xe5=0x06e5
wooden door=0x06 0xe6=0x06e6
wooden door=0x06 0xe7=0x06e7
wooden door=0x06 0xe8=0x06e8
wooden door=0x06 0xe9=0x06e9
wooden door=0x06 0xea=0x06ea
wooden door=0x06 0xeb=0x06eb
wooden door=0x06 0xec=0x06ec
wooden door=0x06 0xed=0x06ed
wooden door=0x06 0xee=0x06ee
wooden door=0x06 0xef=0x06ef
wooden door=0x06 0xf0=0x06f0
wooden door=0x06 0xf1=0x06f1
wooden door=0x06 0xf2=0x06f2
wooden door=0x06 0xf3=0x06f3
wooden door=0x06 0xf4=0x06f4
}
light 0xwood
{
wooden door=0x06 0xd5=0x06d5
wooden door=0x06 0xd6=0x06d6
wooden door=0x06 0xd7=0x06d7
wooden door=0x06 0xd8=0x06d8
wooden door=0x06 0xd9=0x06d9
wooden door=0x06 0xda=0x06da
wooden door=0x06 0xdb=0x06db
wooden door=0x06 0xdc=0x06dc
wooden door=0x06 0xdd=0x06dd
wooden door=0x06 0xde=0x06de
wooden door=0x06 0xdf=0x06df
wooden door=0x06 0xe0=0x06e0
wooden door=0x06 0xe1=0x06e1
wooden door=0x06 0xe2=0x06e2
wooden door=0x06 0xe3=0x06e3
wooden door=0x06 0xe4=0x06e4
}
light 0xwood, 0xfence gate
{
wooden gate=0x08 0x39=0x0839
wooden gate=0x08 0x3a=0x083a
wooden gate=0x08 0x3b=0x083b
wooden gate=0x08 0x3c=0x083c
wooden gate=0x08 0x3d=0x083d
wooden gate=0x08 0x3e=0x083e
wooden gate=0x08 0x3f=0x083f
wooden gate=0x08 0x40=0x0840
wooden gate=0x08 0x41=0x0841
wooden gate=0x08 0x42=0x0842
wooden gate=0x08 0x43=0x0843
wooden gate=0x08 0x44=0x0844
wooden gate=0x08 0x45=0x0845
wooden gate=0x08 0x46=0x0846
wooden gate=0x08 0x47=0x0847
wooden gate=0x08 0x48=0x0848
}
dark 0xwood 0xfence gate
{
wooden gate=0x08 0x66=0x0866
wooden gate=0x08 0x67=0x0867
wooden gate=0x08 0x68=0x0868
wooden gate=0x08 0x69=0x0869
wooden gate=0x08 0x6a=0x086a
wooden gate=0x08 0x6b=0x086b
wooden gate=0x08 0x6c=0x086c
wooden gate=0x08 0x6d=0x086d
wooden gate=0x08 0x6e=0x086e
wooden gate=0x08 0x6f=0x086f
wooden gate=0x08 0x70=0x0870
wooden gate=0x08 0x71=0x0871
wooden gate=0x08 0x72=0x0872
wooden gate=0x08 0x73=0x0873
wooden gate=0x08 0x74=0x0874
wooden gate=0x08 0x75=0x0875
}
Bar door
{
bar door=0x19 0x0e=0x190e
bar door=0x19 0x0f=0x190f
}
}
Curtains
{
curtains=0x09 0x80=0x0980
curtains=0x09 0x81=0x0981
curtains=0x09 0x82=0x0982
curtains=0x09 0x83=0x0983
curtains=0x09 0x84=0x0984
curtains=0x09 0x85=0x0985
curtains=0x09 0x86=0x0986
curtains=0x09 0x87=0x0987
curtains=0x09 0x88=0x0988
curtains=0x09 0x89=0x0989
curtains=0x09 0x8a=0x098a
curtains=0x09 0x8b=0x098b
curtain=0x12 0xda=0x12da
curtain=0x12 0xdb=0x12db
curtain=0x12 0xdc=0x12dc
curtain=0x12 0xdd=0x12dd
curtain=0x12 0xde=0x12de
curtain=0x12 0xdf=0x12df
curtain=0x12 0xe0=0x12e0
curtain=0x12 0xe1=0x12e1
curtain sash=0x12 0xe2=0x12e2
curtain sash=0x12 0xe3=0x12e3
curtain sash=0x12 0xe4=0x12e4
curtain=0x12 0xe5=0x12e5
curtain=0x12 0xe6=0x12e6
curtain=0x12 0xe7=0x12e7
curtain=0x12 0xe8=0x12e8
curtain=0x12 0xe9=0x12e9
curtain=0x12 0xea=0x12ea
curtain=0x12 0xeb=0x12eb
curtain=0x12 0xec=0x12ec
curtain sash=0x12 0xed=0x12ed
curtains=0x15 0x4e=0x154e
curtains=0x15 0x4f=0x154f
curtain=0x15 0x57=0x1557
curtain=0x15 0x9e=0x159e
curtain=0x15 0x9f=0x159f
curtain=0x15 0xf6=0x15f6
curtain=0x15 0xf7=0x15f7
curtain=0x16 0x0d=0x160d
curtain=0x16 0x0e=0x160e
}
}
Magical doors
{
Magic 0xHead door
{
magical door=0x1e 0xd9=0x1ed9
magical door=0x1e 0xda=0x1eda
magical door=0x1e 0xdb=0x1edb
magical door=0x1e 0xdc=0x1edc
magical door=0x1e 0xdd=0x1edd
magical door=0x1e 0xde=0x1ede
magical door=0x1e 0xdf=0x1edf
magical door=0x1e 0xe0=0x1ee0
magical door=0x1e 0xe1=0x1ee1
magical door=0x1e 0xe2=0x1ee2
magical door=0x1e 0xe3=0x1ee3
magical door=0x1e 0xe4=0x1ee4
magical door=0x1e 0xe5=0x1ee5
magical door=0x1e 0xe6=0x1ee6
magical door=0x1e 0xe7=0x1ee7
magical door=0x1e 0xe8=0x1ee8
magical door=0x1e 0xe9=0x1ee9
magical door=0x1e 0xea=0x1eea
magical door=0x1e 0xeb=0x1eeb
magical door=0x1e 0xec=0x1eec
magical door=0x1e 0xed=0x1eed
magical door=0x1e 0xee=0x1eee
magical door=0x1e 0xef=0x1eef
magical door=0x1e 0xf0=0x1ef0
magical door=0x1e 0xf1=0x1ef1
magical door=0x1e 0xf2=0x1ef2
magical door=0x1e 0xf3=0x1ef3
magical door=0x1e 0xf4=0x1ef4
magical door=0x1e 0xf5=0x1ef5
magical door=0x1e 0xf6=0x1ef6
magical door=0x1e 0xf7=0x1ef7
magical door=0x1e 0xf8=0x1ef8
magical door=0x1e 0xf9=0x1ef9
magical door=0x1e 0xfa=0x1efa
magical door=0x1e 0xfb=0x1efb
magical door=0x1e 0xfc=0x1efc
}
Red moongate
{
summon moongate=0x1a 0xe5=0x1ae5
summon moongate=0x1a 0xe6=0x1ae6
summon moongate=0x1a 0xe7=0x1ae7
summon moongate=0x1a 0xe8=0x1ae8
summon moongate=0x1a 0xe9=0x1ae9
summon moongate=0x1a 0xea=0x1aea
summon moongate=0x1a 0xeb=0x1aeb
summon moongate=0x1a 0xec=0x1aec
summon moongate=0x1a 0xed=0x1aed
red moongate=0x0d 0xda=0x0dda
red moongate=0x0d 0xdb=0x0ddb
red moongate=0x0d 0xdc=0x0ddc
red moongate=0x0d 0xdd=0x0ddd
red moongate=0x0d 0xde=0x0dde
}
Blue moongate
{
summon moongate=0x1a 0xf3=0x1af3
summon moongate=0x1a 0xf4=0x1af4
summon moongate=0x1a 0xf5=0x1af5
summon moongate=0x1a 0xf6=0x1af6
summon moongate=0x1a 0xf7=0x1af7
summon moongate=0x1a 0xf8=0x1af8
summon moongate=0x1a 0xf9=0x1af9
summon moongate=0x1a 0xfa=0x1afa
summon moongate=0x1a 0xfb=0x1afb
blue moongate=0x0f 0x6c=0x0f6c
blue moongate=0x0f 0x6d=0x0f6d
blue moongate=0x0f 0x6e=0x0f6e
blue moongate=0x0f 0x6f=0x0f6f
blue moongate=0x0f 0x70=0x0f70
}
Black moongate
{
summon moongate=0x1f 0xcb=0x1fcb
summon moongate=0x1f 0xcc=0x1fcc
summon moongate=0x1f 0xcd=0x1fcd
summon moongate=0x1f 0xce=0x1fce
summon moongate=0x1f 0xcf=0x1fcf
summon moongate=0x1f 0xd0=0x1fd0
summon moongate=0x1f 0xd1=0x1fd1
summon moongate=0x1f 0xd2=0x1fd2
summon moongate=0x1f 0xd3=0x1fd3
moongate=0x1f 0xd4=0x1fd4
moongate=0x1f 0xd5=0x1fd5
moongate=0x1f 0xd6=0x1fd6
moongate=0x1f 0xd7=0x1fd7
moongate=0x1f 0xd8=0x1fd8
}
White moongate
{
summon moongate=0x1f 0xde=0x1fde
summon moongate=0x1f 0xdf=0x1fdf
summon moongate=0x1f 0xe0=0x1fe0
summon moongate=0x1f 0xe1=0x1fe1
summon moongate=0x1f 0xe2=0x1fe2
summon moongate=0x1f 0xe3=0x1fe3
summon moongate=0x1f 0xe4=0x1fe4
summon moongate=0x1f 0xe5=0x1fe5
summon moongate=0x1f 0xe6=0x1fe6
moongate=0x1f 0xe7=0x1fe7
moongate=0x1f 0xe8=0x1fe8
moongate=0x1f 0xe9=0x1fe9
moongate=0x1f 0xea=0x1fea
moongate=0x1f 0xeb=0x1feb
}
}