format=HH

Body 0xParts
{
Bones
{
bones=0x0e 0xca=0x0eca
bones=0x0e 0xcb=0x0ecb
bones=0x0e 0xcc=0x0ecc
bones=0x0e 0xcd=0x0ecd
bones=0x0e 0xce=0x0ece
bones=0x0e 0xcf=0x0ecf
bones=0x0e 0xd0=0x0ed0
bones=0x0e 0xd1=0x0ed1
bones=0x0e 0xd2=0x0ed2
skeleton=0x1a 0x01=0x1a01
skeleton=0x1a 0x02=0x1a02
skeleton=0x1a 0x03=0x1a03
skeleton=0x1a 0x04=0x1a04
skeleton=0x1a 0x05=0x1a05
skeleton=0x1a 0x06=0x1a06
skeleton=0x1a 0x09=0x1a09
skeleton=0x1a 0x0a=0x1a0a
skeleton=0x1a 0x0b=0x1a0b
skeleton=0x1a 0x0c=0x1a0c
skeleton=0x1a 0x0d=0x1a0d
skeleton=0x1a 0x0e=0x1a0e
pile of skulls=0x1a 0xd8=0x1ad8
pile of skulls=0x1a 0xd9=0x1ad9
pile of skulls=0x1a 0xda=0x1ada
pile of skulls=0x1a 0xdb=0x1adb
pile of skulls=0x1a 0xdc=0x1adc
pile of skulls=0x1a 0xdd=0x1add
pile of skulls=0x1a 0xde=0x1ade
pile of skulls=0x1a 0xdf=0x1adf
skull=0x1a 0xe0=0x1ae0
skull=0x1a 0xe1=0x1ae1
skull=0x1a 0xe2=0x1ae2
skull=0x1a 0xe3=0x1ae3
skull=0x1a 0xe4=0x1ae4
bone pile=0x1b 0x09=0x1b09
bone pile=0x1b 0x0a=0x1b0a
bone pile=0x1b 0x0b=0x1b0b
bone pile=0x1b 0x0c=0x1b0c
bone pile=0x1b 0x0d=0x1b0d
bone pile=0x1b 0x0e=0x1b0e
bone pile=0x1b 0x0f=0x1b0f
bone pile=0x1b 0x10=0x1b10
bone=0x1b 0x11=0x1b11
bone=0x1b 0x12=0x1b12
jaw bone=0x1b 0x13=0x1b13
jaw bone=0x1b 0x14=0x1b14
pelvis bone=0x1b 0x15=0x1b15
pelvis bone=0x1b 0x16=0x1b16
rib cage=0x1b 0x17=0x1b17
rib cage=0x1b 0x18=0x1b18
bone shards=0x1b 0x19=0x1b19
bone shards=0x1b 0x1a=0x1b1a
spine=0x1b 0x1b=0x1b1b
spine=0x1b 0x1c=0x1b1c
skeleton with 0xmeat=0x1b 0x1d=0x1b1d
skeleton with 0xmeat=0x1b 0x1e=0x1b1e
skeleton=0x1b 0x7c=0x1b7c
skeleton=0x1b 0x7d=0x1b7d
skeleton=0x1b 0x7f=0x1b7f
skeleton=0x1b 0x80=0x1b80
skeleton=0x1d 0x8e=0x1d8e
skeleton=0x1d 0x8f=0x1d8f
skeleton=0x1d 0x90=0x1d90
skeleton=0x1d 0x91=0x1d91
}
Blood
{
blood=0x12 0x2a=0x122a
blood=0x12 0x2b=0x122b
blood=0x12 0x2c=0x122c
blood=0x12 0x2d=0x122d
blood=0x12 0x2e=0x122e
blood smear=0x12 0x2f=0x122f
blood=0x16 0x45=0x1645
blood=0x1c 0xc7=0x1cc7
blood=0x1c 0xc8=0x1cc8
blood=0x1c 0xc9=0x1cc9
blood=0x1c 0xca=0x1cca
blood=0x1c 0xcb=0x1ccb
blood=0x1c 0xcc=0x1ccc
blood=0x1c 0xcd=0x1ccd
blood=0x1c 0xce=0x1cce
blood=0x1c 0xcf=0x1ccf
blood=0x1c 0xd0=0x1cd0
blood=0x1c 0xd1=0x1cd1
blood=0x1c 0xd2=0x1cd2
blood=0x1c 0xd3=0x1cd3
blood=0x1c 0xd4=0x1cd4
blood=0x1c 0xd5=0x1cd5
blood=0x1c 0xd6=0x1cd6
blood=0x1c 0xd7=0x1cd7
blood=0x1c 0xd8=0x1cd8
blood=0x1c 0xd9=0x1cd9
blood=0x1c 0xda=0x1cda
blood=0x1c 0xdb=0x1cdb
blood=0x1c 0xdc=0x1cdc
blood=0x1c 0xf1=0x1cf1
blood=0x1c 0xf2=0x1cf2
blood=0x1c 0xf3=0x1cf3
blood=0x1c 0xf4=0x1cf4
blood=0x1c 0xf5=0x1cf5
blood=0x1c 0xf6=0x1cf6
blood=0x1c 0xf7=0x1cf7
blood=0x1c 0xf8=0x1cf8
blood=0x1c 0xf9=0x1cf9
blood=0x1c 0xfa=0x1cfa
blood=0x1c 0xfb=0x1cfb
blood=0x1c 0xfc=0x1cfc
blood=0x1c 0xfd=0x1cfd
blood=0x1c 0xfe=0x1cfe
blood=0x1c 0xff=0x1cff
blood=0x1d 0x00=0x1d00
blood=0x1d 0x01=0x1d01
blood=0x1d 0x02=0x1d02
blood=0x1d 0x03=0x1d03
blood=0x1d 0x04=0x1d04
blood=0x1d 0x05=0x1d05
blood=0x1d 0x06=0x1d06
blood=0x1d 0x07=0x1d07
blood=0x1d 0x08=0x1d08
blood=0x1d 0x09=0x1d09
blood=0x1d 0x0a=0x1d0a
blood=0x1d 0x0b=0x1d0b
blood=0x1d 0x0c=0x1d0c
blood=0x1d 0x0d=0x1d0d
blood=0x1d 0x0e=0x1d0e
blood=0x1d 0x0f=0x1d0f
blood=0x1d 0x10=0x1d10
blood=0x1d 0x11=0x1d11
blood=0x1d 0x12=0x1d12
blood=0x1d 0x92=0x1d92
blood=0x1d 0x93=0x1d93
blood=0x1d 0x94=0x1d94
blood=0x1d 0x95=0x1d95
blood=0x1d 0x96=0x1d96
}
Body 0xand 0xParts
{
head=0x1d 0xa0=0x1da0
left arm=0x1d 0xa1=0x1da1
right arm=0x1d 0xa2=0x1da2
left leg=0x1d 0xa3=0x1da3
right leg=0x1d 0xa4=0x1da4
body=0x1d 0xad=0x1dad
head=0x1d 0xae=0x1dae
right arm=0x1d 0xaf=0x1daf
left arm=0x1d 0xb0=0x1db0
right leg=0x1d 0xb1=0x1db1
left leg=0x1d 0xb2=0x1db2
arm=0x1c 0xdd=0x1cdd
body=0x1c 0xde=0x1cde
legs=0x1c 0xdf=0x1cdf
torso=0x1c 0xe0=0x1ce0
head=0x1c 0xe1=0x1ce1
leg=0x1c 0xe2=0x1ce2
body 0xpart=0x1c 0xe3=0x1ce3
legs=0x1c 0xe4=0x1ce4
arm=0x1c 0xe5=0x1ce5
body=0x1c 0xe6=0x1ce6
legs=0x1c 0xe7=0x1ce7
torso=0x1c 0xe8=0x1ce8
torso=0x1d 0x9f=0x1d9f
head=0x1c 0xe9=0x1ce9
body 0xpart=0x1c 0xea=0x1cea
legs=0x1c 0xeb=0x1ceb
leg=0x1c 0xec=0x1cec
heart=0x1c 0xed=0x1ced
liver=0x1c 0xee=0x1cee
entrails=0x1c 0xef=0x1cef
brain=0x1c 0xf0=0x1cf0
body=0x1d 0x8a=0x1d8a
body=0x1d 0x8b=0x1d8b
body=0x1d 0x8c=0x1d8c
body=0x1d 0x8d=0x1d8d
}
}
Graves
{
Wooden 0xCoffins
{
Body
{
body=0x1d 0x13=0x1d13
body=0x1d 0x14=0x1d14
body=0x1d 0x15=0x1d15
body=0x1d 0x16=0x1d16
body=0x1d 0x17=0x1d17
body=0x1d 0x18=0x1d18
body=0x1d 0x19=0x1d19
body=0x1d 0x1a=0x1d1a
body=0x1d 0x1b=0x1d1b
body=0x1d 0x1c=0x1d1c
body=0x1d 0x30=0x1d30
body=0x1d 0x31=0x1d31
body=0x1d 0x32=0x1d32
body=0x1d 0x33=0x1d33
body=0x1d 0x34=0x1d34
body=0x1d 0x35=0x1d35
body=0x1d 0x36=0x1d36
body=0x1d 0x37=0x1d37
body=0x1d 0x38=0x1d38
body=0x1d 0x39=0x1d39
}
Skeleton
{
skeleton=0x1d 0x4c=0x1d4c
skeleton=0x1d 0x4d=0x1d4d
skeleton=0x1d 0x4e=0x1d4e
skeleton=0x1d 0x4f=0x1d4f
skeleton=0x1d 0x50=0x1d50
skeleton=0x1d 0x51=0x1d51
skeleton=0x1d 0x52=0x1d52
skeleton=0x1d 0x53=0x1d53
skeleton=0x1d 0x54=0x1d54
skeleton=0x1d 0x55=0x1d55
skeleton=0x1d 0x56=0x1d56
skeleton=0x1d 0x57=0x1d57
skeleton=0x1d 0x58=0x1d58
skeleton=0x1d 0x6c=0x1d6c
skeleton=0x1d 0x6d=0x1d6d
skeleton=0x1d 0x6e=0x1d6e
skeleton=0x1d 0x6f=0x1d6f
skeleton=0x1d 0x70=0x1d70
skeleton=0x1d 0x71=0x1d71
skeleton=0x1d 0x72=0x1d72
skeleton=0x1d 0x73=0x1d73
skeleton=0x1d 0x74=0x1d74
skeleton=0x1d 0x75=0x1d75
skeleton=0x1d 0x76=0x1d76
}
Empty 0xCoffin/Casket
{
casket=0x1c 0x22=0x1c22
casket=0x1c 0x23=0x1c23
casket=0x1c 0x24=0x1c24
casket=0x1c 0x25=0x1c25
casket=0x1c 0x26=0x1c26
casket=0x1c 0x27=0x1c27
casket=0x1c 0x28=0x1c28
casket=0x1c 0x29=0x1c29
casket=0x1c 0x2a=0x1c2a
casket=0x1c 0x2b=0x1c2b
casket=0x1c 0x2c=0x1c2c
casket=0x1c 0x2d=0x1c2d
casket=0x1c 0x2e=0x1c2e
casket=0x1c 0x2f=0x1c2f
casket=0x1c 0x30=0x1c30
casket=0x1c 0x31=0x1c31
casket=0x1c 0x32=0x1c32
casket=0x1c 0x33=0x1c33
casket=0x1c 0x34=0x1c34
casket=0x1c 0x35=0x1c35
casket=0x1c 0x36=0x1c36
casket=0x1c 0x37=0x1c37
casket=0x1c 0x38=0x1c38
casket=0x1c 0x39=0x1c39
casket=0x1c 0x3a=0x1c3a
casket=0x1c 0x3b=0x1c3b
coffin=0x1c 0x3c=0x1c3c
coffin=0x1c 0x3d=0x1c3d
coffin=0x1c 0x3e=0x1c3e
coffin=0x1c 0x3f=0x1c3f
coffin=0x1c 0x40=0x1c40
coffin=0x1c 0x41=0x1c41
coffin=0x1c 0x42=0x1c42
coffin=0x1c 0x43=0x1c43
coffin=0x1c 0x44=0x1c44
coffin=0x1c 0x45=0x1c45
coffin=0x1c 0x46=0x1c46
coffin=0x1c 0x47=0x1c47
coffin=0x1c 0x48=0x1c48
coffin=0x1c 0x49=0x1c49
coffin=0x1c 0x4a=0x1c4a
coffin=0x1c 0x4b=0x1c4b
coffin=0x1c 0x4c=0x1c4c
coffin=0x1c 0x4d=0x1c4d
coffin=0x1c 0x4e=0x1c4e
coffin=0x1c 0x4f=0x1c4f
coffin=0x1c 0x50=0x1c50
coffin=0x1c 0x51=0x1c51
coffin=0x1c 0x52=0x1c52
coffin=0x1c 0x53=0x1c53
coffin=0x1c 0x54=0x1c54
coffin=0x1c 0x55=0x1c55
coffin=0x1c 0x56=0x1c56
coffin=0x1c 0x57=0x1c57
coffin lid=0x1c 0x58=0x1c58
coffin lid=0x1c 0x59=0x1c59
coffin lid=0x1c 0x5a=0x1c5a
coffin lid=0x1c 0x5b=0x1c5b
coffin lid=0x1c 0x5c=0x1c5c
coffin lid=0x1c 0x5d=0x1c5d
coffin lid=0x1c 0x5e=0x1c5e
coffin lid=0x1c 0x5f=0x1c5f
}
}
Stone 0xCoffin
{
Body
{
body=0x1d 0x1d=0x1d1d
body=0x1d 0x1e=0x1d1e
body=0x1d 0x1f=0x1d1f
body=0x1d 0x20=0x1d20
body=0x1d 0x21=0x1d21
body=0x1d 0x22=0x1d22
body=0x1d 0x23=0x1d23
body=0x1d 0x24=0x1d24
body=0x1d 0x25=0x1d25
body=0x1d 0x26=0x1d26
body=0x1d 0x27=0x1d27
body=0x1d 0x28=0x1d28
body=0x1d 0x29=0x1d29
body=0x1d 0x2a=0x1d2a
body=0x1d 0x2b=0x1d2b
body=0x1d 0x2c=0x1d2c
body=0x1d 0x2d=0x1d2d
body=0x1d 0x2e=0x1d2e
body=0x1d 0x2f=0x1d2f
body=0x1d 0x3a=0x1d3a
body=0x1d 0x3b=0x1d3b
body=0x1d 0x3c=0x1d3c
body=0x1d 0x3d=0x1d3d
body=0x1d 0x3e=0x1d3e
body=0x1d 0x3f=0x1d3f
body=0x1d 0x40=0x1d40
body=0x1d 0x41=0x1d41
body=0x1d 0x42=0x1d42
body=0x1d 0x43=0x1d43
body=0x1d 0x44=0x1d44
body=0x1d 0x45=0x1d45
body=0x1d 0x46=0x1d46
body=0x1d 0x47=0x1d47
body=0x1d 0x48=0x1d48
body=0x1d 0x49=0x1d49
body=0x1d 0x4a=0x1d4a
body=0x1d 0x4b=0x1d4b
}
Skeleton
{
skeleton=0x1d 0x59=0x1d59
skeleton=0x1d 0x5a=0x1d5a
skeleton=0x1d 0x5b=0x1d5b
skeleton=0x1d 0x5c=0x1d5c
skeleton=0x1d 0x5d=0x1d5d
skeleton=0x1d 0x5e=0x1d5e
skeleton=0x1d 0x5f=0x1d5f
skeleton=0x1d 0x60=0x1d60
skeleton=0x1d 0x61=0x1d61
skeleton=0x1d 0x62=0x1d62
skeleton=0x1d 0x63=0x1d63
skeleton=0x1d 0x64=0x1d64
skeleton=0x1d 0x65=0x1d65
skeleton=0x1d 0x66=0x1d66
skeleton=0x1d 0x67=0x1d67
skeleton=0x1d 0x68=0x1d68
skeleton=0x1d 0x69=0x1d69
skeleton=0x1d 0x6a=0x1d6a
skeleton=0x1d 0x6b=0x1d6b
skeleton=0x1d 0x77=0x1d77
skeleton=0x1d 0x78=0x1d78
skeleton=0x1d 0x79=0x1d79
skeleton=0x1d 0x7a=0x1d7a
skeleton=0x1d 0x7b=0x1d7b
skeleton=0x1d 0x7c=0x1d7c
skeleton=0x1d 0x7d=0x1d7d
skeleton=0x1d 0x7e=0x1d7e
skeleton=0x1d 0x7f=0x1d7f
skeleton=0x1d 0x80=0x1d80
skeleton=0x1d 0x81=0x1d81
skeleton=0x1d 0x82=0x1d82
skeleton=0x1d 0x83=0x1d83
skeleton=0x1d 0x84=0x1d84
skeleton=0x1d 0x85=0x1d85
skeleton=0x1d 0x86=0x1d86
skeleton=0x1d 0x87=0x1d87
skeleton=0x1d 0x88=0x1d88
skeleton=0x1d 0x89=0x1d89
}
Empty 0xSarcophagus
{
sarcophagus=0x1c 0x60=0x1c60
sarcophagus=0x1c 0x61=0x1c61
sarcophagus=0x1c 0x62=0x1c62
sarcophagus=0x1c 0x63=0x1c63
sarcophagus=0x1c 0x64=0x1c64
sarcophagus=0x1c 0x65=0x1c65
sarcophagus lid=0x1c 0x66=0x1c66
sarcophagus lid=0x1c 0x67=0x1c67
sarcophagus lid=0x1c 0x68=0x1c68
sarcophagus=0x1c 0x69=0x1c69
sarcophagus=0x1c 0x6a=0x1c6a
sarcophagus=0x1c 0x6b=0x1c6b
sarcophagus=0x1c 0x6c=0x1c6c
sarcophagus=0x1c 0x6d=0x1c6d
sarcophagus=0x1c 0x6e=0x1c6e
sarcophagus=0x1c 0x6f=0x1c6f
sarcophagus=0x1c 0x70=0x1c70
sarcophagus=0x1c 0x71=0x1c71
sarcophagus=0x1c 0x72=0x1c72
sarcophagus=0x1c 0x73=0x1c73
sarcophagus=0x1c 0x74=0x1c74
sarcophagus=0x1c 0x75=0x1c75
sarcophagus=0x1c 0x76=0x1c76
sarcophagus=0x1c 0x77=0x1c77
sarcophagus=0x1c 0x78=0x1c78
sarcophagus=0x1c 0x79=0x1c79
sarcophagus=0x1c 0x7a=0x1c7a
sarcophagus 0x=0x1c 0x7b=0x1c7b
sarcophagus=0x1c 0x7c=0x1c7c
sarcophagus lid=0x1c 0x7d=0x1c7d
sarcophagus lid=0x1c 0x7e=0x1c7e
sarcophagus lid=0x1c 0x7f=0x1c7f
sarcophagus=0x1c 0x80=0x1c80
sarcophagus=0x1c 0x81=0x1c81
sarcophagus=0x1c 0x82=0x1c82
sarcophagus=0x1c 0x83=0x1c83
sarcophagus=0x1c 0x84=0x1c84
sarcophagus=0x1c 0x85=0x1c85
sarcophagus=0x1c 0x86=0x1c86
sarcophagus=0x1c 0x87=0x1c87
sarcophagus=0x1c 0x88=0x1c88
sarcophagus=0x1c 0x89=0x1c89
sarcophagus=0x1c 0x8a=0x1c8a
sarcophagus=0x1c 0x8b=0x1c8b
sarcophagus=0x1c 0x8c=0x1c8c
sarcophagus=0x1c 0x8d=0x1c8d
sarcophagus=0x1c 0x8e=0x1c8e
sarcophagus=0x1c 0x8f=0x1c8f
sarcophagus=0x1c 0x90=0x1c90
sarcophagus=0x1c 0x91=0x1c91
sarcophagus=0x1c 0x92=0x1c92
sarcophagus=0x1c 0x93=0x1c93
sarcophagus=0x1c 0x94=0x1c94
sarcophagus=0x1c 0x95=0x1c95
sarcophagus lid=0x1c 0x96=0x1c96
sarcophagus lid=0x1c 0x97=0x1c97
sarcophagus lid=0x1c 0x98=0x1c98
sarcophagus=0x1c 0x99=0x1c99
sarcophagus=0x1c 0x9a=0x1c9a
sarcophagus=0x1c 0x9b=0x1c9b
sarcophagus=0x1c 0x9c=0x1c9c
sarcophagus=0x1c 0x9d=0x1c9d
sarcophagus=0x1c 0x9e=0x1c9e
sarcophagus=0x1c 0x9f=0x1c9f
sarcophagus=0x1c 0xa0=0x1ca0
sarcophagus=0x1c 0xa1=0x1ca1
sarcophagus=0x1c 0xa2=0x1ca2
sarcophagus=0x1c 0xa3=0x1ca3
sarcophagus=0x1c 0xa4=0x1ca4
sarcophagus=0x1c 0xa5=0x1ca5
sarcophagus=0x1c 0xa6=0x1ca6
sarcophagus=0x1c 0xa7=0x1ca7
sarcophagus=0x1c 0xa8=0x1ca8
sarcophagus=0x1c 0xa9=0x1ca9
sarcophagus=0x1c 0xaa=0x1caa
sarcophagus=0x1c 0xab=0x1cab
sarcophagus=0x1c 0xac=0x1cac
sarcophagus lid=0x1c 0xad=0x1cad
sarcophagus lid=0x1c 0xae=0x1cae
sarcophagus lid=0x1c 0xaf=0x1caf
sarcophagus=0x1c 0xb0=0x1cb0
sarcophagus=0x1c 0xb1=0x1cb1
sarcophagus=0x1c 0xb2=0x1cb2
sarcophagus=0x1c 0xb3=0x1cb3
sarcophagus=0x1c 0xb4=0x1cb4
sarcophagus=0x1c 0xb5=0x1cb5
sarcophagus=0x1c 0xb6=0x1cb6
sarcophagus=0x1c 0xb7=0x1cb7
sarcophagus=0x1c 0xb8=0x1cb8
sarcophagus=0x1c 0xb9=0x1cb9
sarcophagus=0x1c 0xba=0x1cba
sarcophagus=0x1c 0xbb=0x1cbb
sarcophagus=0x1c 0xbc=0x1cbc
sarcophagus=0x1c 0xbd=0x1cbd
sarcophagus=0x1c 0xbe=0x1cbe
sarcophagus=0x1c 0xbf=0x1cbf
}
Over 0xGround
{
grave=0x0e 0xdf=0x0edf
grave=0x0e 0xe0=0x0ee0
grave=0x0e 0xe1=0x0ee1
grave=0x0e 0xe2=0x0ee2
grave=0x0e 0xe8=0x0ee8
grave=0x0e 0xd3=0x0ed3
gravestone=0x0e 0xd4=0x0ed4
gravestone=0x0e 0xd5=0x0ed5
gravestone=0x0e 0xd6=0x0ed6
gravestone=0x0e 0xd7=0x0ed7
gravestone=0x0e 0xd8=0x0ed8
gravestone=0x0e 0xd9=0x0ed9
gravestone=0x0e 0xda=0x0eda
gravestone=0x0e 0xdb=0x0edb
gravestone=0x0e 0xdc=0x0edc
gravestone=0x0e 0xdd=0x0edd
gravestone=0x0e 0xde=0x0ede
gravestone=0x11 0x65=0x1165
gravestone=0x11 0x66=0x1166
gravestone=0x11 0x67=0x1167
gravestone=0x11 0x68=0x1168
gravestone=0x11 0x69=0x1169
gravestone=0x11 0x6a=0x116a
gravestone=0x11 0x6b=0x116b
gravestone=0x11 0x6c=0x116c
gravestone=0x11 0x6d=0x116d
gravestone=0x11 0x6e=0x116e
gravestone=0x11 0x6f=0x116f
gravestone=0x11 0x70=0x1170
gravestone=0x11 0x71=0x1171
gravestone=0x11 0x72=0x1172
gravestone=0x11 0x73=0x1173
gravestone=0x11 0x74=0x1174
gravestone=0x11 0x75=0x1175
gravestone=0x11 0x76=0x1176
gravestone=0x11 0x77=0x1177
gravestone=0x11 0x78=0x1178
gravestone=0x11 0x79=0x1179
gravestone=0x11 0x7a=0x117a
gravestone=0x11 0x7b=0x117b
gravestone=0x11 0x7c=0x117c
gravestone=0x11 0x7d=0x117d
gravestone=0x11 0x7e=0x117e
gravestone=0x11 0x7f=0x117f
gravestone=0x11 0x80=0x1180
gravestone=0x11 0x81=0x1181
gravestone=0x11 0x82=0x1182
gravestone=0x11 0x83=0x1183
gravestone=0x11 0x84=0x1184
memorial to 0xGwenno=0x11 0x85=0x1185
memorial to 0xGwenno=0x11 0x86=0x1186
memorial to 0xGwenno=0x11 0x87=0x1187
memorial to 0xGwenno=0x11 0x88=0x1188
memorial to 0xGwenno=0x11 0x89=0x1189
}
}
}
Torture/Dead
{
Guillotine
{
Guillotine=0x12 0x30=0x1230
guillotine=0x12 0x45=0x1245
guillotine=0x12 0x46=0x1246
guillotine=0x12 0x47=0x1247
guillotine=0x12 0x5e=0x125e
guillotine=0x12 0x5f=0x125f
guillotine=0x12 0x60=0x1260
guillotine=0x12 0x61=0x1261
guillotine=0x12 0x68=0x1268
guillotine=0x12 0x69=0x1269
}
Iron maiden
{
iron maiden=0x12 0x49=0x1249
iron maiden=0x12 0x4a=0x124a
iron maiden=0x12 0x4b=0x124b
iron maiden=0x12 0x4c=0x124c
iron maiden=0x12 0x4d=0x124d
}
Rack
{
rack=0x12 0x4e=0x124e
rack=0x12 0x4f=0x124f
rack=0x12 0x50=0x1250
rack=0x12 0x51=0x1251
rack=0x12 0x52=0x1252
rack=0x12 0x53=0x1253
rack=0x12 0x54=0x1254
rack=0x12 0x55=0x1255
rack=0x12 0x56=0x1256
rack=0x12 0x57=0x1257
rack=0x12 0x58=0x1258
rack=0x12 0x59=0x1259
rack=0x12 0x5a=0x125a
rack=0x12 0x5b=0x125b
rack=0x12 0x5c=0x125c
rack=0x12 0x5d=0x125d
}
Chains
{
chains=0x1a 0x07=0x1a07
chains=0x1a 0x08=0x1a08
shackles=0x12 0x62=0x1262
shackles=0x12 0x63=0x1263
shackles=0x16 0x40=0x1640
shackle=0x16 0x6d=0x166d
}
Block
{
block=0x12 0x6b=0x126b
block=0x12 0x6c=0x126c
block=0x12 0x6d=0x126d
block=0x12 0x6e=0x126e
block=0x12 0x6f=0x126f
block=0x12 0x70=0x1270
block=0x12 0x71=0x1271
block=0x12 0x72=0x1272
block=0x12 0x73=0x1273
block=0x12 0x74=0x1274
block=0x12 0x75=0x1275
block=0x12 0x76=0x1276
block=0x12 0x77=0x1277
block=0x12 0x78=0x1278
block=0x12 0x79=0x1279
block=0x12 0x7a=0x127a
block=0x12 0x7b=0x127b
block=0x12 0x7c=0x127c
}
Pillory
{
pillory=0x12 0x7e=0x127e
pillory=0x12 0x7f=0x127f
pillory=0x12 0x80=0x1280
pillory=0x12 0x81=0x1281
pillory=0x12 0x82=0x1282
pillory=0x12 0x83=0x1283
pillory=0x12 0x84=0x1284
pillory=0x12 0x85=0x1285
pillory=0x12 0x86=0x1286
pillory=0x12 0x87=0x1287
pillory=0x12 0x88=0x1288
pillory=0x12 0x89=0x1289
pillory=0x12 0x8a=0x128a
pillory=0x12 0x8b=0x128b
pillory=0x12 0x8c=0x128c
pillory=0x12 0x8d=0x128d
pillory=0x12 0x8e=0x128e
pillory=0x12 0x8f=0x128f
pillory=0x12 0x90=0x1290
pillory=0x12 0x91=0x1291
pillory=0x12 0x92=0x1292
pillory=0x12 0x93=0x1293
pillory=0x12 0x94=0x1294
pillory=0x12 0x95=0x1295
}
}

Weapons
{
Magic
{
wand=0x0d 0xf2=0x0df2
wand=0x0d 0xf3=0x0df3
wand=0x0d 0xf4=0x0df4
wand=0x0d 0xf5=0x0df5
black staff=0x0d 0xf0=0x0df0
black staff=0x0d 0xf1=0x0df1
fireball=0x0f 0x53=0x0f53
fireball=0x0f 0x54=0x0f54
fireball=0x0f 0x55=0x0f55
fireball=0x0f 0x56=0x0f56
fireball=0x0f 0x57=0x0f57
fireball=0x0f 0x58=0x0f58
fireball=0x0f 0x59=0x0f59
fireball=0x0f 0x5a=0x0f5a
fireball=0x0f 0x5b=0x0f5b
fire=0x19 0xab=0x19ab
fire=0x19 0xac=0x19ac
fire=0x19 0xad=0x19ad
fire=0x19 0xae=0x19ae
fire=0x19 0xaf=0x19af
fire=0x19 0xb0=0x19b0
fire=0x19 0xb1=0x19b1
fire=0x19 0xb2=0x19b2
fire=0x19 0xb3=0x19b3
fire=0x19 0xb4=0x19b4
fire=0x19 0xb5=0x19b5
fire=0x19 0xb6=0x19b6
oil flasks=0x1c 0x18=0x1c18
oil flask=0x1c 0x19=0x1c19
oil flask=0x1c 0x1a=0x1c1a
oil flask=0x1c 0x1b=0x1c1b
oil flask=0x1c 0x1c=0x1c1c
oil flask=0x1c 0x1d=0x1c1d
oil flask=0x1c 0x1e=0x1c1e
oil flask=0x1c 0x1f=0x1c1f
}
normal 0xWeapon
{
Staffs
{
quarter staff=0x0e 0x89=0x0e89
quarter staff=0x0e 0x8a=0x0e8a
gnarled staff=0x13 0xf8=0x13f8
gnarled staff=0x13 0xf9=0x13f9
}
Axe
{
executioner's axe=0x0f 0x45=0x0f45
executioner's axe=0x0f 0x46=0x0f46
battle axe=0x0f 0x47=0x0f47
battle axe=0x0f 0x48=0x0f48
axe=0x0f 0x49=0x0f49
axe=0x0f 0x4a=0x0f4a
double axe=0x0f 0x4b=0x0f4b
double axe=0x0f 0x4c=0x0f4c
bardiche=0x0f 0x4d=0x0f4d
bardiche=0x0f 0x4e=0x0f4e
war axe=0x13 0xaf=0x13af
war axe=0x13 0xb0=0x13b0
large battle axe=0x13 0xfa=0x13fa
large battle axe=0x13 0xfb=0x13fb
halberd=0x14 0x3e=0x143e
halberd=0x14 0x3f=0x143f
two handed axe=0x14 0x42=0x1442
two handed axe=0x14 0x43=0x1443
}
Distance 0xWeapons
{
crossbow=0x0f 0x4f=0x0f4f
crossbow=0x0f 0x50=0x0f50
heavy crossbow=0x13 0xfc=0x13fc
heavy crossbow=0x13 0xfd=0x13fd
bow=0x13 0xb1=0x13b1
bow=0x13 0xb2=0x13b2
}
Pierce 0xWeapon
{
dagger=0x0f 0x51=0x0f51
dagger=0x0f 0x52=0x0f52
spear=0x0f 0x62=0x0f62
spear=0x0f 0x63=0x0f63
short spear=0x14 0x02=0x1402
short spear=0x14 0x03=0x1403
kryss=0x14 0x00=0x1400
kryss=0x14 0x01=0x1401
war fork=0x14 0x04=0x1404
war fork=0x14 0x05=0x1405
}
Blunt 0xWeapon
{
mace=0x0f 0x5c=0x0f5c
mace=0x0f 0x5d=0x0f5d
war mace=0x14 0x06=0x1406
war mace=0x14 0x07=0x1407
war hammer=0x14 0x38=0x1438
war hammer=0x14 0x39=0x1439
maul=0x14 0x3a=0x143a
maul=0x14 0x3b=0x143b
hammer pick=0x14 0x3c=0x143c
hammer pick=0x14 0x3d=0x143d
club=0x13 0xb3=0x13b3
club=0x13 0xb4=0x13b4
}
Blade 0xweapon
{
broadsword=0x0f 0x5e=0x0f5e
broadsword=0x0f 0x5f=0x0f5f
longsword=0x0f 0x60=0x0f60
longsword=0x0f 0x61=0x0f61
scimitar=0x13 0xb5=0x13b5
scimitar=0x13 0xb6=0x13b6
long sword=0x13 0xb7=0x13b7
long sword=0x13 0xb8=0x13b8
viking sword=0x13 0xb9=0x13b9
viking sword=0x13 0xba=0x13ba
katana=0x13 0xfe=0x13fe
katana=0x13 0xff=0x13ff
cutlass=0x14 0x40=0x1440
cutlass=0x14 0x41=0x1441
}
}
Cannon
{
cannon=0x0e 0x6b=0x0e6b
cannon=0x0e 0x6c=0x0e6c
cannon=0x0e 0x6d=0x0e6d
cannon=0x0e 0x6e=0x0e6e
cannon=0x0e 0x6f=0x0e6f
cannon=0x0e 0x70=0x0e70
cannon=0x0e 0x71=0x0e71
cannon=0x0e 0x72=0x0e72
cannon ball=0x0e 0x73=0x0e73
cannon balls=0x0e 0x74=0x0e74
cannon=0x0e 0x8b=0x0e8b
cannon=0x0e 0x8c=0x0e8c
cannon=0x0e 0x8d=0x0e8d
cannon=0x0e 0x8e=0x0e8e
cannon=0x0e 0x8f=0x0e8f
cannon=0x0e 0x90=0x0e90
cannon=0x0e 0x91=0x0e91
cannon=0x0e 0x92=0x0e92
cannon=0x0e 0x93=0x0e93
cannon=0x0e 0x94=0x0e94
cannon=0x0e 0x95=0x0e95
cannon=0x0e 0x96=0x0e96
}
Catapult
{
catapult=0x16 0x48=0x1648
catapult=0x16 0x49=0x1649
catapult=0x16 0x4a=0x164a
catapult=0x16 0x4b=0x164b
catapult=0x16 0x4c=0x164c
catapult=0x16 0x4d=0x164d
catapult=0x16 0x4e=0x164e
catapult=0x16 0x4f=0x164f
catapult=0x16 0x50=0x1650
catapult=0x16 0x51=0x1651
catapult=0x16 0x52=0x1652
catapult=0x16 0x53=0x1653
catapult=0x16 0x54=0x1654
catapult=0x16 0x55=0x1655
catapult=0x16 0x56=0x1656
catapult=0x16 0x57=0x1657
catapult=0x16 0x58=0x1658
catapult=0x16 0x59=0x1659
catapult=0x16 0x5a=0x165a
catapult=0x16 0x5b=0x165b
catapult=0x16 0x5c=0x165c
catapult=0x16 0x5d=0x165d
catapult=0x16 0x5e=0x165e
catapult=0x16 0x5f=0x165f
catapult=0x16 0x60=0x1660
catapult=0x16 0x61=0x1661
catapult=0x16 0x62=0x1662
catapult=0x16 0x63=0x1663
catapult=0x16 0x64=0x1664
catapult=0x16 0x65=0x1665
catapult=0x16 0x66=0x1666
catapult=0x16 0x72=0x1672
catapult=0x16 0x73=0x1673
catapult=0x16 0x74=0x1674
catapult=0x16 0x75=0x1675
catapult=0x16 0x76=0x1676
catapult=0x16 0x77=0x1677
catapult=0x16 0x78=0x1678
catapult=0x16 0x79=0x1679
catapult=0x16 0x7a=0x167a
catapult=0x16 0x7b=0x167b
catapult=0x16 0x7c=0x167c
catapult=0x16 0x7d=0x167d
catapult=0x16 0x7e=0x167e
catapult=0x16 0x7f=0x167f
catapult=0x16 0x80=0x1680
catapult=0x16 0x81=0x1681
catapult=0x16 0x82=0x1682
catapult=0x16 0x83=0x1683
catapult=0x16 0x84=0x1684
catapult=0x16 0x85=0x1685
catapult=0x16 0x86=0x1686
catapult=0x16 0x87=0x1687
catapult=0x16 0x88=0x1688
catapult=0x16 0x89=0x1689
catapult=0x16 0x8a=0x168a
catapult=0x16 0x8b=0x168b
catapult=0x16 0x8c=0x168c
catapult=0x16 0x8e=0x168e
catapult=0x16 0x8f=0x168f
catapult=0x16 0x90=0x1690
catapult=0x16 0x94=0x1694
catapult=0x16 0x95=0x1695
catapult=0x16 0x96=0x1696
catapult=0x16 0x97=0x1697
catapult=0x16 0x98=0x1698
catapult=0x16 0x99=0x1699
catapult=0x16 0x9a=0x169a
catapult=0x16 0x9b=0x169b
catapult=0x16 0x9c=0x169c
catapult=0x16 0x9d=0x169d
catapult=0x16 0x9e=0x169e
catapult=0x16 0x9f=0x169f
catapult=0x16 0xa0=0x16a0
catapult=0x16 0xa1=0x16a1
catapult=0x16 0xa2=0x16a2
catapult=0x16 0xa3=0x16a3
catapult=0x16 0xa4=0x16a4
catapult=0x16 0xa5=0x16a5
catapult=0x16 0xa6=0x16a6
catapult=0x16 0xa7=0x16a7
catapult=0x16 0xa8=0x16a8
catapult=0x16 0xa9=0x16a9
catapult=0x16 0xaa=0x16aa
catapult=0x16 0xab=0x16ab
catapult=0x16 0xac=0x16ac
catapult=0x16 0xad=0x16ad
catapult=0x16 0xae=0x16ae
catapult=0x16 0xaf=0x16af
catapult=0x16 0xb0=0x16b0
catapult=0x16 0xb1=0x16b1
catapult=0x16 0xb2=0x16b2
catapult=0x16 0xb3=0x16b3
catapult=0x16 0xb4=0x16b4
catapult=0x16 0xb9=0x16b9
catapult=0x16 0xba=0x16ba
catapult=0x16 0xbb=0x16bb
catapult=0x16 0xbc=0x16bc
catapult=0x16 0xbd=0x16bd
catapult=0x16 0xbe=0x16be
catapult=0x16 0xbf=0x16bf
catapult=0x16 0xc0=0x16c0
catapult=0x16 0xc1=0x16c1
catapult=0x16 0xc2=0x16c2
catapult=0x16 0xc3=0x16c3
catapult=0x16 0xc4=0x16c4
catapult=0x16 0xc5=0x16c5
catapult=0x16 0xc6=0x16c6
catapult=0x16 0xc7=0x16c7
catapult=0x16 0xc8=0x16c8
catapult=0x16 0xc9=0x16c9
catapult=0x16 0xca=0x16ca
catapult=0x16 0xcb=0x16cb
catapult=0x16 0xcc=0x16cc
catapult=0x16 0xcd=0x16cd
catapult=0x16 0xce=0x16ce
catapult=0x16 0xcf=0x16cf
catapult=0x16 0xd0=0x16d0
catapult=0x16 0xd1=0x16d1
catapult=0x16 0xd2=0x16d2
catapult=0x16 0xd3=0x16d3
catapult=0x16 0xd4=0x16d4
catapult=0x16 0xd5=0x16d5
catapult=0x16 0xd6=0x16d6
catapult=0x16 0xd7=0x16d7
catapult=0x16 0xd8=0x16d8
catapult=0x16 0xd9=0x16d9
}
Ballista
{
ballista=0x16 0xf8=0x16f8
ballista=0x16 0xf9=0x16f9
ballista=0x16 0xfa=0x16fa
ballista=0x16 0xfb=0x16fb
ballista=0x16 0xfc=0x16fc
ballista=0x16 0xfd=0x16fd
ballista=0x16 0xfe=0x16fe
ballista=0x16 0xff=0x16ff
ballista=0x17 0x00=0x1700
ballista=0x17 0x01=0x1701
ballista=0x17 0x02=0x1702
ballista=0x17 0x03=0x1703
ballista=0x17 0x04=0x1704
ballista=0x17 0x05=0x1705
ballista=0x17 0x06=0x1706
ballista=0x17 0x07=0x1707
ballista=0x17 0x08=0x1708
ballista=0x18 0x9f=0x189f
ballista=0x18 0xa0=0x18a0
ballista=0x18 0xa1=0x18a1
ballista=0x18 0xa2=0x18a2
ballista=0x18 0xa3=0x18a3
ballista=0x18 0xa4=0x18a4
ballista=0x18 0xa5=0x18a5
ballista=0x18 0xa6=0x18a6
ballista=0x18 0xa7=0x18a7
ballista=0x18 0xa8=0x18a8
ballista=0x18 0xa9=0x18a9
ballista=0x18 0xaa=0x18aa
ballista=0x18 0xab=0x18ab
ballista=0x18 0xac=0x18ac
ballista=0x18 0xad=0x18ad
ballista=0x18 0xae=0x18ae
ballista=0x18 0xaf=0x18af
ballista=0x18 0xb0=0x18b0
ballista=0x18 0xb1=0x18b1
ballista=0x18 0xb2=0x18b2
ballista=0x18 0xb3=0x18b3
ballista=0x18 0xb4=0x18b4
ballista=0x18 0xf0=0x18f0
ballista=0x18 0xf1=0x18f1
ballista=0x18 0xf2=0x18f2
ballista=0x18 0xf3=0x18f3
ballista=0x18 0xf4=0x18f4
ballista=0x18 0xf5=0x18f5
ballista=0x18 0xf6=0x18f6
ballista=0x18 0xf7=0x18f7
ballista=0x18 0xf8=0x18f8
ballista=0x18 0xf9=0x18f9
ballista=0x18 0xfa=0x18fa
ballista=0x18 0xfb=0x18fb
ballista=0x18 0xfc=0x18fc
ballista=0x18 0xfd=0x18fd
ballista=0x18 0xfe=0x18fe
ballista=0x18 0xff=0x18ff
ballista=0x19 0x00=0x1900
ballista=0x19 0x01=0x1901
ballista=0x19 0x02=0x1902
ballista=0x19 0x03=0x1903
ballista=0x19 0x04=0x1904
ballista=0x19 0x05=0x1905
ballista=0x19 0x06=0x1906
ballista=0x19 0x07=0x1907
ballista=0x19 0x08=0x1908
ballista=0x19 0x09=0x1909
ballista=0x19 0x0a=0x190a
ballista=0x19 0x0b=0x190b
ballista=0x19 0x0c=0x190c
ballista=0x19 0x0d=0x190d
ballista=0x18 0xb5=0x18b5
}
}
Protection
{
Shields
{
bronze shield=0x1b 0x72=0x1b72
buckler 0x=0x1b 0x73=0x1b73
kite shield=0x1b 0x74=0x1b74
kite shield=0x1b 0x75=0x1b75
heater shield=0x1b 0x76=0x1b76
heater shield=0x1b 0x77=0x1b77
kite shield=0x1b 0x78=0x1b78
kite shield=0x1b 0x79=0x1b79
wooden shield=0x1b 0x7a=0x1b7a
metal shield=0x1b 0x7b=0x1b7b
}
Armor
{
Helmets
{
close helmet=0x14 0x08=0x1408
close helm=0x14 0x09=0x1409
helmet=0x14 0x0a=0x140a
helmet=0x14 0x0b=0x140b
bascinet=0x14 0x0c=0x140c
bascinet=0x14 0x0d=0x140d
nose helm=0x14 0x0e=0x140e
nose helm=0x14 0x0f=0x140f
orc helm=0x1f 0x0b=0x1f0b
orc helm=0x1f 0x0c=0x1f0c
}
Masks
{
orc mask=0x14 0x1b=0x141b
orc mask=0x14 0x1c=0x141c
bear mask=0x15 0x45=0x1545
bear mask=0x15 0x46=0x1546
deer mask=0x15 0x47=0x1547
deer mask=0x15 0x48=0x1548
tribal mask=0x15 0x49=0x1549
tribal mask=0x15 0x4a=0x154a
tribal mask=0x15 0x4b=0x154b
tribal mask=0x15 0x4c=0x154c
}
Platemail
{
platemail arms=0x14 0x10=0x1410
platemail legs=0x14 0x11=0x1411
plate helm=0x14 0x12=0x1412
platemail gorget=0x14 0x13=0x1413
platemail gloves=0x14 0x14=0x1414
platemail=0x14 0x15=0x1415
platemail=0x14 0x16=0x1416
platemail arms=0x14 0x17=0x1417
platemail gloves=0x14 0x18=0x1418
plate helm=0x14 0x19=0x1419
platemail legs=0x14 0x1a=0x141a
}
Bone
{
bone arms=0x14 0x4e=0x144e
bone armor=0x14 0x4f=0x144f
bone gloves=0x14 0x50=0x1450
bone helmet=0x14 0x51=0x1451
bone leggings=0x14 0x52=0x1452
bone arms=0x14 0x53=0x1453
bone armor=0x14 0x54=0x1454
bone gloves=0x14 0x55=0x1455
bone helmet=0x14 0x56=0x1456
bone legs=0x14 0x57=0x1457
}
Chainmail
{
chainmail coif=0x13 0xbb=0x13bb
chainmail leggings=0x13 0xbc=0x13bc
chainmail tunic=0x13 0xbd=0x13bd
chainmail leggings=0x13 0xbe=0x13be
chainmail tunic=0x13 0xbf=0x13bf
chainmail coif=0x13 0xc0=0x13c0
chainmail leggings=0x13 0xc1=0x13c1
chainmail tunic=0x13 0xc2=0x13c2
chainmail leggings=0x13 0xc3=0x13c3
chainmail tunic=0x13 0xc4=0x13c4
}
Leather
{
leather sleeves=0x13 0xc5=0x13c5
leather gloves=0x13 0xc6=0x13c6
leather gorget=0x13 0xc7=0x13c7
leather sleeves=0x13 0xc8=0x13c8
leather leggings=0x13 0xc9=0x13c9
leather tunic=0x13 0xca=0x13ca
leather leggings=0x13 0xcb=0x13cb
leather tunic=0x13 0xcc=0x13cc
leather sleeves=0x13 0xcd=0x13cd
leather gloves=0x13 0xce=0x13ce
leather sleeves=0x13 0xcf=0x13cf
leather leggings=0x13 0xd0=0x13d0
leather tunic=0x13 0xd1=0x13d1
leather leggings=0x13 0xd2=0x13d2
leather tunic=0x13 0xd3=0x13d3
}
Studded 0xLeather
{
studded sleeves=0x13 0xd4=0x13d4
studded gloves=0x13 0xd5=0x13d5
studded gorget=0x13 0xd6=0x13d6
studded sleeves=0x13 0xd7=0x13d7
studded leggings=0x13 0xd8=0x13d8
studded tunic=0x13 0xd9=0x13d9
studded leggings=0x13 0xda=0x13da
studded tunic=0x13 0xdb=0x13db
studded sleeves=0x13 0xdc=0x13dc
studded gloves=0x13 0xdd=0x13dd
studded sleeves=0x13 0xde=0x13de
studded leggings=0x13 0xdf=0x13df
studded tunic=0x13 0xe0=0x13e0
studded leggings=0x13 0xe1=0x13e1
studded tunic=0x13 0xe2=0x13e2
}
Ringmail
{
ringmail leggings=0x13 0xe5=0x13e5
ringmail leggings=0x13 0xe6=0x13e6
ringmail armor=0x13 0xe7=0x13e7
ringmail armor=0x13 0xe8=0x13e8
ringmail sleeves=0x13 0xe9=0x13e9
ringmail sleeves=0x13 0xea=0x13ea
ringmail gloves=0x13 0xeb=0x13eb
ringmail tunic=0x13 0xec=0x13ec
ringmail tunic=0x13 0xed=0x13ed
ringmail sleeves=0x13 0xee=0x13ee
ringmail sleeves=0x13 0xef=0x13ef
ringmail leggings=0x13 0xf0=0x13f0
ringmail leggings=0x13 0xf1=0x13f1
ringmail gloves=0x13 0xf2=0x13f2
}
Female
{
leather shorts=0x1c 0x00=0x1c00
leather shorts=0x1c 0x01=0x1c01
studded armor=0x1c 0x02=0x1c02
studded armor=0x1c 0x03=0x1c03
plate armor=0x1c 0x04=0x1c04
plate armor=0x1c 0x05=0x1c05
leather armor=0x1c 0x06=0x1c06
leather armor=0x1c 0x07=0x1c07
leather skirt=0x1c 0x08=0x1c08
leather skirt=0x1c 0x09=0x1c09
leather bustier=0x1c 0x0a=0x1c0a
leather bustier=0x1c 0x0b=0x1c0b
studded bustier=0x1c 0x0c=0x1c0c
studded bustier=0x1c 0x0d=0x1c0d
}
}
}