format=HH

Fireplaces
{
fireplace=0x04 0x5d=0x045d
fireplace=0x04 0x5e=0x045e
fireplace=0x04 0x5f=0x045f
stone fireplace=0x04 0x60=0x0460
fireplace=0x04 0x75=0x0475
fireplace=0x04 0x76=0x0476
fireplace=0x04 0x77=0x0477
fireplace=0x04 0x78=0x0478
fireplace=0x04 0x79=0x0479
fireplace=0x04 0x7a=0x047a
fireplace=0x04 0x7b=0x047b
fireplace=0x04 0x7c=0x047c
fireplace=0x04 0x7d=0x047d
fireplace=0x04 0x7e=0x047e
fireplace=0x04 0x7f=0x047f
fireplace=0x04 0x80=0x0480
fireplace=0x04 0x82=0x0482
fireplace=0x04 0x83=0x0483
fireplace=0x04 0x84=0x0484
fireplace=0x04 0x85=0x0485
fireplace=0x04 0x86=0x0486
fireplace=0x04 0x87=0x0487
fireplace=0x04 0x89=0x0489
fireplace=0x04 0x8a=0x048a
fireplace=0x04 0x8b=0x048b
fireplace=0x04 0x8c=0x048c
fireplace=0x04 0x8d=0x048d
fireplace=0x04 0x8e=0x048e
fireplace=0x08 0xcf=0x08cf
fireplace=0x08 0xd0=0x08d0
fireplace=0x08 0xd3=0x08d3
fireplace=0x08 0xd4=0x08d4
fireplace=0x08 0xda=0x08da
fireplace=0x08 0xdb=0x08db
fireplace=0x08 0xde=0x08de
fireplace=0x08 0xdf=0x08df
fireplace=0x09 0x35=0x0935
fireplace=0x09 0x36=0x0936
fireplace=0x09 0x37=0x0937
fireplace=0x09 0x38=0x0938
fireplace=0x09 0x39=0x0939
fireplace=0x09 0x3a=0x093a
fireplace=0x09 0x3b=0x093b
fireplace=0x09 0x3c=0x093c
fireplace=0x09 0x3d=0x093d
fireplace=0x09 0x3e=0x093e
fireplace=0x09 0x3f=0x093f
fireplace=0x09 0x40=0x0940
fireplace=0x09 0x41=0x0941
fireplace=0x09 0x42=0x0942
fireplace=0x09 0x43=0x0943
fireplace=0x09 0x44=0x0944
fireplace=0x09 0x45=0x0945
fireplace=0x09 0x46=0x0946
fireplace=0x09 0x47=0x0947
fireplace=0x09 0x48=0x0948
fireplace=0x09 0x49=0x0949
fireplace=0x09 0x4a=0x094a
fireplace=0x09 0x4b=0x094b
fireplace=0x09 0x4c=0x094c
fireplace=0x09 0x4d=0x094d
fireplace=0x09 0x4e=0x094e
fireplace=0x09 0x4f=0x094f
fireplace=0x09 0x50=0x0950
fireplace=0x09 0x51=0x0951
fireplace=0x09 0x52=0x0952
fireplace=0x09 0x53=0x0953
fireplace=0x09 0x54=0x0954
fireplace=0x09 0x55=0x0955
fireplace=0x09 0x56=0x0956
fireplace=0x09 0x57=0x0957
fireplace=0x09 0x58=0x0958
fireplace=0x09 0x59=0x0959
fireplace=0x09 0x5a=0x095a
fireplace=0x09 0x5b=0x095b
fireplace=0x09 0x5c=0x095c
fireplace=0x09 0x5d=0x095d
fireplace=0x09 0x5e=0x095e
fireplace=0x09 0x5f=0x095f
fireplace=0x09 0x60=0x0960
fireplace=0x09 0x61=0x0961
fireplace=0x09 0x62=0x0962
fireplace=0x09 0x63=0x0963
fireplace=0x09 0x64=0x0964
fireplace=0x09 0x65=0x0965
fireplace=0x09 0x66=0x0966
fireplace=0x09 0x67=0x0967
fireplace=0x09 0x68=0x0968
fireplace=0x09 0x69=0x0969
fireplace=0x09 0x6a=0x096a
fireplace=0x09 0x6b=0x096b
fireplace=0x09 0x6c=0x096c
fireplace=0x11 0xec=0x11ec
fireplace=0x11 0xed=0x11ed
fireplace=0x11 0xee=0x11ee
fireplace=0x11 0xef=0x11ef
}
Oven
{
oven=0x04 0x61=0x0461
oven=0x04 0x62=0x0462
oven=0x04 0x63=0x0463
oven=0x04 0x64=0x0464
oven=0x04 0x65=0x0465
oven=0x04 0x66=0x0466
oven=0x04 0x6a=0x046a
oven=0x04 0x6b=0x046b
oven=0x04 0x6c=0x046c
oven=0x04 0x6d=0x046d
oven=0x04 0x6e=0x046e
oven=0x04 0x6f=0x046f
oven=0x09 0x2b=0x092b
oven=0x09 0x2c=0x092c
oven=0x09 0x2d=0x092d
oven=0x09 0x2e=0x092e
oven=0x09 0x2f=0x092f
oven=0x09 0x30=0x0930
oven=0x09 0x31=0x0931
oven=0x09 0x32=0x0932
oven=0x09 0x33=0x0933
oven=0x09 0x34=0x0934
}
Chimney
{
chimney=0x08 0xd1=0x08d1
chimney=0x08 0xd2=0x08d2
chimney=0x08 0xd5=0x08d5
chimney=0x08 0xd6=0x08d6
chimney=0x08 0xd7=0x08d7
chimney=0x08 0xd8=0x08d8
chimney=0x08 0xd9=0x08d9
chimney=0x08 0xdc=0x08dc
chimney=0x08 0xdd=0x08dd
}
Outdoor
{
fire pit=0x0f 0xac=0x0fac
campfire=0x0d 0xe3=0x0de3
campfire=0x0d 0xe4=0x0de4
campfire=0x0d 0xe5=0x0de5
campfire=0x0d 0xe6=0x0de6
campfire=0x0d 0xe7=0x0de7
campfire=0x0d 0xe8=0x0de8
}