format=HH

Chairs
{
stool=0x0a 0x2a=0x0a2a
stool=0x0a 0x2b=0x0a2b
wooden bench=0x0b 0x2c=0x0b2c
wooden bench=0x0b 0x2d=0x0b2d
wooden chair=0x0b 0x2e=0x0b2e
wooden chair=0x0b 0x2f=0x0b2f
wooden chair=0x0b 0x30=0x0b30
wooden chair=0x0b 0x31=0x0b31
marble bench=0x04 0x59=0x0459
marble bench=0x04 0x5a=0x045a
stone bench=0x04 0x5b=0x045b
stone bench=0x04 0x5c=0x045c
throne=0x0b 0x32=0x0b32
throne=0x0b 0x33=0x0b33
chair=0x0b 0x4e=0x0b4e
chair=0x0b 0x4f=0x0b4f
chair=0x0b 0x50=0x0b50
chair=0x0b 0x51=0x0b51
chair=0x0b 0x52=0x0b52
chair=0x0b 0x53=0x0b53
chair=0x0b 0x54=0x0b54
chair=0x0b 0x55=0x0b55
chair=0x0b 0x56=0x0b56
chair=0x0b 0x57=0x0b57
chair=0x0b 0x58=0x0b58
chair=0x0b 0x59=0x0b59
chair=0x0b 0x5a=0x0b5a
chair=0x0b 0x5b=0x0b5b
chair=0x0b 0x5c=0x0b5c
chair=0x0b 0x5d=0x0b5d
covered chair=0x0c 0x17=0x0c17
covered chair=0x0c 0x18=0x0c18
foot stool=0x0b 0x5e=0x0b5e
bench=0x0b 0x5f=0x0b5f
bench=0x0b 0x60=0x0b60
bench=0x0b 0x61=0x0b61
bench=0x0b 0x62=0x0b62
bench=0x0b 0x63=0x0b63
bench=0x0b 0x64=0x0b64
bench=0x0b 0x65=0x0b65
bench=0x0b 0x66=0x0b66
bench=0x0b 0x67=0x0b67
bench=0x0b 0x68=0x0b68
bench=0x0b 0x69=0x0b69
bench=0x0b 0x6a=0x0b6a
bench=0x0b 0x91=0x0b91
bench=0x0b 0x92=0x0b92
bench=0x0b 0x93=0x0b93
bench=0x0b 0x94=0x0b94
stone bench=0x12 0x07=0x1207
stone bench=0x12 0x08=0x1208
stone bench=0x12 0x09=0x1209
stone bench=0x12 0x0a=0x120a
stone bench=0x12 0x0b=0x120b
stone bench=0x12 0x0c=0x120c
stone chair=0x12 0x18=0x1218
stone chair=0x12 0x19=0x1219
stone chair=0x12 0x1a=0x121a
stone chair=0x12 0x1b=0x121b
loom bench=0x10 0x49=0x1049
loom bench=0x10 0x4a=0x104a
bamboo stool=0x11 0xfc=0x11fc
throne=0x15 0x26=0x1526
throne=0x15 0x27=0x1527
sandstone bench=0x1d 0xc7=0x1dc7
sandstone bench=0x1d 0xc8=0x1dc8
sandstone bench=0x1d 0xc9=0x1dc9
sandstone bench=0x1d 0xca=0x1dca
sandstone bench=0x1d 0xcb=0x1dcb
sandstone bench=0x1d 0xcc=0x1dcc
marble bench=0x1d 0xcd=0x1dcd
marble bench=0x1d 0xce=0x1dce
marble bench=0x1d 0xcf=0x1dcf
marble bench=0x1d 0xd0=0x1dd0
marble bench=0x1d 0xd1=0x1dd1
marble bench=0x1d 0xd2=0x1dd2
}
Container
{
Drawer
{
drawer=0x0a 0x3e=0x0a3e
drawer=0x0a 0x3f=0x0a3f
drawer=0x0a 0x40=0x0a40
drawer=0x0a 0x41=0x0a41
drawer=0x0a 0x42=0x0a42
drawer=0x0a 0x43=0x0a43
drawer=0x0a 0x2d=0x0a2d
drawer=0x0a 0x2e=0x0a2e
drawer=0x0a 0x2f=0x0a2f
drawer=0x0a 0x31=0x0a31
drawer=0x0a 0x32=0x0a32
drawer=0x0a 0x33=0x0a33
drawer=0x0a 0x35=0x0a35
drawer=0x0a 0x36=0x0a36
drawer=0x0a 0x37=0x0a37
drawer=0x0a 0x39=0x0a39
drawer=0x0a 0x3a=0x0a3a
drawer=0x0a 0x3b=0x0a3b
drawer=0x0a 0x46=0x0a46
drawer=0x0a 0x47=0x0a47
drawer=0x0a 0x48=0x0a48
drawer=0x0a 0x49=0x0a49
drawer=0x0a 0x4a=0x0a4a
drawer=0x0a 0x4b=0x0a4b
chest of drawers=0x0a 0x2c=0x0a2c
chest of drawers=0x0a 0x30=0x0a30
chest of drawers=0x0a 0x34=0x0a34
chest of drawers=0x0a 0x38=0x0a38
}
Dresser
{
dresser=0x0a 0x3c=0x0a3c
dresser=0x0a 0x3d=0x0a3d
dresser=0x0a 0x44=0x0a44
dresser=0x0a 0x45=0x0a45
}
Armoire
{
armoire=0x0a 0x4c=0x0a4c
armoire=0x0a 0x4d=0x0a4d
armoire=0x0a 0x4e=0x0a4e
armoire=0x0a 0x4f=0x0a4f
armoire=0x0a 0x50=0x0a50
armoire=0x0a 0x51=0x0a51
armoire=0x0a 0x52=0x0a52
armoire=0x0a 0x53=0x0a53
}
}
Sleeping
{
Bedroll
{
bedroll=0x0a 0x55=0x0a55
bedroll=0x0a 0x56=0x0a56
bedroll=0x0a 0x57=0x0a57
bedroll=0x0a 0x58=0x0a58
bedroll=0x0a 0x59=0x0a59
bedroll=0x1f 0x24=0x1f24
bedroll=0x1f 0x25=0x1f25
bedroll=0x1f 0x26=0x1f26
bedroll=0x1f 0x27=0x1f27
}
Normal bed
{
bed=0x0a 0x5a=0x0a5a
bed=0x0a 0x5b=0x0a5b
bed=0x0a 0x5c=0x0a5c
bed=0x0a 0x5d=0x0a5d
bed=0x0a 0x5e=0x0a5e
bed=0x0a 0x5f=0x0a5f
bed=0x0a 0x60=0x0a60
bed=0x0a 0x61=0x0a61
bed=0x0a 0x62=0x0a62
bed=0x0a 0x63=0x0a63
bed=0x0a 0x64=0x0a64
bed=0x0a 0x65=0x0a65
bed=0x0a 0x66=0x0a66
sheets=0x0a 0x67=0x0a67
bed=0x0a 0x68=0x0a68
bed=0x0a 0x69=0x0a69
bed=0x0a 0x6a=0x0a6a
bed=0x0a 0x6b=0x0a6b
bed=0x0a 0x70=0x0a70
bed=0x0a 0x71=0x0a71
bed=0x0a 0x72=0x0a72
bed=0x0a 0x73=0x0a73
bed=0x0a 0x74=0x0a74
bed=0x0a 0x75=0x0a75
bed=0x0a 0x76=0x0a76
bed=0x0a 0x77=0x0a77
bed=0x0a 0x78=0x0a78
bed=0x0a 0x79=0x0a79
bed=0x0a 0x7a=0x0a7a
bed=0x0a 0x7b=0x0a7b
bed=0x0a 0x7c=0x0a7c
bed=0x0a 0x7d=0x0a7d
bed=0x0a 0x7e=0x0a7e
bed=0x0a 0x7f=0x0a7f
bed=0x0a 0x80=0x0a80
bed=0x0a 0x81=0x0a81
bed=0x0a 0x82=0x0a82
bed=0x0a 0x83=0x0a83
bed=0x0a 0x84=0x0a84
bed=0x0a 0x85=0x0a85
bed=0x0a 0x86=0x0a86
bed=0x0a 0x87=0x0a87
bed=0x0a 0x88=0x0a88
bed=0x0a 0x89=0x0a89
bed=0x0a 0x8a=0x0a8a
bed=0x0a 0x8b=0x0a8b
bed=0x0a 0x8c=0x0a8c
bed=0x0a 0x8d=0x0a8d
bed=0x0a 0x8e=0x0a8e
bed=0x0a 0x8f=0x0a8f
bed=0x0a 0x90=0x0a90
bed=0x0a 0x91=0x0a91
bed=0x0d 0xb0=0x0db0
bed=0x0d 0xb1=0x0db1
bed=0x0d 0xb2=0x0db2
bed=0x0d 0xb3=0x0db3
bed=0x0d 0xb4=0x0db4
bed=0x0d 0xb5=0x0db5
bed=0x11 0xce=0x11ce
bed=0x11 0xcf=0x11cf
bed=0x11 0xd0=0x11d0
bed=0x11 0xd1=0x11d1
bed=0x11 0xd2=0x11d2
bed=0x11 0xd3=0x11d3
bed=0x11 0xd4=0x11d4
bed=0x11 0xd5=0x11d5
sheets=0x0c 0x31=0x0c31
sheets=0x0c 0x32=0x0c32
sheets=0x0c 0x33=0x0c33
sheets=0x0c 0x34=0x0c34
sheets=0x0c 0x35=0x0c35
sheets=0x0c 0x36=0x0c36
}
Special beds
{
hammock=0x11 0xf0=0x11f0
hammock=0x11 0xf1=0x11f1
hammock=0x11 0xf2=0x11f2
hammock=0x11 0xf3=0x11f3
cot=0x11 0xfd=0x11fd
cot=0x11 0xfe=0x11fe
cot=0x11 0xff=0x11ff
cot=0x12 0x00=0x1200
grass mat=0x11 0xe2=0x11e2
grass mat=0x11 0xe3=0x11e3
grass mat=0x11 0xe4=0x11e4
grass mat=0x11 0xe5=0x11e5
woven mat=0x11 0xe6=0x11e6
woven mat=0x11 0xe7=0x11e7
woven mat=0x11 0xe8=0x11e8
woven mat=0x11 0xe9=0x11e9
furs=0x11 0xf4=0x11f4
furs=0x11 0xf5=0x11f5
furs=0x11 0xf6=0x11f6
furs=0x11 0xf7=0x11f7
furs=0x11 0xf8=0x11f8
furs=0x11 0xf9=0x11f9
furs=0x11 0xfa=0x11fa
furs=0x11 0xfb=0x11fb
fur=0x1f 0x73=0x1f73
fur=0x1f 0x74=0x1f74
fur=0x1f 0x75=0x1f75
fur=0x1f 0x76=0x1f76
fur=0x1f 0x77=0x1f77
fur=0x1f 0x78=0x1f78
fur=0x1f 0x79=0x1f79
fur=0x1f 0x7a=0x1f7a
}
Sheets 0xand blankets
{
folded blanket=0x0a 0x6c=0x0a6c
folded blanket=0x0a 0x6d=0x0a6d
folded blanket=0x0a 0x6e=0x0a6e
folded blanket=0x0a 0x6f=0x0a6f
folded sheet 0x=0x0a 0x92=0x0a92
folded sheet 0x=0x0a 0x93=0x0a93
folded rich sheet 0x=0x0a 0x94=0x0a94
folded rich sheet 0x=0x0a 0x95=0x0a95
straw pillow=0x11 0xea=0x11ea
straw pillow=0x11 0xeb=0x11eb
}
}
Bookcase shelf
{
bookcase=0x0a 0x97=0x0a97
bookcase=0x0a 0x98=0x0a98
bookcase=0x0a 0x99=0x0a99
bookcase=0x0a 0x9a=0x0a9a
bookcase=0x0a 0x9b=0x0a9b
bookcase=0x0a 0x9c=0x0a9c
wooden shelf=0x0a 0x9d=0x0a9d
wooden shelf=0x0a 0x9e=0x0a9e
}
Display case
{
display case=0x0a 0x9f=0x0a9f
display case=0x0a 0xa0=0x0aa0
display case=0x0a 0xa1=0x0aa1
display case=0x0a 0xa2=0x0aa2
display case=0x0a 0xa3=0x0aa3
display case=0x0a 0xa4=0x0aa4
display case=0x0a 0xa5=0x0aa5
display case=0x0a 0xfd=0x0afd
display case=0x0a 0xfe=0x0afe
display case=0x0a 0xff=0x0aff
display case=0x0b 0x00=0x0b00
display case=0x0b 0x01=0x0b01
display case=0x0b 0x02=0x0b02
display case=0x0b 0x03=0x0b03
display case=0x0b 0x04=0x0b04
display case=0x0b 0x05=0x0b05
display case=0x0b 0x06=0x0b06
display case=0x0b 0x07=0x0b07
display case=0x0b 0x08=0x0b08
display case=0x0b 0x09=0x0b09
display case=0x0b 0x0a=0x0b0a
display case=0x0b 0x0b=0x0b0b
display case=0x0b 0x0c=0x0b0c
display case=0x0b 0x0d=0x0b0d
display case=0x0b 0x0e=0x0b0e
display case=0x0b 0x0f=0x0b0f
display case=0x0b 0x10=0x0b10
display case=0x0b 0x11=0x0b11
display case=0x0b 0x12=0x0b12
display case=0x0b 0x13=0x0b13
display case=0x0b 0x14=0x0b14
display case=0x0b 0x15=0x0b15
display case=0x0b 0x16=0x0b16
display case=0x0b 0x17=0x0b17
display case=0x0b 0x18=0x0b18
}
Table
{
table=0x0b 0x34=0x0b34
table=0x0b 0x35=0x0b35
table=0x0b 0x36=0x0b36
table=0x0b 0x37=0x0b37
table=0x0b 0x38=0x0b38
table=0x0b 0x39=0x0b39
table=0x0b 0x3a=0x0b3a
table=0x0b 0x3c=0x0b3c
counter=0x0b 0x3d=0x0b3d
counter=0x0b 0x3e=0x0b3e
counter=0x0b 0x3f=0x0b3f
counter=0x0b 0x40=0x0b40
writing table=0x0b 0x49=0x0b49
writing table=0x0b 0x4a=0x0b4a
writing table=0x0b 0x4b=0x0b4b
writing table=0x0b 0x4c=0x0b4c
table=0x0b 0x6b=0x0b6b
table=0x0b 0x6c=0x0b6c
table=0x0b 0x6d=0x0b6d
table=0x0b 0x6e=0x0b6e
table=0x0b 0x6f=0x0b6f
table=0x0b 0x70=0x0b70
table=0x0b 0x71=0x0b71
table=0x0b 0x72=0x0b72
table=0x0b 0x73=0x0b73
table=0x0b 0x74=0x0b74
table=0x0b 0x75=0x0b75
table=0x0b 0x76=0x0b76
table=0x0b 0x77=0x0b77
table=0x0b 0x78=0x0b78
table=0x0b 0x79=0x0b79
table=0x0b 0x7a=0x0b7a
table=0x0b 0x7b=0x0b7b
table=0x0b 0x7c=0x0b7c
table=0x0b 0x7d=0x0b7d
table=0x0b 0x7e=0x0b7e
table=0x0b 0x7f=0x0b7f
table=0x0b 0x80=0x0b80
table=0x0b 0x81=0x0b81
table=0x0b 0x82=0x0b82
table=0x0b 0x83=0x0b83
table=0x0b 0x84=0x0b84
table=0x0b 0x85=0x0b85
table=0x0b 0x86=0x0b86
table=0x0b 0x87=0x0b87
table=0x0b 0x88=0x0b88
table=0x0b 0x89=0x0b89
table=0x0b 0x8a=0x0b8a
table=0x0b 0x8b=0x0b8b
table=0x0b 0x8c=0x0b8c
table=0x0b 0x8d=0x0b8d
table=0x0b 0x8e=0x0b8e
table=0x0b 0x8f=0x0b8f
table=0x0b 0x90=0x0b90
table=0x11 0x8b=0x118b
table=0x11 0x8c=0x118c
table=0x11 0x8d=0x118d
table=0x11 0x8e=0x118e
table=0x11 0x8f=0x118f
table=0x11 0x90=0x1190
table=0x11 0x91=0x1191
table=0x11 0x92=0x1192
bamboo table=0x11 0xd6=0x11d6
bamboo table=0x11 0xd7=0x11d7
bamboo table=0x11 0xd8=0x11d8
bamboo table=0x11 0xd9=0x11d9
bamboo table=0x11 0xda=0x11da
bamboo table=0x11 0xdb=0x11db
log table=0x11 0xdc=0x11dc
log table=0x11 0xdd=0x11dd
log table=0x11 0xde=0x11de
log table=0x11 0xdf=0x11df
log table=0x11 0xe0=0x11e0
log table=0x11 0xe1=0x11e1
stone table=0x12 0x01=0x1201
stone table=0x12 0x02=0x1202
stone table=0x12 0x03=0x1203
stone table=0x12 0x04=0x1204
stone table=0x12 0x05=0x1205
stone table=0x12 0x06=0x1206
table=0x16 0x67=0x1667
table=0x16 0x68=0x1668
table=0x16 0x69=0x1669
table=0x16 0x6a=0x166a
table=0x16 0x6b=0x166b
table=0x16 0x6c=0x166c
massage table=0x19 0x16=0x1916
massage table=0x19 0x17=0x1917
table=0x1d 0xa5=0x1da5
table=0x1d 0xa6=0x1da6
table=0x1d 0xa7=0x1da7
table=0x1d 0xa8=0x1da8
table=0x1d 0xa9=0x1da9
table=0x1d 0xaa=0x1daa
table=0x1d 0xab=0x1dab
table=0x1d 0xac=0x1dac
sandstone table=0x1d 0xbb=0x1dbb
sandstone table=0x1d 0xbc=0x1dbc
sandstone table=0x1d 0xbd=0x1dbd
sandstone table=0x1d be=0x1dbe
sandstone table=0x1d 0xbf=0x1dbf
sandstone table=0x1d 0xc0=0x1dc0
marble table=0x1d 0xc1=0x1dc1
marble table=0x1d 0xc2=0x1dc2
marble table=0x1d 0xc3=0x1dc3
marble table=0x1d 0xc4=0x1dc4
marble table=0x1d 0xc5=0x1dc5
marble table=0x1d 0xc6=0x1dc6
}
Broken furniture
{
broken chair=0x0c 0x10=0x0c10
broken chair=0x0c 0x11=0x0c11
broken armoire=0x0c 0x12=0x0c12
broken armoire=0x0c 0x13=0x0c13
ruined bookcase=0x0c 0x14=0x0c14
ruined bookcase=0x0c 0x15=0x0c15
damaged books=0x0c 0x16=0x0c16
broken chair=0x0c 0x19=0x0c19
broken chair=0x0c 0x1a=0x0c1a
broken chair=0x0c 0x1b=0x0c1b
broken chair=0x0c 0x1c=0x0c1c
broken chair=0x0c 0x1d=0x0c1d
broken chair=0x0c 0x1e=0x0c1e
broken clock=0x0c 0x1f=0x0c1f
broken dresser=0x0c 0x20=0x0c20
broken dresser=0x0c 0x21=0x0c21
broken dresser=0x0c 0x22=0x0c22
broken dresser=0x0c 0x23=0x0c23
broken furniture=0x0c 0x24=0x0c24
broken furniture=0x0c 0x25=0x0c25
ruined bed=0x0c 0x26=0x0c26
ruined bed=0x0c 0x27=0x0c27
ruined bed=0x0c 0x28=0x0c28
ruined bed=0x0c 0x29=0x0c29
ruined bed=0x0c 0x2a=0x0c2a
ruined bed=0x0c 0x2b=0x0c2b
ruined painting=0x0c 0x2c=0x0c2c
ruined bed=0x18 0x94=0x1894
ruined bed=0x18 0x95=0x1895
ruined bed=0x18 0x96=0x1896
ruined bed=0x18 0x97=0x1897
ruined bed=0x18 0x98=0x1898
ruined bed=0x18 0x99=0x1899
ruined bed=0x18 0x9a=0x189a
ruined bed=0x18 0x9b=0x189b
broken barrel=0x1d 0xb3=0x1db3
broken barrel=0x1d 0xb4=0x1db4
broken barrel=0x1d 0xb5=0x1db5
broken barrel=0x1d 0xb6=0x1db6
}
Hanging stuff
{
peg board=0x0c 0x39=0x0c39
peg board=0x0c 0x3a=0x0c3a
hanging pole=0x10 0xac=0x10ac
hanging pole=0x10 0xad=0x10ad
hanging pole=0x10 0xae=0x10ae
hanging pole=0x10 0xaf=0x10af
hanging pole=0x10 0xb0=0x10b0
hanging pole=0x10 0xb1=0x10b1
}
Bar
{
bar=0x19 0x18=0x1918
bar=0x19 0x19=0x1919
bar=0x19 0x1a=0x191a
bar=0x19 0x1b=0x191b
bar=0x19 0x1c=0x191c
bar=0x19 0x1d=0x191d
bar=0x19 0x1e=0x191e
bar=0x19 0x1f=0x191f
bar=0x19 0x10=0x1910
bar=0x19 0x11=0x1911
bar=0x19 0x12=0x1912
bar=0x19 0x13=0x1913
bar glass mugs=0x19 0x41=0x1941
bar goblets=0x19 0x42=0x1942
bar tankards=0x19 0x43=0x1943
}