format=HH

Lava
{
lava=0x12 0xee=0x12ee
lava=0x12 0xef=0x12ef
lava=0x12 0xf0=0x12f0
lava=0x12 0xf1=0x12f1
lava=0x12 0xf2=0x12f2
lava=0x12 0xf4=0x12f4
lava=0x12 0xf5=0x12f5
lava=0x12 0xf6=0x12f6
lava=0x12 0xf7=0x12f7
lava=0x12 0xf8=0x12f8
lava=0x12 0xf9=0x12f9
lava=0x12 0xfa=0x12fa
lava=0x12 0xfb=0x12fb
lava=0x12 0xfc=0x12fc
lava=0x12 0xfd=0x12fd
lava=0x12 0xfe=0x12fe
lava=0x13 0x00=0x1300
lava=0x13 0x01=0x1301
lava=0x13 0x02=0x1302
lava=0x13 0x03=0x1303
lava=0x13 0x04=0x1304
lava=0x13 0x06=0x1306
lava=0x13 0x07=0x1307
lava=0x13 0x08=0x1308
lava=0x13 0x09=0x1309
lava=0x13 0x0a=0x130a
lava=0x13 0x0c=0x130c
lava=0x13 0x0d=0x130d
lava=0x13 0x0e=0x130e
lava=0x13 0x0f=0x130f
lava=0x13 0x10=0x1310
lava=0x13 0x12=0x1312
lava=0x13 0x13=0x1313
lava=0x13 0x14=0x1314
lava=0x13 0x15=0x1315
lava=0x13 0x16=0x1316
lava=0x13 0x18=0x1318
lava=0x13 0x19=0x1319
lava=0x13 0x1a=0x131a
lava=0x13 0x1b=0x131b
lava=0x13 0x1c=0x131c
lava=0x13 0x1e=0x131e
lava=0x13 0x1f=0x131f
lava=0x13 0x20=0x1320
lava=0x13 0x21=0x1321
lava=0x13 0x22=0x1322
lava=0x13 0x23=0x1323
lava=0x13 0x24=0x1324
lava=0x13 0x25=0x1325
lava=0x13 0x26=0x1326
lava=0x13 0x27=0x1327
lava=0x13 0x28=0x1328
lava=0x13 0x29=0x1329
lava=0x13 0x2a=0x132a
lava=0x13 0x2b=0x132b
lava=0x13 0x2c=0x132c
lava=0x13 0x2d=0x132d
lava=0x13 0x2e=0x132e
lava=0x13 0x2f=0x132f
lava=0x13 0x30=0x1330
lava=0x13 0x31=0x1331
lava=0x13 0x32=0x1332
lava=0x13 0x33=0x1333
lava=0x13 0x34=0x1334
lava=0x13 0x35=0x1335
lava=0x13 0x36=0x1336
lava=0x13 0x37=0x1337
lava=0x13 0x38=0x1338
lava=0x13 0x39=0x1339
lava=0x13 0x3a=0x133a
lava=0x13 0x3b=0x133b
lava=0x13 0x3c=0x133c
lava=0x13 0x3d=0x133d
lava=0x13 0x3e=0x133e
lava=0x13 0x3f=0x133f
lava=0x13 0x40=0x1340
lava=0x13 0x41=0x1341
lava=0x13 0x42=0x1342
lava=0x13 0x43=0x1343
lava=0x13 0x44=0x1344
lava=0x13 0x45=0x1345
lava=0x13 0x46=0x1346
lava=0x13 0x47=0x1347
lava=0x13 0x48=0x1348
lava=0x13 0x49=0x1349
lava=0x13 0x4a=0x134a
lava=0x13 0x4b=0x134b
lava=0x13 0x4c=0x134c
lava=0x13 0x4d=0x134d
lava=0x13 0x6e=0x136e
lava=0x13 0x7e=0x137e
lava=0x13 0x80=0x1380
lava=0x13 0x82=0x1382
lava=0x1a 0x19=0x1a19
lava=0x1a 0x1a=0x1a1a
lava=0x1a 0x1b=0x1a1b
lava=0x1a 0x1c=0x1a1c
lava=0x1a 0x1d=0x1a1d
lava=0x1a 0x1e=0x1a1e
lava=0x1a 0x1f=0x1a1f
lava=0x1a 0x20=0x1a20
lava=0x1a 0x21=0x1a21
lava=0x1a 0x22=0x1a22
lava=0x1a 0x23=0x1a23
lava=0x1a 0x24=0x1a24
lava=0x1a 0x25=0x1a25
lava=0x1a 0x26=0x1a26
lava=0x1a 0x27=0x1a27
lava=0x1a 0x28=0x1a28
lava=0x1a 0x29=0x1a29
lava=0x1a 0x2a=0x1a2a
lava=0x1a 0x2b=0x1a2b
lava=0x1a 0x2c=0x1a2c
lava=0x1a 0x2d=0x1a2d
lava=0x1a 0x2e=0x1a2e
lava=0x1a 0x2f=0x1a2f
lava=0x1a 0x30=0x1a30
lava=0x1a 0x31=0x1a31
lava=0x1a 0x32=0x1a32
lava=0x1a 0x33=0x1a33
lava=0x1a 0x34=0x1a34
lava=0x1a 0x35=0x1a35
lava=0x1a 0x36=0x1a36
lava=0x1a 0x37=0x1a37
lava=0x1a 0x38=0x1a38
lava=0x1a 0x39=0x1a39
lava=0x1a 0x3a=0x1a3a
lava=0x1a 0x3b=0x1a3b
lava=0x1a 0x3c=0x1a3c
lava=0x1a 0x3d=0x1a3d
lava=0x1a 0x3e=0x1a3e
lava=0x1a 0x3f=0x1a3f
lava=0x1a 0x40=0x1a40
lava=0x1a 0x41=0x1a41
lava=0x1a 0x42=0x1a42
lava=0x1a 0x43=0x1a43
lava=0x1a 0x44=0x1a44
lava=0x1a 0x45=0x1a45
lava=0x1a 0x46=0x1a46
lava=0x1a 0x47=0x1a47
lava=0x1a 0x48=0x1a48
lava=0x1a 0x49=0x1a49
lava=0x1a 0x4a=0x1a4a
lava=0x1a 0x4b=0x1a4b
lava=0x1a 0x4c=0x1a4c
lava=0x1a 0x4d=0x1a4d
lava=0x1a 0x4e=0x1a4e
lava=0x1a 0x4f=0x1a4f
lava=0x1a 0x50=0x1a50
lava=0x1a 0x51=0x1a51
lava=0x1a 0x52=0x1a52
lava=0x1a 0x53=0x1a53
lava=0x1a 0x54=0x1a54
lava=0x1a 0x55=0x1a55
lava=0x1a 0x56=0x1a56
lava=0x1a 0x57=0x1a57
lava=0x1a 0x58=0x1a58
lava=0x1a 0x59=0x1a59
lava=0x1a 0x5a=0x1a5a
lava=0x1a 0x5b=0x1a5b
lava=0x1a 0x5c=0x1a5c
lava=0x1a 0x5d=0x1a5d
lava=0x1a 0x5e=0x1a5e
lava=0x1a 0x5f=0x1a5f
lava=0x1a 0x60=0x1a60
lava=0x1a 0x61=0x1a61
lava=0x1a 0x62=0x1a62
lava=0x1a 0x63=0x1a63
lava=0x1a 0x64=0x1a64
lava=0x1a 0x65=0x1a65
lava=0x1a 0x66=0x1a66
lava=0x1a 0x67=0x1a67
lava=0x1a 0x68=0x1a68
lava=0x1a 0x69=0x1a69
lava=0x1a 0x6a=0x1a6a
lava=0x1a 0x6b=0x1a6b
lava=0x1a 0x6c=0x1a6c
lava=0x1a 0x6d=0x1a6d
lava=0x1a 0x6e=0x1a6e
lava=0x1a 0x6f=0x1a6f
lava=0x1a 0x70=0x1a70
lava=0x1a 0x71=0x1a71
lava=0x1a 0x72=0x1a72
lava=0x1a 0x73=0x1a73
lava=0x1a 0x74=0x1a74
lava=0x1a 0x75=0x1a75
lava=0x1a 0x76=0x1a76
lava=0x1a 0x77=0x1a77
lava=0x1a 0x78=0x1a78
lava=0x1a 0x79=0x1a79
lava=0x1a 0x7a=0x1a7a
lava=0x1a 0x7b=0x1a7b
lava=0x1a 0x7c=0x1a7c
lava=0x1a 0x7d=0x1a7d
lava=0x1a 0x7e=0x1a7e
lava=0x2a 0xe4=0x2ae4
lava=0x2a 0xe5=0x2ae5
lava=0x2a 0xe6=0x2ae6
lava=0x2a 0xe7=0x2ae7
lava=0x2a 0xe8=0x2ae8
lava=0x2a 0xe9=0x2ae9
lava=0x2a 0xea=0x2aea
lava=0x2a 0xeb=0x2aeb
lava=0x2b 0x3e=0x2b3e
lava=0x2b 0x40=0x2b40
lava=0x2b 0x42=0x2b42
lava=0x2b 0x44=0x2b44
lava=0x2b 0x45=0x2b45
lava=0x2b 0x47=0x2b47
lava=0x2b 0x48=0x2b48
lava=0x2b 0x49=0x2b49
lava=0x2b 0x4b=0x2b4b
lava=0x2b 0x4d=0x2b4d
lava=0x2b 0x4f=0x2b4f
lava=0x2b 0x50=0x2b50
lava=0x2b 0x52=0x2b52
lava=0x2b 0x53=0x2b53
lava=0x2b 0x54=0x2b54
lava=0x2b 0x56=0x2b56
lava=0x2b 0x58=0x2b58
lava=0x2b 0x5c=0x2b5c
lava=0x2b 0x5e=0x2b5e
lava=0x2b 0x60=0x2b60
lava=0x2b 0x61=0x2b61
lava=0x2b 0x62=0x2b62
lava=0x2b 0x63=0x2b63
lava=0x2b 0x64=0x2b64
lava=0x2b 0x65=0x2b65
lava=0x32 0x86=0x3286
lava=0x32 0x87=0x3287
lava=0x32 0x88=0x3288
lava=0x32 0x89=0x3289
lava=0x32 0x8a=0x328a
lava=0x32 0x8b=0x328b
lava=0x32 0x8c=0x328c
lava=0x32 0x8d=0x328d
lava=0x32 0x8e=0x328e
lava=0x32 0x8f=0x328f
lava=0x32 0x90=0x3290
lava=0x32 0x91=0x3291
lava=0x32 0x92=0x3292
lava=0x32 0x93=0x3293
lava=0x32 0x94=0x3294
lava=0x32 0x95=0x3295
lava=0x32 0x96=0x3296
lava=0x32 0x97=0x3297
lava=0x32 0x98=0x3298
lava=0x32 0x99=0x3299
lava=0x32 0x9a=0x329a
lava=0x32 0x9b=0x329b
lava=0x32 0x9c=0x329c
lava=0x32 0x9d=0x329d
lava=0x32 0x9e=0x329e
lava=0x32 0x9f=0x329f
lava=0x32 0xa0=0x32a0
lava=0x32 0xa1=0x32a1
lava=0x32 0xa2=0x32a2
lava=0x32 0xa3=0x32a3
lava=0x32 0xa4=0x32a4
lava=0x32 0xa5=0x32a5
lava=0x32 0xa6=0x32a6
lava=0x32 0xa7=0x32a7
lava=0x32 0xa8=0x32a8
lava=0x32 0xa9=0x32a9
lava=0x32 0xaa=0x32aa
lava=0x32 0xab=0x32ab
lava=0x32 0xac=0x32ac
lava=0x32 0xad=0x32ad
lava=0x32 0xae=0x32ae
lava=0x32 0xaf=0x32af
lava=0x32 0xb0=0x32b0
lava=0x32 0xb1=0x32b1
lava=0x34 0x3b=0x343b
lava=0x34 0x3c=0x343c
lava=0x34 0x3d=0x343d
lava=0x34 0x3e=0x343e
lava=0x34 0x3f=0x343f
lava=0x34 0x40=0x3440
lava=0x34 0x41=0x3441
lava=0x34 0x42=0x3442
lava=0x34 0x43=0x3443
lava=0x34 0x44=0x3444
lava=0x34 0x45=0x3445
lava=0x34 0x47=0x3447
lava=0x34 0x48=0x3448
lava=0x34 0x49=0x3449
lava=0x34 0x4a=0x344a
lava=0x34 0x4b=0x344b
lava=0x34 0x4c=0x344c
lava=0x34 0x4e=0x344e
lava=0x34 0x4f=0x344f
lava=0x34 0x50=0x3450
lava=0x34 0x51=0x3451
lava=0x34 0x52=0x3452
lava=0x34 0x53=0x3453
lava=0x34 0x54=0x3454
lava=0x34 0x55=0x3455
lava=0x34 0x56=0x3456
lava=0x34 0x57=0x3457
lava=0x34 0x59=0x3459
lava=0x34 0x5a=0x345a
lava=0x34 0x5b=0x345b
lava=0x34 0x5c=0x345c
lava=0x34 0x5d=0x345d
lava=0x34 0x5e=0x345e
lava=0x34 0x5f=0x345f
lava=0x34 0x60=0x3460
lava=0x34 0x62=0x3462
lava=0x34 0x63=0x3463
lava=0x34 0x64=0x3464
lava=0x34 0x65=0x3465
lava=0x34 0x66=0x3466
lava=0x34 0x68=0x3468
lava=0x34 0x69=0x3469
lava=0x34 0x6a=0x346a
lava=0x34 0x6b=0x346b
lava=0x34 0x6c=0x346c
lava=0x35 0x46=0x3546
lava=0x35 0x47=0x3547
lava=0x35 0x48=0x3548
lava=0x35 0x49=0x3549
lava=0x35 0x4a=0x354a
lava=0x35 0x4b=0x354b
lava=0x35 0x4c=0x354c
lava=0x35 0x4d=0x354d
lava=0x35 0x4e=0x354e
lava=0x35 0x4f=0x354f
lava=0x35 0x50=0x3550
lava=0x35 0x51=0x3551
lava=0x35 0x52=0x3552
lava=0x35 0x53=0x3553
lava=0x35 0x54=0x3554
lava=0x35 0x55=0x3555
lava=0x35 0x56=0x3556
lava=0x35 0x57=0x3557
lava=0x35 0x58=0x3558
lava=0x35 0x59=0x3559
lava=0x35 0x5a=0x355a
lava=0x35 0x5b=0x355b
lava=0x35 0x5c=0x355c
lava=0x35 0x5d=0x355d
lava=0x35 0x5e=0x355e
lava=0x35 0x5f=0x355f
lava=0x35 0x60=0x3560
lava=0x35 0x61=0x3561
}
Water
{
Wave
{
wave=0x1f 0xa3=0x1fa3
wave=0x1f 0xa4=0x1fa4
wave=0x1f 0xa5=0x1fa5
wave=0x1f 0xa6=0x1fa6
wave=0x1f 0xa7=0x1fa7
wave=0x1f 0xa8=0x1fa8
wave=0x1f 0xa9=0x1fa9
wave=0x1f 0xaa=0x1faa
wave=0x1f 0xab=0x1fab
wave=0x1f 0xac=0x1fac
wave=0x1f 0xad=0x1fad
wave=0x1f 0xae=0x1fae
wave=0x1f 0xaf=0x1faf
wave=0x1f 0xb0=0x1fb0
wave=0x1f 0xb1=0x1fb1
wave=0x1f 0xb2=0x1fb2
wave=0x1f 0xb3=0x1fb3
wave=0x1f 0xb4=0x1fb4
wave=0x1f 0xb5=0x1fb5
wave=0x1f 0xb6=0x1fb6
wave=0x1f 0xb7=0x1fb7
wave=0x1f 0xb8=0x1fb8
wave=0x1f 0xb9=0x1fb9
wave=0x1f 0xba=0x1fba
wave=0x1f 0xbb=0x1fbb
wave=0x1f 0xbc=0x1fbc
wave=0x1f 0xbd=0x1fbd
wave=0x1f 0xbe=0x1fbe
wave=0x1f 0xbf=0x1fbf
wave=0x1f 0xc0=0x1fc0
wave=0x1f 0xc1=0x1fc1
wave=0x1f 0xc2=0x1fc2
wave=0x1f 0xc3=0x1fc3
wave=0x1f 0xc4=0x1fc4
wave=0x1f 0xc5=0x1fc5
wave=0x1f 0xc6=0x1fc6
wave=0x1f 0xc7=0x1fc7
wave=0x1f 0xc8=0x1fc8
wave=0x1f 0xc9=0x1fc9
wave=0x1f 0xca=0x1fca
}
Ripples
{
ripples=0x34 0xd1=0x34d1
ripples=0x34 0xd2=0x34d2
ripples=0x34 0xd3=0x34d3
ripples=0x34 0xd4=0x34d4
ripples=0x34 0xd5=0x34d5
}
Splash
{
splash=0x35 0x2d=0x352d
splash=0x35 0x2e=0x352e
splash=0x35 0x2f=0x352f
splash=0x35 0x30=0x3530
}
Water 0xFall
{
waterfall=0x34 0xed=0x34ed
waterfall=0x34 0xee=0x34ee
waterfall=0x34 0xef=0x34ef
waterfall=0x34 0xf0=0x34f0
waterfall=0x34 0xf1=0x34f1
waterfall=0x34 0xf2=0x34f2
waterfall=0x34 0xf3=0x34f3
waterfall=0x34 0xf4=0x34f4
waterfall=0x34 0xf5=0x34f5
waterfall=0x34 0xf6=0x34f6
waterfall=0x34 0xf7=0x34f7
waterfall=0x34 0xf8=0x34f8
waterfall=0x34 0xf9=0x34f9
waterfall=0x34 0xfa=0x34fa
waterfall=0x34 0xfb=0x34fb
waterfall=0x34 0xfc=0x34fc
waterfall=0x34 0xfd=0x34fd
waterfall=0x34 0xfe=0x34fe
waterfall=0x34 0xff=0x34ff
waterfall=0x35 0x00=0x3500
waterfall=0x35 0x01=0x3501
waterfall=0x35 0x02=0x3502
waterfall=0x35 0x03=0x3503
waterfall=0x35 0x04=0x3504
waterfall=0x35 0x05=0x3505
waterfall=0x35 0x06=0x3506
waterfall=0x35 0x07=0x3507
waterfall=0x35 0x08=0x3508
waterfall=0x35 0x09=0x3509
waterfall=0x35 0x0a=0x350a
waterfall=0x35 0x0b=0x350b
waterfall=0x35 0x0c=0x350c
waterfall=0x35 0x0d=0x350d
waterfall=0x35 0x0e=0x350e
waterfall=0x35 0x0f=0x350f
waterfall=0x35 0x10=0x3510
waterfall=0x35 0x11=0x3511
waterfall=0x35 0x12=0x3512
waterfall=0x35 0x13=0x3513
waterfall=0x35 0x14=0x3514
waterfall=0x35 0x15=0x3515
waterfall=0x35 0x16=0x3516
waterfall=0x35 0x17=0x3517
waterfall=0x35 0x18=0x3518
waterfall=0x35 0x19=0x3519
waterfall=0x35 0x1a=0x351a
waterfall=0x35 0x1b=0x351b
waterfall=0x35 0x1c=0x351c
waterfall=0x35 0x1d=0x351d
waterfall=0x35 0x1e=0x351e
waterfall=0x35 0x1f=0x351f
waterfall=0x35 0x20=0x3520
waterfall=0x35 0x21=0x3521
waterfall=0x35 0x22=0x3522
waterfall=0x35 0x23=0x3523
waterfall=0x35 0x24=0x3524
waterfall=0x35 0x25=0x3525
waterfall=0x35 0x26=0x3526
waterfall=0x35 0x27=0x3527
waterfall=0x35 0x28=0x3528
}
Water
{
water=0x15 0x59=0x1559
water=0x17 0x96=0x1796
water=0x17 0x97=0x1797
water=0x17 0x98=0x1798
water=0x17 0x99=0x1799
water=0x17 0x9a=0x179a
water=0x17 0x9b=0x179b
water=0x17 0x9c=0x179c
water=0x17 0x9d=0x179d
water=0x17 0x9e=0x179e
water=0x17 0x9f=0x179f
water=0x17 0xa0=0x17a0
water=0x17 0xa1=0x17a1
water=0x17 0xa2=0x17a2
water=0x17 0xa3=0x17a3
water=0x17 0xa4=0x17a4
water=0x17 0xa5=0x17a5
water=0x17 0xa6=0x17a6
water=0x17 0xa7=0x17a7
water=0x17 0xa8=0x17a8
water=0x17 0xa9=0x17a9
water=0x17 0xaa=0x17aa
water=0x17 0xab=0x17ab
water=0x17 0xac=0x17ac
water=0x17 0xad=0x17ad
water=0x17 0xae=0x17ae
water=0x17 0xaf=0x17af
water=0x17 0xb0=0x17b0
water=0x17 0xb1=0x17b1
water=0x17 0xb2=0x17b2
water=0x34 0x6e=0x346e
water=0x34 0x6f=0x346f
water=0x34 0x70=0x3470
water=0x34 0x71=0x3471
water=0x34 0x72=0x3472
water=0x34 0x73=0x3473
water=0x34 0x74=0x3474
water=0x34 0x75=0x3475
water=0x34 0x76=0x3476
water=0x34 0x77=0x3477
water=0x34 0x78=0x3478
water=0x34 0x79=0x3479
water=0x34 0x7a=0x347a
water=0x34 0x7b=0x347b
water=0x34 0x7c=0x347c
water=0x34 0x7d=0x347d
water=0x34 0x7e=0x347e
water=0x34 0x7f=0x347f
water=0x34 0x80=0x3480
water=0x34 0x81=0x3481
water=0x34 0x82=0x3482
water=0x34 0x83=0x3483
water=0x34 0x84=0x3484
water=0x34 0x85=0x3485
water=0x34 0x94=0x3494
water=0x34 0x95=0x3495
water=0x34 0x96=0x3496
water=0x34 0x97=0x3497
water=0x34 0x98=0x3498
water=0x34 0x9a=0x349a
water=0x34 0x9b=0x349b
water=0x34 0x9c=0x349c
water=0x34 0x9d=0x349d
water=0x34 0x9e=0x349e
water=0x34 0xa0=0x34a0
water=0x34 0xa1=0x34a1
water=0x34 0xa2=0x34a2
water=0x34 0xa3=0x34a3
water=0x34 0xa4=0x34a4
water=0x34 0xa6=0x34a6
water=0x34 0xa7=0x34a7
water=0x34 0xa8=0x34a8
water=0x34 0xa9=0x34a9
water=0x34 0xaa=0x34aa
water=0x34 0xab=0x34ab
water=0x34 0xb8=0x34b8
water=0x34 0xb9=0x34b9
water=0x34 0xba=0x34ba
water=0x34 0xbb=0x34bb
water=0x34 0xbd=0x34bd
water=0x34 0xbe=0x34be
water=0x34 0xbf=0x34bf
water=0x34 0xc0=0x34c0
water=0x34 0xc2=0x34c2
water=0x34 0xc3=0x34c3
water=0x34 0xc4=0x34c4
water=0x34 0xc5=0x34c5
water=0x34 0xc7=0x34c7
water=0x34 0xc8=0x34c8
water=0x34 0xc9=0x34c9
water=0x34 0xca=0x34ca
}
}
Rocks
{
boulder=0x13 0x4f=0x134f
boulder=0x13 0x50=0x1350
boulder=0x13 0x51=0x1351
boulder=0x13 0x52=0x1352
boulder=0x13 0x53=0x1353
boulder=0x13 0x54=0x1354
boulder=0x13 0x55=0x1355
boulder=0x13 0x56=0x1356
boulder=0x13 0x57=0x1357
boulder=0x13 0x58=0x1358
boulder=0x13 0x59=0x1359
boulder=0x13 0x5a=0x135a
boulder=0x13 0x5b=0x135b
boulder=0x13 0x5c=0x135c
boulder=0x13 0x5d=0x135d
boulder=0x13 0x5e=0x135e
boulder=0x13 0x5f=0x135f
boulder=0x13 0x60=0x1360
boulder=0x13 0x61=0x1361
boulder=0x13 0x62=0x1362
rock=0x13 0x63=0x1363
rock=0x13 0x64=0x1364
rock=0x13 0x65=0x1365
rock=0x13 0x66=0x1366
rocks=0x13 0x67=0x1367
rock=0x13 0x68=0x1368
rock=0x13 0x69=0x1369
rocks=0x13 0x6a=0x136a
rock=0x13 0x6b=0x136b
rock=0x13 0x6c=0x136c
rocks=0x13 0x6d=0x136d
rock=0x17 0x71=0x1771
rock=0x17 0x72=0x1772
rock=0x17 0x73=0x1773
rock=0x17 0x74=0x1774
rock=0x17 0x75=0x1775
rock=0x17 0x76=0x1776
rock=0x17 0x77=0x1777
rock=0x17 0x78=0x1778
rock=0x17 0x79=0x1779
rock=0x17 0x7a=0x177a
rock=0x17 0x7b=0x177b
rock=0x17 0x7c=0x177c
rock=0x33 0x41=0x3341
rock=0x33 0x42=0x3342
rock=0x33 0x43=0x3343
rock=0x33 0x44=0x3344
rock=0x33 0x45=0x3345
rock=0x33 0x46=0x3346
rock=0x33 0x47=0x3347
rock=0x33 0x48=0x3348
rock=0x33 0x49=0x3349
rock=0x33 0x4a=0x334a
rock=0x33 0x4b=0x334b
rock=0x33 0x4c=0x334c
rock=0x33 0x4d=0x334d
rock=0x33 0x4e=0x334e
rock=0x33 0x4f=0x334f
rock=0x33 0x50=0x3350
rock=0x33 0x51=0x3351
rock=0x34 0x21=0x3421
rock=0x34 0x22=0x3422
rock=0x34 0x23=0x3423
rock=0x34 0x24=0x3424
rock=0x34 0x26=0x3426
rock=0x34 0x27=0x3427
rock=0x34 0x28=0x3428
rock=0x34 0x29=0x3429
rock=0x34 0x2a=0x342a
rock=0x34 0x2b=0x342b
rock=0x34 0x2c=0x342c
rock=0x34 0x2d=0x342d
rock=0x34 0x2e=0x342e
rock=0x34 0x2f=0x342f
rock=0x34 0x30=0x3430
rock=0x34 0x31=0x3431
rock=0x34 0x32=0x3432
rock=0x34 0x33=0x3433
rock=0x34 0x34=0x3434
rock=0x34 0x35=0x3435
rock=0x34 0x36=0x3436
rock=0x34 0x37=0x3437
rock=0x34 0x38=0x3438
rock=0x34 0x39=0x3439
rock=0x34 0x86=0x3486
rock=0x34 0x87=0x3487
rock=0x34 0x88=0x3488
rock=0x34 0x89=0x3489
rock=0x34 0x8a=0x348a
rocks=0x34 0x8b=0x348b
rocks=0x34 0x8c=0x348c
rocks=0x34 0x8d=0x348d
rocks=0x34 0x8e=0x348e
rocks=0x34 0x8f=0x348f
rock=0x34 0xac=0x34ac
rock=0x34 0xad=0x34ad
rock=0x34 0xae=0x34ae
rock=0x34 0xaf=0x34af
rocks=0x34 0xb0=0x34b0
rocks=0x34 0xb1=0x34b1
rocks=0x34 0xb2=0x34b2
rocks=0x34 0xb3=0x34b3
rocks=0x34 0xb4=0x34b4
rock=0x35 0x39=0x3539
rock=0x35 0x3a=0x353a
rock=0x35 0x3b=0x353b
rock=0x35 0x3c=0x353c
}
Swamp
{
swamp=0x32 0x09=0x3209
swamp=0x32 0x0a=0x320a
swamp=0x32 0x0d=0x320d
swamp=0x32 0x0e=0x320e
swamp=0x32 0x0f=0x320f
swamp=0x32 0x10=0x3210
swamp=0x32 0x11=0x3211
swamp=0x32 0x13=0x3213
swamp=0x32 0x14=0x3214
swamp=0x32 0x15=0x3215
swamp=0x32 0x16=0x3216
swamp=0x32 0x17=0x3217
swamp=0x32 0x18=0x3218
swamp=0x32 0x1a=0x321a
swamp=0x32 0x1b=0x321b
swamp=0x32 0x1c=0x321c
swamp=0x32 0x1d=0x321d
swamp=0x32 0x1e=0x321e
swamp=0x32 0x20=0x3220
swamp=0x32 0x21=0x3221
swamp=0x32 0x22=0x3222
swamp=0x32 0x23=0x3223
swamp=0x32 0x24=0x3224
swamp=0x32 0x26=0x3226
swamp=0x32 0x27=0x3227
swamp=0x32 0x28=0x3228
swamp=0x32 0x29=0x3229
swamp=0x32 0x2a=0x322a
swamp=0x32 0x2c=0x322c
swamp=0x32 0x2d=0x322d
swamp=0x32 0x2e=0x322e
swamp=0x32 0x2f=0x322f
swamp=0x32 0x30=0x3230
swamp=0x32 0x31=0x3231
swamp=0x32 0x32=0x3232
swamp=0x32 0x33=0x3233
swamp=0x32 0x34=0x3234
swamp=0x32 0x36=0x3236
swamp=0x32 0x37=0x3237
swamp=0x32 0x38=0x3238
swamp=0x32 0x39=0x3239
swamp=0x32 0x3a=0x323a
swamp=0x32 0x3b=0x323b
swamp=0x32 0x3c=0x323c
swamp=0x32 0x3d=0x323d
swamp=0x32 0x3e=0x323e
swamp=0x32 0x3f=0x323f
swamp=0x32 0x41=0x3241
swamp=0x32 0x42=0x3242
swamp=0x32 0x43=0x3243
swamp=0x32 0x44=0x3244
swamp=0x32 0x45=0x3245
swamp=0x32 0x46=0x3246
swamp=0x32 0x47=0x3247
swamp=0x32 0x48=0x3248
swamp=0x32 0x49=0x3249
swamp=0x32 0x4a=0x324a
stump=0x32 0x4b=0x324b
stump=0x32 0x4c=0x324c
stump=0x32 0x4d=0x324d
sunken log=0x32 0x4e=0x324e
sunken log=0x32 0x4f=0x324f
sunken log=0x32 0x50=0x3250
sunken log=0x32 0x51=0x3251
swamp=0x32 0x52=0x3252
swamp=0x32 0x53=0x3253
swamp=0x32 0x54=0x3254
swamp=0x32 0x55=0x3255
swamp=0x32 0x56=0x3256
swamp=0x32 0x57=0x3257
swamp=0x32 0x58=0x3258
swamp=0x32 0x59=0x3259
swamp=0x32 0x5a=0x325a
swamp=0x32 0x5b=0x325b
swamp=0x32 0x5c=0x325c
swamp=0x32 0x5d=0x325d
swamp=0x32 0x5e=0x325e
swamp=0x32 0x5f=0x325f
swamp=0x32 0x60=0x3260
swamp=0x32 0x61=0x3261
swamp=0x32 0x62=0x3262
swamp=0x32 0x63=0x3263
swamp=0x32 0x64=0x3264
swamp=0x32 0x65=0x3265
swamp=0x32 0x66=0x3266
swamp=0x32 0x67=0x3267
swamp=0x32 0x68=0x3268
swamp=0x32 0x69=0x3269
swamp=0x32 0x6a=0x326a
swamp=0x32 0x6b=0x326b
swamp=0x32 0x6c=0x326c
swamp=0x32 0x6d=0x326d
swamp=0x32 0x6e=0x326e
swamp=0x32 0x6f=0x326f
swamp=0x32 0x70=0x3270
swamp=0x32 0x71=0x3271
swamp=0x32 0x72=0x3272
swamp=0x32 0x73=0x3273
swamp=0x32 0x74=0x3274
swamp=0x32 0x75=0x3275
swamp=0x32 0x76=0x3276
swamp=0x32 0x77=0x3277
swamp=0x32 0x78=0x3278
swamp=0x32 0x79=0x3279
swamp=0x32 0x7a=0x327a
swamp=0x32 0x7b=0x327b
swamp=0x32 0x7c=0x327c
swamp=0x32 0x7d=0x327d
swamp=0x32 0x7e=0x327e
swamp=0x32 0x7f=0x327f
swamp=0x32 0x80=0x3280
swamp=0x32 0x81=0x3281
swamp=0x32 0x82=0x3282
swamp=0x32 0x83=0x3283
swamp=0x32 0x84=0x3284
swamp=0x32 0x85=0x3285
stump=0x32 0x4b=0x324b
stump=0x32 0x4c=0x324c
stump=0x32 0x4d=0x324d
sunken log=0x32 0x4e=0x324e
sunken log=0x32 0x4f=0x324f
sunken log=0x32 0x50=0x3250
sunken log=0x32 0x51=0x3251
}
Grass
{
grass=0x17 0x7d=0x177d
grass=0x17 0x7e=0x177e
grass=0x17 0x7f=0x177f
grass=0x17 0x80=0x1780
grass=0x17 0x81=0x1781
grass=0x17 0x82=0x1782
grass=0x17 0x83=0x1783
grass=0x17 0x84=0x1784
grass=0x17 0x85=0x1785
grass=0x17 0x86=0x1786
grass=0x17 0x87=0x1787
grass=0x17 0x88=0x1788
grass=0x17 0x89=0x1789
}
Snow
{
snow=0x17 0xbd=0x17bd
snow=0x17 0xbe=0x17be
snow=0x17 0xbf=0x17bf
snow=0x17 0xc0=0x17c0
snow=0x17 0xc1=0x17c1
snow=0x17 0xc2=0x17c2
snow=0x17 0xc3=0x17c3
snow=0x17 0xc4=0x17c4
snow=0x17 0xc5=0x17c5
snow=0x17 0xc6=0x17c6
snow=0x17 0xc7=0x17c7
snow=0x17 0xc8=0x17c8
snow=0x17 0xc9=0x17c9
snow=0x17 0xca=0x17ca
snow=0x17 0xcb=0x17cb
snow=0x17 0xcc=0x17cc
snow=0x17 0xcd=0x17cd
snow=0x17 0xce=0x17ce
}