format=HH

farming plants
{
harvested plants
{
fresh
{
mandrake root=0x18 0xdd=0x18dd
mandrake root=0x18 0xde=0x18de
nightshade=0x18 0xe7=0x18e7
nightshade=0x18 0xe8=0x18e8
ginseng root=0x18 0xeb=0x18eb
ginseng root=0x18 0xec=0x18ec
garlic bulb=0x18 0xe3=0x18e3
garlic bulb=0x18 0xe4=0x18e4
turnip=0x0d 0x39=0x0d39
turnip=0x0d 0x3a=0x0d3a
grape bunches=0x0d 0x1a=0x0d1a
onions=0x0c 0x6d=0x0c6d
onions=0x0c 0x6e=0x0c6e
carrots=0x0c 0x77=0x0c77
ears of corn=0x0c 0x7f=0x0c7f
ears of corn=0x0c 0x80=0x0c80
ears of corn=0x0c 0x81=0x0c81
ears of corn=0x0c 0x82=0x0c82
gourds=0x0c 0x64=0x0c64
gourds=0x0c 0x65=0x0c65
pumpkins=0x0c 0x6a=0x0c6a
pumpkins=0x0c 0x6b=0x0c6b
heads of lettuce=0x0c 0x70=0x0c70
heads of lettuce=0x0c 0x71=0x0c71
squash=0x0c 0x72=0x0c72
squash=0x0c 0x73=0x0c73
honeydew melons=0x0c 0x74=0x0c74
honeydew melons=0x0c 0x75=0x0c75
carrots=0x0c 0x78=0x0c78
canteloupes=0x0c 0x79=0x0c79
canteloupes=0x0c 0x7a=0x0c7a
heads of cabbage=0x0c 0x7b=0x0c7b
heads of cabbage=0x0c 0x7c=0x0c7c
watermelons=0x0c 0x5c=0x0c5c
}
dried
{
dried flowers=0x0c 0x3b=0x0c3b
dried flowers=0x0c 0x3c=0x0c3c
dried flowers=0x0c 0x3d=0x0c3d
dried flowers=0x0c 0x3e=0x0c3e
dried herbs=0x0c 0x41=0x0c41
dried herbs=0x0c 0x42=0x0c42
wheat sheaves/f=0x1e 0xbd=0x1ebd
sheaf of hay=0x0f 0x36=0x0f36
hay sheave=0x10 0x0c=0x100c
hay sheave=0x10 0x0d=0x100d
flax bundles=0x1a 0x9c=0x1a9c
flax bundles=0x1a 0x9d=0x1a9d
dried onions=0x0c 0x3f=0x0c3f
dried onions=0x0c 0x40=0x0c40
}
}
growing plants
{
cotton=0x0c 0x4f=0x0c4f
cotton=0x0c 0x50=0x0c50
cotton=0x0c 0x51=0x0c51
cotton=0x0c 0x52=0x0c52
cotton=0x0c 0x53=0x0c53
cotton=0x0c 0x54=0x0c54
wheat=0x0c 0x55=0x0c55
wheat=0x0c 0x56=0x0c56
wheat=0x0c 0x57=0x0c57
wheat=0x0c 0x58=0x0c58
wheat=0x0c 0x59=0x0c59
wheat=0x0c 0x5a=0x0c5a
wheat=0x0c 0x5b=0x0c5b
wheat=0x0d 0xae=0x0dae
wheat=0x0d 0xaf=0x0daf
wheat sprouts=0x1e 0xbe=0x1ebe
wheat sprouts=0x1e 0xbf=0x1ebf
hay=0x1a 0x92=0x1a92
hay=0x1a 0x93=0x1a93
hay=0x1a 0x94=0x1a94
hay=0x1a 0x95=0x1a95
hay=0x1a 0x96=0x1a96
flax=0x1a 0x99=0x1a99
flax=0x1a 0x9a=0x1a9a
flax=0x1a 0x9b=0x1a9b
coconut palm=0x0c 0x95=0x0c95
date palm=0x0c 0x96=0x0c96
small banana tree=0x0c 0xa8=0x0ca8
banana tree=0x0c 0xaa=0x0caa
banana tree=0x0c 0xab=0x0cab
grapevines=0x0d 0x1b=0x0d1b
grapevines=0x0d 0x1c=0x0d1c
grapevines=0x0d 0x1d=0x0d1d
grapevines=0x0d 0x1e=0x0d1e
grapevines=0x0d 0x1f=0x0d1f
grapevines=0x0d 0x20=0x0d20
grapevines=0x0d 0x21=0x0d21
grapevines=0x0d 0x22=0x0d22
grapevines=0x0d 0x23=0x0d23
grapevines=0x0d 0x24=0x0d24
turnip=0x0c 0x61=0x0c61
turnip=0x0c 0x62=0x0c62
turnip=0x0c 0x63=0x0c63
gourds=0x0c 0x64=0x0c64
gourds=0x0c 0x65=0x0c65
gourds=0x0c 0x66=0x0c66
gourds=0x0c 0x67=0x0c67
sprouts=0x0c 0x68=0x0c68
sprouts=0x0c 0x69=0x0c69
pumpkins=0x0c 0x6a=0x0c6a
pumpkins=0x0c 0x6b=0x0c6b
pumpkins=0x0c 0x6c=0x0c6c
onions=0x0c 0x6f=0x0c6f
heads of lettuce=0x0c 0x70=0x0c70
heads of lettuce=0x0c 0x71=0x0c71
squash=0x0c 0x72=0x0c72
squash=0x0c 0x73=0x0c73
honeydew melons=0x0c 0x74=0x0c74
honeydew melons=0x0c 0x75=0x0c75
carrots=0x0c 0x76=0x0c76
canteloupes=0x0c 0x79=0x0c79
canteloupes=0x0c 0x7a=0x0c7a
heads of cabbage=0x0c 0x7b=0x0c7b
heads of cabbage=0x0c 0x7c=0x0c7c
corn stalk=0x0c 0x7d=0x0c7d
corn stalk=0x0c 0x7e=0x0c7e
watermelons=0x0c 0x5c=0x0c5c
watermelons=0x0c 0x5d=0x0c5d
mandrake=0x18 0xdf=0x18df
mandrake=0x18 0xe0=0x18e0
garlic=0x18 0xe1=0x18e1
garlic=0x18 0xe2=0x18e2
nightshade=0x18 0xe5=0x18e5
nightshade=0x18 0xe6=0x18e6
ginseng=0x18 0xe9=0x18e9
ginseng=0x18 0xea=0x18ea
apple tree=0x0d 0x94=0x0d94
leaves=0x0d 0x95=0x0d95
apple tree=0x0d 0x96=0x0d96
fall leaves=0x0d 0x97=0x0d97
apple tree=0x0d 0x98=0x0d98
leaves=0x0d 0x99=0x0d99
apple tree=0x0d 0x9a=0x0d9a
fall leaves=0x0d 0x9b=0x0d9b
peach tree=0x0d 0x9c=0x0d9c
leaves=0x0d 0x9d=0x0d9d
peach tree=0x0d 0x9e=0x0d9e
fall leaves=0x0d 0x9f=0x0d9f
peach tree=0x0d 0xa0=0x0da0
leaves=0x0d 0xa1=0x0da1
peach tree=0x0d 0xa2=0x0da2
fall leaves=0x0d 0xa3=0x0da3
pear tree=0x0d 0xa4=0x0da4
leaves=0x0d 0xa5=0x0da5
pear tree=0x0d 0xa6=0x0da6
fall leaves=0x0d 0xa7=0x0da7
pear tree=0x0d 0xa8=0x0da8
leaves=0x0d 0xa9=0x0da9
pear tree=0x0d 0xaa=0x0daa
fall leaves=0x0d 0xab=0x0dab
}
}
non 0xfarming plants
{
flowers
{
flowers=0x0d 0x36=0x0d36
flowers=0x0d 0x29=0x0d29
flowers=0x0d 0x2b=0x0d2b
flowers=0x0d 0x2d=0x0d2d
flowers=0x0d 0x2f=0x0d2f
flowers=0x0c 0x37=0x0c37
flowers=0x0c 0x38=0x0c38
flowers=0x0c 0x45=0x0c45
flowers=0x0c 0x46=0x0c46
flowers=0x0c 0x47=0x0c47
flowers=0x0c 0x48=0x0c48
flowers=0x0c 0x49=0x0c49
flowers=0x0c 0x4a=0x0c4a
flowers=0x0c 0x4b=0x0c4b
flowers=0x0c 0x4c=0x0c4c
flowers=0x0c 0x4d=0x0c4d
flowers=0x0c 0x4e=0x0c4e
morning glory=0x1f 0x0d=0x1f0d
morning glory=0x1f 0x0e=0x1f0e
morning glory=0x1f 0x0f=0x1f0f
morning glory=0x1f 0x10=0x1f10
morning glory=0x1f 0x11=0x1f11
morning glory=0x1f 0x12=0x1f12
morning glories=0x0d 0x34=0x0d34
campion flowers=0x0c 0x83=0x0c83
campion flowers=0x0c 0x89=0x0c89
campion flowers=0x0c 0x87=0x0c87
foxglove flowers=0x0c 0x84=0x0c84
foxglove flowers=0x0c 0x8a=0x0c8a
poppies=0x0c 0xbe=0x0cbe
poppies=0x0c 0xbf=0x0cbf
orfluer flowers=0x0c 0xc0=0x0cc0
orfluer flowers=0x0c 0xc1=0x0cc1
orfluer flowers=0x0c 0x85=0x0c85
snowdrops=0x0c 0x88=0x0c88
snowdrops=0x0c 0x8e=0x0c8e
red poppies=0x0c 0x86=0x0c86
white flowers=0x0c 0x8b=0x0c8b
white flowers=0x0c 0x8c=0x0c8c
white poppies=0x0c 0x8d=0x0c8d
}
{
Hedges
{
hedge=0x0c 0x8f=0x0c8f
hedge=0x0c 0x90=0x0c90
hedge=0x0d 0xb8=0x0db8
hedge=0x0d 0xb9=0x0db9
untrimmed hedge=0x0c 0x91=0x0c91
untrimmed hedge=0x0c 0x92=0x0c92
juniper bush=0x0c 0xc8=0x0cc8
tuscany pine=0x1b 0x7e=0x1b7e
}
Trees
{
cypress tree=0x0c 0xf8=0x0cf8
cypress leaves=0x0c 0xf9=0x0cf9
cypress leaves=0x0c 0xfa=0x0cfa
cypress tree=0x0c 0xfb=0x0cfb
cypress leaves=0x0c 0xfc=0x0cfc
cypress leaves=0x0c 0xfd=0x0cfd
cypress tree=0x0c 0xfe=0x0cfe
cypress leaves=0x0c 0xff=0x0cff
cypress leaves=0x0d 0x00=0x0d00
cypress tree=0x0d 0x01=0x0d01
cypress leaves=0x0d 0x02=0x0d02
cypress leaves=0x0d 0x03=0x0d03
spider tree=0x0c 0xc9=0x0cc9
tree=0x0c 0xca=0x0cca
tree=0x0c 0xcb=0x0ccb
tree=0x0c 0xcc=0x0ccc
tree=0x0c 0xcd=0x0ccd
leaves=0x0c 0xce=0x0cce
leaves=0x0c 0xcf=0x0ccf
tree=0x0c 0xd0=0x0cd0
leaves=0x0c 0xd1=0x0cd1
leaves=0x0c 0xd2=0x0cd2
tree=0x0c 0xd3=0x0cd3
leaves=0x0c 0xd4=0x0cd4
leaves=0x0c 0xd5=0x0cd5
cedar tree=0x0c 0xd6=0x0cd6
cedar needles=0x0c 0xd7=0x0cd7
cedar tree=0x0c 0xd8=0x0cd8
cedar needles=0x0c 0xd9=0x0cd9
oak tree=0x0c 0xda=0x0cda
oak leaves=0x0c 0xdb=0x0cdb
oak leaves=0x0c 0xdc=0x0cdc
oak tree=0x0c 0xdd=0x0cdd
oak leaves=0x0c 0xde=0x0cde
oak leaves=0x0c 0xdf=0x0cdf
walnut tree=0x0c 0xe0=0x0ce0
walnut leaves=0x0c 0xe1=0x0ce1
walnut leaves=0x0c 0xe2=0x0ce2
walnut tree=0x0c 0xe3=0x0ce3
walnut leaves=0x0c 0xe4=0x0ce4
walnut leaves=0x0c 0xe5=0x0ce5
willow tree=0x0c 0xe6=0x0ce6
willow leaves=0x0c 0xe7=0x0ce7
willow leaves=0x0c 0xe8=0x0ce8
sapling=0x0c 0xe9=0x0ce9
sapling=0x0c 0xea=0x0cea
Yew tree=0x12 0xb5=0x12b5
Yew tree=0x12 0xb6=0x12b6
Yew tree=0x12 0xb7=0x12b7
Yew tree=0x12 0xb8=0x12b8
Yew tree=0x12 0xb9=0x12b9
Yew tree=0x12 0xba=0x12ba
Yew tree=0x12 0xbb=0x12bb
Yew tree=0x12 0xbc=0x12bc
Yew tree=0x12 0xbd=0x12bd
Yew tree=0x12 0xbe=0x12be
Yew tree=0x12 0xbf=0x12bf
Yew tree=0x12 0xc0=0x12c0
Yew tree=0x12 0xc1=0x12c1
Yew tree=0x12 0xc2=0x12c2
Yew tree=0x12 0xc3=0x12c3
Yew tree=0x12 0xc4=0x12c4
Yew tree=0x12 0xc5=0x12c5
Yew tree=0x12 0xc6=0x12c6
Yew tree=0x12 0xc7=0x12c7
tree=0x0d 0x41=0x0d41
tree=0x0d 0x42=0x0d42
tree=0x0d 0x43=0x0d43
tree=0x0d 0x44=0x0d44
leaves=0x0d 0x45=0x0d45
leaves=0x0d 0x46=0x0d46
leaves=0x0d 0x47=0x0d47
leaves=0x0d 0x48=0x0d48
leaves=0x0d 0x49=0x0d49
leaves=0x0d 0x4a=0x0d4a
leaves=0x0d 0x4b=0x0d4b
leaves=0x0d 0x4c=0x0d4c
leaves=0x0d 0x4d=0x0d4d
leaves=0x0d 0x4e=0x0d4e
leaves=0x0d 0x4f=0x0d4f
leaves=0x0d 0x50=0x0d50
leaves=0x0d 0x51=0x0d51
leaves=0x0d 0x52=0x0d52
leaves=0x0d 0x53=0x0d53
tree=0x0d 0x57=0x0d57
tree=0x0d 0x58=0x0d58
tree=0x0d 0x59=0x0d59
tree=0x0d 0x5a=0x0d5a
tree=0x0d 0x5b=0x0d5b
leaves=0x0d 0x5c=0x0d5c
leaves=0x0d 0x5d=0x0d5d
leaves=0x0d 0x5e=0x0d5e
leaves=0x0d 0x5f=0x0d5f
leaves=0x0d 0x60=0x0d60
leaves=0x0d 0x61=0x0d61
leaves=0x0d 0x62=0x0d62
leaves=0x0d 0x63=0x0d63
leaves=0x0d 0x64=0x0d64
leaves=0x0d 0x65=0x0d65
leaves=0x0d 0x66=0x0d66
leaves=0x0d 0x67=0x0d67
leaves=0x0d 0x68=0x0d68
leaves=0x0d 0x69=0x0d69
tree=0x0d 0x6e=0x0d6e
tree=0x0d 0x6f=0x0d6f
tree=0x0d 0x70=0x0d70
tree=0x0d 0x71=0x0d71
tree=0x0d 0x72=0x0d72
leaves=0x0d 0x73=0x0d73
leaves=0x0d 0x74=0x0d74
leaves=0x0d 0x75=0x0d75
leaves=0x0d 0x76=0x0d76
leaves=0x0d 0x77=0x0d77
leaves=0x0d 0x78=0x0d78
leaves=0x0d 0x79=0x0d79
leaves=0x0d 0x7a=0x0d7a
leaves=0x0d 0x7b=0x0d7b
leaves=0x0d 0x7c=0x0d7c
leaves=0x0d 0x7d=0x0d7d
leaves=0x0d 0x7e=0x0d7e
leaves=0x0d 0x7f=0x0d7f
tree=0x0d 0x84=0x0d84
tree=0x0d 0x85=0x0d85
tree=0x0d 0x86=0x0d86
leaves=0x0d 0x87=0x0d87
leaves=0x0d 0x88=0x0d88
leaves=0x0d 0x89=0x0d89
leaves=0x0d 0x8a=0x0d8a
leaves=0x0d 0x8b=0x0d8b
leaves=0x0d 0x8c=0x0d8c
leaves=0x0d 0x8d=0x0d8d
leaves=0x0d 0x8e=0x0d8e
leaves=0x0d 0x8f=0x0d8f
leaves=0x0d 0x90=0x0d90
}
Water plants
{
cattails=0x0c 0xb7=0x0cb7
cattails=0x0c 0xb8=0x0cb8
pampas grass=0x0c 0xa5=0x0ca5
pampas grass=0x0c 0xc4=0x0cc4
water plants=0x0d 0x04=0x0d04
reeds=0x0d 0x05=0x0d05
lilypad=0x0d 0x06=0x0d06
lilypad=0x0d 0x07=0x0d07
lilypad=0x0d 0x08=0x0d08
lilypad=0x0d 0x09=0x0d09
lilypad=0x0d 0x0a=0x0d0a
lilypads=0x0d 0x0b=0x0d0b
seaweed=0x0d 0xba=0x0dba
seaweed=0x0d 0xbb=0x0dbb
lilly pad=0x0d 0xbc=0x0dbc
lilly pad=0x0d 0xbd=0x0dbd
lilly pads=0x0d 0xbe=0x0dbe
water lilly=0x0d 0xc1=0x0dc1
water lilly=0x0d 0xc2=0x0dc2
water lilly=0x0d 0xc3=0x0dc3
}
Desert
{
blade plant=0x0c 0x93=0x0c93
ponytail palm=0x0c 0xa6=0x0ca6
small palm=0x0c 0x99=0x0c99
small palm=0x0c 0x9a=0x0c9a
small palm=0x0c 0x9b=0x0c9b
small palm=0x0c 0x9c=0x0c9c
small palm=0x0c 0x9d=0x0c9d
snake plant=0x0c 0xa9=0x0ca9
cactus=0x0d 0x25=0x0d25
cactus=0x0d 0x26=0x0d26
cactus=0x0d 0x27=0x0d27
cactus=0x0d 0x28=0x0d28
cactus=0x0d 0x2a=0x0d2a
cactus=0x0d 0x2c=0x0d2c
cactus=0x0d 0x2e=0x0d2e
century plant=0x0d 0x30=0x0d30
century plant=0x0d 0x31=0x0d31
pipe cactus=0x0d 0x35=0x0d35
yucca=0x0d 0x37=0x0d37
yucca=0x0d 0x38=0x0d38
}
Grasses
{
grasses=0x0c 0xac=0x0cac
grasses=0x0c 0xad=0x0cad
grasses=0x0c 0xae=0x0cae
grasses=0x0c 0xaf=0x0caf
grasses=0x0c 0xb0=0x0cb0
grasses=0x0c 0xb1=0x0cb1
grasses=0x0c 0xb2=0x0cb2
grasses=0x0c 0xb3=0x0cb3
grasses=0x0c 0xb4=0x0cb4
grasses=0x0c 0xb5=0x0cb5
grasses=0x0c 0xb6=0x0cb6
grasses=0x0c 0xb9=0x0cb9
grasses=0x0c 0xba=0x0cba
grasses=0x0c 0xbb=0x0cbb
grasses=0x0c 0xbc=0x0cbc
grasses=0x0c 0xbd=0x0cbd
grasses=0x0c 0xc5=0x0cc5
grasses=0x0c 0xc6=0x0cc6
grasses=0x0d 0x32=0x0d32
grasses=0x0d 0x33=0x0d33
}
Potted plants
{
potted cactus=0x1e 0x0f=0x1e0f
potted cactus=0x1e 0x10=0x1e10
potted cactus=0x1e 0x11=0x1e11
potted cactus=0x1e 0x12=0x1e12
potted cactus=0x1e 0x13=0x1e13
potted cactus=0x1e 0x14=0x1e14
flower pot=0x11 0xc6=0x11c6
flower pot=0x11 0xc7=0x11c7
potted tree=0x11 0xc8=0x11c8
potted tree=0x11 0xc9=0x11c9
flowerpot=0x11 0xca=0x11ca
flowerpot=0x11 0xcb=0x11cb
flowerpot=0x11 0xcc=0x11cc
}
Ranking plants
{
vines=0x0d 0x91=0x0d91
vines=0x0d 0x92=0x0d92
vines=0x0d 0x93=0x0d93
vines=0x0d 0x80=0x0d80
vines=0x0d 0x81=0x0d81
vines=0x0d 0x82=0x0d82
vines=0x0d 0x83=0x0d83
vines=0x0d 0x6a=0x0d6a
vines=0x0d 0x6b=0x0d6b
vines=0x0d 0x6c=0x0d6c
vines=0x0d 0x6d=0x0d6d
vines=0x0d 0x54=0x0d54
vines=0x0d 0x55=0x0d55
vines=0x0d 0x56=0x0d56
vines=0x0c 0xeb=0x0ceb
vines=0x0c 0xec=0x0cec
vines=0x0c 0xed=0x0ced
vines=0x0c 0xee=0x0cee
vines=0x0c 0xef=0x0cef
vines=0x0c 0xf0=0x0cf0
vines=0x0c 0xf1=0x0cf1
vines=0x0c 0xf2=0x0cf2
vines=0x0c 0x5e=0x0c5e
vines=0x0c 0x5f=0x0c5f
vines=0x0c 0x60=0x0c60
hops=0x1a 0x9e=0x1a9e
hops=0x1a 0x9f=0x1a9f
hops=0x1a 0xa0=0x1aa0
hops=0x1a 0xa1=0x1aa1
hops cones=0x1a 0xa2=0x1aa2
}
Other
{
bulrushes=0x0c 0x94=0x0c94
elephant ear plant=0x0c 0x97=0x0c97
fan plant=0x0c 0x98=0x0c98
o'hii tree=0x0c 0x9e=0x0c9e
fern=0x0c 0x9f=0x0c9f
fern=0x0c 0xa0=0x0ca0
large fern=0x0c 0xa1=0x0ca1
fern=0x0c 0xa2=0x0ca2
fern=0x0c 0xa3=0x0ca3
fern=0x0c 0xa4=0x0ca4
rushes=0x0c 0xa7=0x0ca7
}
}
Mushrooms
{
mushrooms=0x0d 0x0c=0x0d0c
mushrooms=0x0d 0x0d=0x0d0d
mushrooms=0x0d 0x0e=0x0d0e
mushrooms=0x0d 0x0f=0x0d0f
mushrooms=0x0d 0x10=0x0d10
mushrooms=0x0d 0x11=0x0d11
mushrooms=0x0d 0x12=0x0d12
mushrooms=0x0d 0x13=0x0d13
mushrooms=0x0d 0x14=0x0d14
mushrooms=0x0d 0x15=0x0d15
mushroom=0x0d 0x16=0x0d16
mushroom=0x0d 0x17=0x0d17
mushroom=0x0d 0x18=0x0d18
mushroom=0x0d 0x19=0x0d19
mushroom=0x11 0x25=0x1125
mushroom=0x11 0x26=0x1126
mushroom=0x11 0x27=0x1127
mushroom=0x11 0x28=0x1128
mushroom=0x11 0x29=0x1129
mushroom=0x11 0x2a=0x112a
}
Dead/Garbage plants
{
muck=0x0c 0xc3=0x0cc3
weed=0x0c 0xc7=0x0cc7
fallen log=0x0c 0xf3=0x0cf3
fallen log=0x0c 0xf4=0x0cf4
fallen log=0x0c 0xf5=0x0cf5
fallen log=0x0c 0xf6=0x0cf6
fallen log=0x0c 0xf7=0x0cf7
stump=0x0e 0x56=0x0e56
stump=0x0e 0x57=0x0e57
stump=0x0e 0x58=0x0e58
stump=0x0e 0x59=0x0e59
kindling=0x0d 0xe1=0x0de1
kindling=0x0d 0xe2=0x0de2
twig=0x0f 0x31=0x0f31
twig=0x0f 0x32=0x0f32
wood=0x1b 0x81=0x1b81
wood=0x1b 0x82=0x1b82
wood=0x1b 0x83=0x1b83
wood=0x1b 0x84=0x1b84
wood=0x1b 0x85=0x1b85
wood=0x1b 0x86=0x1b86
wood=0x1b 0x87=0x1b87
wood=0x1b 0x88=0x1b88
wood=0x1b 0x89=0x1b89
wood=0x1b 0x8a=0x1b8a
wood=0x1b 0x8b=0x1b8b
wood=0x1b 0x8c=0x1b8c
wood=0x1b 0x8d=0x1b8d
wood=0x1b 0x8e=0x1b8e
wood=0x1b 0x8f=0x1b8f
wood=0x1b 0x90=0x1b90
wood=0x1b 0x91=0x1b91
wood=0x1b 0x92=0x1b92
wood=0x1b 0x93=0x1b93
wood=0x1b 0x97=0x1b97
wood=0x1b 0x98=0x1b98
wood=0x1b 0x99=0x1b99
wood=0x1b 0x9a=0x1b9a
wood=0x1b 0x9b=0x1b9b
twigs=0x1b 0x9c=0x1b9c
twigs=0x1b 0x9d=0x1b9d
twigs=0x1b 0x9e=0x1b9e
fallen branch=0x0d 0x3b=0x0d3b
fallen branch=0x0d 0x3c=0x0d3c
fallen branch=0x0d 0x3d=0x0d3d
brambles=0x0d 0x3f=0x0d3f
brambles=0x0d 0x40=0x0d40
tree stump=0x0d 0xac=0x0dac
tree stump=0x0d 0xad=0x0dad
}