format=HH

Stone
{
red Stone
{
stone roof=0x05 0x54=0x0554
stone roof=0x05 0x55=0x0555
stone roof=0x05 0x56=0x0556
stone roof=0x05 0x57=0x0557
stone roof=0x05 0x50=0x0550
stone roof=0x05 0x5c=0x055c
stone roof=0x05 0x5d=0x055d
stone roof=0x05 0x5e=0x055e
stone roof=0x05 0x5f=0x055f
stone roof=0x05 0x60=0x0560
stone roof=0x05 0x61=0x0561
stone roof=0x05 0x62=0x0562
stone roof=0x05 0x63=0x0563
stone roof=0x05 0x64=0x0564
stone roof=0x05 0x65=0x0565
stone roof=0x05 0x66=0x0566
stone roof=0x05 0x67=0x0567
stone roof=0x05 0x68=0x0568
stone roof=0x05 0x69=0x0569
stone roof=0x06 0x2f=0x062f
stone roof=0x06 0x30=0x0630
stone roof=0x06 0x31=0x0631
stone roof=0x06 0x32=0x0632
stone roof=0x06 0x39=0x0656
stone roof=0x06 0x3a=0x0657
}
white Stone
{
stone roof=0x05 0x58=0x0558
stone roof=0x05 0x59=0x0559
stone roof=0x05 0x5a=0x055a
stone roof=0x05 0x5b=0x055b
stone roof=0x05 0x6b=0x056b
stone roof=0x05 0x6c=0x056c
stone roof=0x05 0x6d=0x056d
stone roof=0x05 0x6e=0x056e
stone roof=0x05 0x6f=0x056f
stone roof=0x05 0x70=0x0570
stone roof=0x05 0x71=0x0571
stone roof=0x05 0x72=0x0572
stone roof=0x05 0x73=0x0573
stone roof=0x05 0x74=0x0574
stone roof=0x05 0x75=0x0575
stone roof=0x05 0x76=0x0576
stone roof=0x05 0x77=0x0577
stone roof=0x05 0x78=0x0578
stone roof=0x05 0xef=0x05ef
stone roof=0x06 0x2b=0x062b
stone roof=0x06 0x2c=0x062c
stone roof=0x06 0x2d=0x062d
stone roof=0x06 0x2e=0x062e
stone roof=0x06 0x39=0x065c
stone roof=0x06 0x3a=0x065d
}
Black Stone
{
stone roof=0x05 0x79=0x0579
stone roof=0x05 0x7a=0x057a
stone roof=0x05 0x7b=0x057b
stone roof=0x05 0x7c=0x057c
stone roof=0x05 0x7d=0x057d
stone roof=0x05 0x7e=0x057e
stone roof=0x06 0x39=0x0654
stone roof=0x06 0x3a=0x0655
}
pink
{
stone roof=0x06 0x37=0x0637
stone roof=0x06 0x38=0x0638
stone roof=0x06 0x39=0x0639
stone roof=0x06 0x3a=0x063a
stone roof=0x06 0x39=0x065a
stone roof=0x06 0x3a=0x065b
}
light blue
{
stone roof=0x06 0x37=0x063b
stone roof=0x06 0x38=0x063c
stone roof=0x06 0x39=0x063d
stone roof=0x06 0x3a=0x063e
stone roof=0x06 0x39=0x0652
stone roof=0x06 0x3a=0x0653
}
Grey Stone
{
roof tile=0x19 0x39=1939
roof tile=0x19 0x3a=193a
roof tile=0x19 0x3b=193b
roof tile=0x19 0x3c=193c
roof tile=0x19 0x3d=193d
roof tile=0x19 0x3e=193e
}
}

Slate
{
slate roof=0x06 0x39=0x0658
slate roof=0x06 0x3a=0x0659
slate roof=0x05 0x7f=0x057f
slate roof=0x05 0x80=0x0580
slate roof=0x05 0x81=0x0581
slate roof=0x05 0x82=0x0582
slate roof=0x05 0x83=0x0583
slate roof=0x05 0x84=0x0584
slate roof=0x05 0x85=0x0585
slate roof=0x05 0x95=0x0595
slate roof=0x05 0x96=0x0596
slate roof=0x05 0x97=0x0597
slate roof=0x05 0x98=0x0598
slate roof=0x05 0x99=0x0599
slate roof=0x05 0x9a=0x059a
slate roof=0x05 0x9b=0x059b
slate roof=0x05 0x9c=0x059c
slate roof=0x05 0x9d=0x059d
slate roof=0x05 0x9e=0x059e
slate roof=0x05 0x9f=0x059f
slate roof=0x05 0xa0=0x05a0
slate roof=0x05 0xa1=0x05a1
slate roof=0x05 0xa2=0x05a2
slate roof=0x05 0xa3=0x05a3
LBR
{
slate roof=0x21 0x708=0x2178
slate roof=0x21 0x709=0x2179
slate roof=0x21 0x70a=0x217a
slate roof=0x21 0x70b=0x217b
slate roof=0x21 0x70c=0x217c
slate roof=0x21 0x70d=0x217d
slate roof=0x21 0x70e=0x217e
slate roof=0x21 0x70f=0x217f
}
}
Palm
{
palm 0xfrond roof=0x05 0x86=0x0586
palm 0xfronds=0x05 0x87=0x0587
palm 0xfronds=0x05 0x88=0x0588
palm 0xfronds=0x05 0x89=0x0589
palm 0xfronds=0x05 0x8a=0x058a
palm 0xfronds=0x05 0x8b=0x058b
palm 0xfronds=0x05 0x8c=0x058c
palm 0xfronds=0x05 0x8d=0x058d
palm 0xfronds=0x05 0x8e=0x058e
palm 0xfronds=0x05 0x8f=0x058f
palm 0xfronds=0x05 0x90=0x0590
palm 0xfronds=0x05 0x91=0x0591
palm 0xfronds=0x05 0x92=0x0592
palm 0xfronds=0x05 0x93=0x0593
palm 0xfronds=0x05 0x94=0x0594
LBR
{
palm 0xfronds=0x21 0x80=0x2180
palm 0xfronds=0x21 0x81=0x2181
palm 0xfronds=0x21 0x82=0x2182
palm 0xfronds=0x21 0x83=0x2183
palm 0xfronds=0x21 0x84=0x2184
palm 0xfronds=0x21 0x85=0x2185
palm 0xfronds=0x21 0x86=0x2186
palm 0xfronds=0x21 0x87=0x2187
}
palm 0xfrond roof=0x05 0xd1=0x05d1
palm 0xfrond roof=0x05 0xd2=0x05d2
palm 0xfrond roof=0x05 0xd3=0x05d3
palm 0xfrond roof=0x05 0xd4=0x05d4
palm 0xfrond roof=0x05 0xd6=0x05d6
palm 0xfrond roof=0x05 0xd7=0x05d7
palm 0xfrond roof=0x05 0xd8=0x05d8
palm 0xfrond roof=0x05 0xd9=0x05d9
palm 0xfrond roof=0x05 0xda=0x05da
palm 0xfrond roof=0x05 0xdb=0x05db
palm 0xfrond roof=0x05 0xdc=0x05dc
palm 0xfrond roof=0x05 0xdd=0x05dd
palm 0xfrond roof=0x05 0xde=0x05de
palm 0xfrond roof=0x05 0xdf=0x05df
palm 0xfrond roof=0x05 0xe0=0x05e0
palm 0xfrond roof=0x05 0xe1=0x05e1
palm 0xfrond roof=0x05 0xe2=0x05e2
palm 0xfrond roof=0x05 0xe3=0x05e3
palm 0xfrond roof=0x05 0xe4=0x05e4
palm 0xfrond roof=0x05 0xe5=0x05e5
palm 0xfrond roof=0x05 0xe6=0x05e6
palm 0xfrond roof=0x05 0xe7=0x05e7
palm 0xfrond roof=0x05 0xe8=0x05e8
palm 0xfrond roof=0x05 0xe9=0x05e9
palm 0xfrond roof=0x05 0xea=0x05ea
palm 0xfrond roof=0x05 0xeb=0x05eb
palm 0xfrond roof=0x05 0xec=0x05ec
}
Thatch
{
thatch roof=0x05 0xa4=0x05a4
thatch roof=0x05 0xa5=0x05a5
thatch roof=0x05 0xa6=0x05a6
thatch roof=0x05 0xa7=0x05a7
thatch roof=0x05 0xa8=0x05a8
thatch roof=0x05 0xa9=0x05a9
thatch roof=0x05 0xaa=0x05aa
thatch roof=0x05 0xab=0x05ab
thatch roof=0x05 0xac=0x05ac
thatch roof=0x05 0xad=0x05ad
thatch roof=0x05 0xae=0x05ae
thatch roof=0x05 0xaf=0x05af
thatch roof=0x05 0xb0=0x05b0
thatch roof=0x05 0xb1=0x05b1
thatch roof=0x05 0xb2=0x05b2
LBR
{
thatch roof=0x21 0x48=0x2148
thatch roof=0x21 0x49=0x2149
thatch roof=0x21 0x4a=0x214a
thatch roof=0x21 0x4b=0x214b
thatch roof=0x21 0x4c=0x214c
thatch roof=0x21 0x4d=0x214d
thatch roof=0x21 0x4e=0x214e
thatch roof=0x21 0x4f=0x214f
}
}
Tiles
{
tile roof=0x05 0xb3=0x05b3
tile roof=0x05 0xb4=0x05b4
tile roof=0x05 0xb5=0x05b5
tile roof=0x05 0xb6=0x05b6
tile roof=0x05 0xb7=0x05b7
tile roof=0x05 0xb8=0x05b8
tile roof=0x05 0xb9=0x05b9
tile roof=0x05 0xba=0x05ba
tile roof=0x05 0xbb=0x05bb
tile roof=0x05 0xbc=0x05bc
tile roof=0x05 0xbd=0x05bd
tile roof=0x05 0xbe=0x05be
tile roof=0x05 0xbf=0x05bf
tile roof=0x05 0xc0=0x05c0
tile roof=0x05 0xc1=0x05c1
tile roof=0x06 0xfd=0x06fd
tile roof=0x06 0xfe=0x06fe
tile roof=0x06 0xff=0x06ff
tile roof=0x07 0x00=0x0700
LBR
{
tile roof=0x21 0xe9=0x21e9
tile roof=0x21 0xea=0x21ea
tile roof=0x21 0xeb=0x21eb
tile roof=0x21 0xec=0x21ec
tile roof=0x21 0xed=0x21ed
tile roof=0x21 0xee=0x21ee
tile roof=0x21 0xef=0x21ef
tile roof=0x21 0xf0=0x21f0
}
}
Wooden shingles
{
wooden shingle=0x05 0xc2=0x05c2
wooden shingles=0x05 0xc3=0x05c3
wooden shingles=0x05 0xc4=0x05c4
wooden shingles=0x05 0xc5=0x05c5
wooden shingles=0x05 0xc6=0x05c6
wooden shingles=0x05 0xc7=0x05c7
wooden shingles=0x05 0xc8=0x05c8
wooden shingles=0x05 0xc9=0x05c9
wooden shingles=0x05 0xca=0x05ca
wooden shingles=0x05 0xcb=0x05cb
wooden shingles=0x05 0xcc=0x05cc
wooden shingles=0x05 0xcd=0x05cd
wooden shingles=0x05 0xce=0x05ce
wooden shingles=0x05 0xcf=0x05cf
wooden shingles=0x05 0xd0=0x05d0
LBR
{
wooden shingle=0x21 0x70=0x2170
wooden shingle=0x21 0x71=0x2171
wooden shingle=0x21 0x72=0x2172
wooden shingle=0x21 0x73=0x2173
wooden shingle=0x21 0x74=0x2174
wooden shingle=0x21 0x75=0x2175
wooden shingle=0x21 0x76=0x2176
wooden shingle=0x21 0x77=0x2177
}
}
Log roof
{
log roof=0x05 0xf0=0x05f0
log roof=0x05 0xf1=0x05f1
log roof=0x05 0xf2=0x05f2
log roof=0x05 0xf3=0x05f3
log roof=0x05 0xf4=0x05f4
log roof=0x05 0xf5=0x05f5
log roof=0x05 0xf6=0x05f6
log roof=0x05 0xf7=0x05f7
log roof=0x05 0xf8=0x05f8
log roof=0x05 0xf9=0x05f9
log roof=0x05 0xfa=0x05fa
log roof=0x05 0xfb=0x05fb
log roof=0x05 0xfc=0x05fc
log roof=0x05 0xfd=0x05fd
log roof=0x05 0xfe=0x05fe
}
Tent
{
green
{
tent roof=0x06 0x15=0x0615
tent roof=0x06 0x16=0x0616
tent roof=0x06 0x17=0x0617
tent roof=0x06 0x18=0x0618
tent roof=0x06 0x19=0x0619
tent roof=0x06 0x1a=0x061a
tent roof=0x06 0x1b=0x061b
tent roof=0x06 0x1c=0x061c
tent roof=0x06 0x1d=0x061d
tent roof=0x06 0x1e=0x061e
tent roof=0x06 0x1f=0x061f
tent roof=0x06 0x20=0x0620
tent roof=0x06 0x21=0x0621
tent roof=0x06 0x22=0x0622
tent roof=0x06 0x23=0x0623
tent roof=0x06 0x24=0x0624
tent roof=0x06 0x25=0x0625
tent roof=0x06 0x26=0x0626
tent roof=0x06 0x27=0x0627
tent roof=0x06 0x28=0x0628
tent roof=0x06 0x29=0x0629
tent roof=0x06 0x2a=0x062a
tent roof=0x06 0x35=0x0635
tent roof=0x06 0x36=0x0636
tent roof=0x06 0x4f=0x064f
tent roof=0x06 0x50=0x0650
tent roof=0x06 0x51=0x0651
}
blue
{
tent roof=0x05 0xff=0x05ff
tent roof=0x06 0x00=0x0600
tent roof=0x06 0x01=0x0601
tent roof=0x06 0x02=0x0602
tent roof=0x06 0x03=0x0603
tent roof=0x06 0x04=0x0604
tent roof=0x06 0x05=0x0605
tent roof=0x06 0x06=0x0606
tent roof=0x06 0x07=0x0607
tent roof=0x06 0x08=0x0608
tent roof=0x06 0x09=0x0609
tent roof=0x06 0x0a=0x060a
tent roof=0x06 0x0b=0x060b
tent roof=0x06 0x0c=0x060c
tent roof=0x06 0x0d=0x060d
tent roof=0x06 0x0e=0x060e
tent roof=0x06 0x0f=0x060f
tent roof=0x06 0x10=0x0610
tent roof=0x06 0x11=0x0611
tent roof=0x06 0x12=0x0612
tent roof=0x06 0x13=0x0613
tent roof=0x06 0x14=0x0614
tent roof=0x06 0x33=0x0633
tent roof=0x06 0x34=0x0634
tent roof=0x06 0x4c=0x064c
tent roof=0x06 0x4d=0x064d
tent roof=0x06 0x4e=0x064e
}
grey
{
tent roof=0x06 0x48=0x0648
tent roof=0x06 0x49=0x0649
tent roof=0x06 0x4a=0x064a
tent roof=0x06 0x4b=0x064b
tent roof=0x06 0x5e=0x065e
tent roof=0x06 0x5f=0x065f
tent roof=0x06 0x60=0x0660
tent roof=0x06 0x61=0x0661
tent roof=0x06 0x62=0x0662
tent roof=0x06 0x63=0x0663
tent roof=0x06 0x64=0x0664
tent roof=0x06 0x65=0x0665
tent roof=0x06 0x66=0x0666
tent roof=0x06 0x67=0x0667
tent roof=0x06 0x68=0x0668
tent roof=0x06 0x69=0x0669
tent roof=0x06 0x6a=0x066a
tent roof=0x06 0x6b=0x066b
tent roof=0x06 0x6c=0x066c
tent roof=0x06 0x6d=0x066d
tent roof=0x06 0x6e=0x066e
tent roof=0x06 0x6f=0x066f
tent roof=0x06 0x70=0x0670
tent roof=0x06 0x71=0x0671
tent roof=0x06 0x72=0x0672
tent roof=0x06 0x73=0x0673
tent roof=0x06 0x74=0x0674
}
}