format=HH

Signposts
{
Wooden
{
wooden signpost=0x0b 0x97=0x0b97
wooden signpost=0x0b 0x98=0x0b98
wooden signpost=0x0b 0x99=0x0b99
wooden signpost=0x0b 0x9a=0x0b9a
}
Metal
{
metal signpost=0x0b 0x9b=0x0b9b
metal signpost=0x0b 0x9c=0x0b9c
metal signpost=0x0b 0x9d=0x0b9d
metal signpost=0x0b 0x9e=0x0b9e
metal signpost=0x0b 0x9f=0x0b9f
metal signpost=0x0b 0xa0=0x0ba0
metal signpost=0x0b 0xa1=0x0ba1
metal signpost=0x0b 0xa2=0x0ba2
}
}
Signs
{
Custom signs
{
wooden sign=0x0b 0xcf=0x0bcf
wooden sign=0x0b 0xd0=0x0bd0
brass sign=0x0b 0xd1=0x0bd1
brass sign=0x0b 0xd2=0x0bd2
sign=0x1f 0x28=0x1f28
sign=0x1f 0x29=0x1f29
}
direction signs
{
post=0x12 0x96=0x1296
sign=0x12 0x97=0x1297
sign=0x12 0x98=0x1298
sign=0x12 0x99=0x1299
sign=0x12 0x9a=0x129a
sign=0x12 0x9b=0x129b
sign=0x12 0x9c=0x129c
sign=0x12 0x9d=0x129d
sign=0x12 0x9e=0x129e
}
Professions
{
library=0x0b 0x95=0x0b95
library 0x=0x0b 0x96=0x0b96
Bank=0x0c 0x0b=0x0c0b
Bank=0x0c 0x0c=0x0c0c
Beekeeper=0x0c 0x43=0x0c43
Beekeeper=0x0c 0x44=0x0c44
Theatre=0x0c 0x0d=0x0c0d
Theatre=0x0c 0x0e=0x0c0e
Bakery=0x0b 0xa3=0x0ba3
Bakery=0x0b 0xa4=0x0ba4
Tailor=0x0b 0xa5=0x0ba5
Tailor=0x0b 0xa6=0x0ba6
Tinker=0x0b 0xa7=0x0ba7
Tinker=0x0b 0xa8=0x0ba8
Butcher=0x0b 0xa9=0x0ba9
Butcher=0x0b 0xaa=0x0baa
Healer=0x0b 0xab=0x0bab
Healer=0x0b 0xac=0x0bac
Mage=0x0b 0xad=0x0bad
Mage=0x0b 0xae=0x0bae
Woodworker=0x0b 0xaf=0x0baf
Woodworker=0x0b 0xb0=0x0bb0
Customs=0x0b 0xb1=0x0bb1
Customs=0x0b 0xb2=0x0bb2
Inn=0x0b 0xb3=0x0bb3
Inn=0x0b 0xb4=0x0bb4
Shipwright=0x0b 0xb5=0x0bb5
Shipwright=0x0b 0xb6=0x0bb6
Stables=0x0b 0xb7=0x0bb7
Stables=0x0b 0xb8=0x0bb8
Barber shop=0x0b 0xb9=0x0bb9
Barber shop=0x0b 0xba=0x0bba
Bard=0x0b 0xbb=0x0bbb
Bard=0x0b 0xbc=0x0bbc
Fletcher=0x0b 0xbd=0x0bbd
Fletcher=0x0b 0xbe=0x0bbe
Armourer=0x0b 0xbf=0x0bbf
Armourer=0x0b 0xc0=0x0bc0
Jeweler=0x0b 0xc1=0x0bc1
Jeweler=0x0b 0xc2=0x0bc2
Tavern=0x0b 0xc3=0x0bc3
Tavern=0x0b 0xc4=0x0bc4
Reagent shop=0x0b 0xc5=0x0bc5
Reagent shop=0x0b 0xc6=0x0bc6
Blacksmith=0x0b 0xc7=0x0bc7
Blacksmith=0x0b 0xc8=0x0bc8
Painter=0x0b 0xc9=0x0bc9
Painter=0x0b 0xca=0x0bca
Provisioner=0x0b 0xcb=0x0bcb
Provisioner=0x0b 0xcc=0x0bcc
Bowyer=0x0b 0xcd=0x0bcd
Bowyer=0x0b 0xce=0x0bce
}
Guilds
{
Armaments guild=0x0b 0xd3=0x0bd3
Armaments guild=0x0b 0xd4=0x0bd4
Armourers' guild=0x0b 0xd5=0x0bd5
Armourers' guild=0x0b 0xd6=0x0bd6
Blacksmiths' guild=0x0b 0xd7=0x0bd7
Blacksmiths' guild=0x0b 0xd8=0x0bd8
Weapons guild=0x0b 0xd9=0x0bd9
Weapons guild=0x0b 0xda=0x0bda
Bardic guild=0x0b 0xdb=0x0bdb
Bardic guild=0x0b 0xdc=0x0bdc
Barters' guild=0x0b 0xdd=0x0bdd
Barters' guild=0x0b 0xde=0x0bde
Provisioner guild=0x0b 0xdf=0x0bdf
Provisioner guild=0x0b 0xe0=0x0be0
Traders' guild=0x0b 0xe1=0x0be1
Traders' guild=0x0b 0xe2=0x0be2
Cooks' guild=0x0b 0xe3=0x0be3
Cooks' guild=0x0b 0xe4=0x0be4
Healers' guild=0x0b 0xe5=0x0be5
Healers' guild=0x0b 0xe6=0x0be6
Mages' guild=0x0b 0xe7=0x0be7
Mages' guild=0x0b 0xe8=0x0be8
Sorcerers' guild=0x0b 0xe9=0x0be9
Sorcerer's guild=0x0b 0xea=0x0bea
Illusionist guild=0x0b 0xeb=0x0beb
Illusionist guild=0x0b 0xec=0x0bec
Miners' guild=0x0b 0xed=0x0bed
Miners' guild=0x0b 0xee=0x0bee
Archers' guild=0x0b 0xef=0x0bef
Archers' guild=0x0b 0xf0=0x0bf0
Seamens' guild=0x0b 0xf1=0x0bf1
Seamens' guild=0x0b 0xf2=0x0bf2
Fishermens' guild=0x0b 0xf3=0x0bf3
Fishermens' guild=0x0b 0xf4=0x0bf4
Sailors' guild=0x0b 0xf5=0x0bf5
Sailors' guild=0x0b 0xf6=0x0bf6
Shipwrights' guild=0x0b 0xf7=0x0bf7
Shipwrights' guild=0x0b 0xf8=0x0bf8
Tailors' guild=0x0b 0xf9=0x0bf9
Tailors' guild=0x0b 0xfa=0x0bfa
Thieves' guild=0x0b 0xfb=0x0bfb
Thieves' guild=0x0b 0xfc=0x0bfc
Rogues' guild=0x0b 0xfd=0x0bfd
Rogues' guild=0x0b 0xfe=0x0bfe
Assassins' guild=0x0b 0xff=0x0bff
Assassins' guild=0x0c 0x00=0x0c00
Tinkers' guild=0x0c 0x01=0x0c01
Tinkers' guild=0x0c 0x02=0x0c02
Warriors' guild=0x0c 0x03=0x0c03
Warriors' guild=0x0c 0x04=0x0c04
Cavalry guild=0x0c 0x05=0x0c05
Cavalry guild=0x0c 0x06=0x0c06
Fighters' guild=0x0c 0x07=0x0c07
Fighters' guild=0x0c 0x08=0x0c08
Merchants' guild=0x0c 0x09=0x0c09
Merchants' guild=0x0c 0x0a=0x0c0a
}
Magic signs
{
magical sign=0x16 0x3d=0x163d
magical sign=0x16 0x3e=0x163e
magical sign=0x16 0x3f=0x163f
magical sign=0x16 0x41=0x1641
magical sign=0x16 0x42=0x1642
magical sign=0x16 0x43=0x1643

}
}
Banner
{
banner=0x15 0x86=0x1586
banner=0x15 0x87=0x1587
banner=0x15 0x88=0x1588
banner=0x15 0x89=0x1589
banner=0x15 0x8a=0x158a
banner=0x15 0x8b=0x158b
banner=0x15 0x8c=0x158c
banner=0x15 0x8d=0x158d
banner=0x15 0x8e=0x158e
banner hanger=0x15 0x8f=0x158f
banner=0x15 0x90=0x1590
banner=0x15 0x91=0x1591
banner=0x15 0x92=0x1592
banner=0x15 0x93=0x1593
banner=0x15 0x94=0x1594
banner=0x15 0x95=0x1595
banner=0x15 0x96=0x1596
banner=0x15 0x97=0x1597
banner=0x15 0x98=0x1598
banner=0x15 0x99=0x1599
banner=0x15 0x9a=0x159a
banner=0x15 0x9b=0x159b
banner=0x15 0x9c=0x159c
banner=0x15 0x9d=0x159d
banner=0x15 0xa0=0x15a0
banner=0x15 0xa1=0x15a1
banner=0x15 0xa2=0x15a2
banner=0x15 0xa3=0x15a3
banner=0x15 0xa4=0x15a4
banner=0x15 0xa5=0x15a5
banner=0x15 0xa6=0x15a6
banner=0x15 0xa7=0x15a7
banner=0x15 0xa8=0x15a8
banner=0x15 0xa9=0x15a9
banner=0x15 0xaa=0x15aa
banner=0x15 0xab=0x15ab
banner=0x15 0xac=0x15ac
banner=0x15 0xad=0x15ad
banner=0x15 0xae=0x15ae
banner=0x15 0xaf=0x15af
banner=0x15 0xb0=0x15b0
banner=0x15 0xb1=0x15b1
banner=0x15 0xb2=0x15b2
banner=0x15 0xb3=0x15b3
banner=0x15 0xb4=0x15b4
banner=0x15 0xb5=0x15b5
banner=0x15 0xb6=0x15b6
banner=0x15 0xb7=0x15b7
banner=0x15 0xb8=0x15b8
banner=0x15 0xb9=0x15b9
banner=0x15 0xba=0x15ba
banner=0x15 0xbb=0x15bb
banner=0x15 0xbc=0x15bc
banner=0x15 0xbd=0x15bd
banner=0x15 0xbe=0x15be
banner=0x15 0xbf=0x15bf
banner=0x15 0xc0=0x15c0
banner=0x15 0xc1=0x15c1
banner=0x15 0xc2=0x15c2
banner=0x15 0xc3=0x15c3
banner=0x15 0xc4=0x15c4
banner=0x15 0xc5=0x15c5
banner=0x15 0xc6=0x15c6
banner=0x15 0xc7=0x15c7
banner=0x15 0xc8=0x15c8
banner=0x15 0xc9=0x15c9
banner=0x15 0xca=0x15ca
banner=0x15 0xcb=0x15cb
banner=0x15 0xcc=0x15cc
banner=0x15 0xcd=0x15cd
banner=0x15 0xce=0x15ce
banner=0x15 0xcf=0x15cf
banner=0x15 0xd0=0x15d0
banner=0x15 0xd1=0x15d1
banner=0x15 0xd2=0x15d2
banner=0x15 0xd3=0x15d3
banner=0x15 0xd4=0x15d4
banner=0x15 0xd5=0x15d5
banner=0x15 0xd6=0x15d6
banner=0x15 0xd7=0x15d7
banner=0x15 0xd8=0x15d8
banner=0x15 0xd9=0x15d9
banner=0x15 0xda=0x15da
banner=0x15 0xdb=0x15db
banner=0x15 0xdc=0x15dc
banner=0x15 0xdd=0x15dd
banner=0x15 0xde=0x15de
banner=0x15 0xdf=0x15df
banner=0x15 0xe0=0x15e0
banner=0x15 0xe1=0x15e1
banner=0x15 0xe2=0x15e2
banner=0x15 0xe3=0x15e3
banner=0x15 0xe4=0x15e4
banner=0x15 0xe5=0x15e5
banner=0x15 0xe6=0x15e6
banner=0x15 0xe7=0x15e7
banner=0x15 0xe8=0x15e8
banner=0x15 0xe9=0x15e9
banner=0x15 0xea=0x15ea
banner=0x15 0xeb=0x15eb
banner=0x15 0xec=0x15ec
banner=0x15 0xed=0x15ed
banner=0x15 0xee=0x15ee
banner=0x15 0xef=0x15ef
banner=0x15 0xf0=0x15f0
banner=0x15 0xf1=0x15f1
banner=0x15 0xf2=0x15f2
banner=0x15 0xf3=0x15f3
banner=0x15 0xf4=0x15f4
banner=0x15 0xf5=0x15f5
banner=0x16 0x0f=0x160f
banner=0x16 0x10=0x1610
banner=0x16 0x11=0x1611
banner=0x16 0x12=0x1612
banner=0x16 0x13=0x1613
banner=0x16 0x14=0x1614
banner=0x16 0x15=0x1615
banner=0x16 0x16=0x1616
banner=0x16 0x17=0x1617
banner=0x16 0x18=0x1618
banner=0x16 0x19=0x1619
banner=0x16 0x1a=0x161a
banner=0x16 0x1b=0x161b
banner=0x16 0x1c=0x161c
banner=0x16 0x1d=0x161d
banner=0x16 0x1e=0x161e
banner=0x16 0x1f=0x161f
banner=0x16 0x20=0x1620
banner=0x16 0x21=0x1621
banner=0x16 0x22=0x1622
banner=0x16 0x23=0x1623
banner=0x16 0x24=0x1624
banner=0x16 0x25=0x1625
banner hanger=0x16 0x26=0x1626
banner=0x16 0x27=0x1627
banner=0x16 0x28=0x1628
banner=0x16 0x29=0x1629
banner=0x16 0x2a=0x162a
banner=0x16 0x2b=0x162b
banner=0x16 0x2c=0x162c
banner=0x16 0x2d=0x162d
banner=0x16 0x2e=0x162e
banner=0x16 0x2f=0x162f
banner=0x16 0x30=0x1630
banner=0x16 0x31=0x1631
banner=0x16 0x32=0x1632
banner=0x16 0x33=0x1633
}