format=HH

Stairs
{
Marble
{
marble=0x07 0x09=0x0709
marble stairs=0x07 0x0a=0x070a
marble stairs=0x07 0x0b=0x070b
marble stairs=0x07 0x0c=0x070c
marble stairs=0x07 0x0d=0x070d
marble stairs=0x07 0x0e=0x070e
marble stairs=0x07 0x0f=0x070f
marble stairs=0x07 0x10=0x0710
marble stairs=0x07 0x11=0x0711
marble stairs=0x07 0x12=0x0712
marble stairs=0x07 0x13=0x0713
marble stairs=0x07 0x14=0x0714
marble stairs=0x07 0x15=0x0715
marble stairs=0x07 0x16=0x0716
marble stairs=0x07 0x17=0x0717
marble stairs=0x07 0x18=0x0718
marble stairs=0x07 0x19=0x0719
marble stairs=0x07 0x1a=0x071a
marble stairs=0x07 0x1b=0x071b
marble stairs=0x07 0x1c=0x071c
marble stairs=0x07 0x1d=0x071d
}
Stone
{
grey Stone
{
stone=0x07 0x1e=0x071e
stone stairs=0x07 0xda=0x07da
stone stairs=0x07 0xdf=0x07df
stone stairs=0x07 0xe0=0x07e0
stone stairs=0x08 0x34=0x0834
stone stairs=0x08 0x76=0x0876
stone stairs=0x07 0x1f=0x071f
stone stairs=0x07 0x36=0x0736
stone stairs=0x07 0x37=0x0737
stone stairs=0x07 0x49=0x0749
stone stairs=0x07 0x4a=0x074a
stone stairs=0x07 0x4b=0x074b
stone stairs=0x07 0x4c=0x074c
stone stairs=0x07 0x4d=0x074d
stone stairs=0x07 0x4e=0x074e
stone stairs=0x07 0x4f=0x074f
stone stairs=0x07 0x82=0x0782
stone stairs=0x07 0x83=0x0783
stone stairs=0x07 0xa0=0x07a0
stone stairs=0x07 0xa1=0x07a1
stone stairs=0x07 0xa2=0x07a2
}
White Stone
{
stone=0x07 0x50=0x0750
stone stairs=0x07 0x51=0x0751
stone stairs=0x07 0x52=0x0752
stone stairs=0x07 0x53=0x0753
stone stairs=0x07 0x54=0x0754
stone stairs=0x07 0x55=0x0755
stone stairs=0x07 0x56=0x0756
stone stairs=0x07 0x57=0x0757
stone stairs=0x07 0x58=0x0758
stone stairs=0x07 0x59=0x0759
stone stairs=0x07 0x5a=0x075a
stone stairs=0x07 0x5b=0x075b
stone stairs=0x07 0x5c=0x075c
stone stairs=0x07 0x5d=0x075d
stone stairs=0x07 0x5e=0x075e
stone stairs=0x07 0x5f=0x075f
stone stairs=0x07 0x60=0x0760
stone stairs=0x07 0x61=0x0761
stone stairs=0x07 0x62=0x0762
stone stairs=0x07 0x63=0x0763
stone stairs=0x07 0x64=0x0764
stone=0x07 0x65=0x0765
stone=0x07 0x66=0x0766
stone=0x07 0x67=0x0767
stone=0x07 0x68=0x0768
stone step=0x09 0x15=0x0915
stone step=0x09 0x16=0x0916
}
Brown Stone
{
stone=0x07 0x84=0x0784
stone=0x07 0x85=0x0785
stone=0x07 0x86=0x0786
stone=0x07 0x87=0x0787
stone=0x07 0x88=0x0788
stone stairs=0x07 0x89=0x0789
stone stairs=0x07 0x8a=0x078a
stone stairs=0x07 0x8b=0x078b
stone stairs=0x07 0x8c=0x078c
stone stairs=0x07 0x8d=0x078d
stone stairs=0x07 0x8e=0x078e
stone stairs=0x07 0x8f=0x078f
stone stairs=0x07 0x90=0x0790
stone stairs=0x07 0x91=0x0791
stone stairs=0x07 0x92=0x0792
stone stairs=0x07 0x93=0x0793
stone stairs=0x07 0x94=0x0794
stone stairs=0x07 0x95=0x0795
stone stairs=0x07 0x96=0x0796
stone stairs=0x07 0x97=0x0797
stone stairs=0x07 0x98=0x0798
stone stairs=0x07 0x99=0x0799
stone stairs=0x07 0x9a=0x079a
stone stairs=0x07 0x9b=0x079b
stone stairs=0x07 0x9c=0x079c
}
Green Stone
{
stone=0x07 0xa3=0x07a3
stone stairs=0x07 0xa4=0x07a4
stone stairs=0x07 0xa5=0x07a5
stone stairs=0x07 0xa6=0x07a6
stone stairs=0x07 0xa7=0x07a7
stone stairs=0x07 0xa8=0x07a8
stone stairs=0x07 0xa9=0x07a9
stone stairs=0x07 0xaa=0x07aa
stone stairs=0x07 0xab=0x07ab
stone stairs=0x07 0xac=0x07ac
stone stairs=0x07 0xad=0x07ad
stone stairs=0x07 0xae=0x07ae
stone stairs=0x07 0xaf=0x07af
stone step=0x09 0x17=0x0917
stone step=0x09 0x18=0x0918
}
Yellow Stone
{
stone=0x03 0xee=0x03ee
stone stairs=0x03 0xef=0x03ef
stone stairs=0x03 0xf0=0x03f0
stone stairs=0x03 0xf1=0x03f1
stone stairs=0x03 0xf2=0x03f2
stone stairs=0x03 0xf3=0x03f3
stone stairs=0x03 0xf4=0x03f4
stone stairs=0x03 0xf5=0x03f5
stone stairs=0x03 0xf6=0x03f6
stone stairs=0x03 0xf7=0x03f7
stone stairs=0x03 0xf8=0x03f8
stone stairs=0x03 0xf9=0x03f9
stone stairs=0x03 0xfa=0x03fa
stone stairs=0x03 0xfb=0x03fb
stone stairs=0x03 0xfc=0x03fc
stone stairs=0x03 0xfd=0x03fd
stone stairs=0x03 0xfe=0x03fe
stone stairs=0x04 0xff=0x04ff
stone stairs=0x04 0x00=0x0400
stone stairs=0x04 0x01=0x0401
stone stairs=0x04 0x02=0x0402
}
Sandstone
{
stone=0x07 0x69=0x0769
stone=0x07 0x6a=0x076a
stone=0x07 0x6b=0x076b
stone=0x07 0x6c=0x076c
stone=0x07 0x81=0x0781
stone stairs=0x07 0x6d=0x076d
stone stairs=0x07 0x6e=0x076e
stone stairs=0x07 0x6f=0x076f
stone stairs=0x07 0x70=0x0770
stone stairs=0x07 0x71=0x0771
stone stairs=0x07 0x72=0x0772
stone stairs=0x07 0x73=0x0773
stone stairs=0x07 0x74=0x0774
stone stairs=0x07 0x75=0x0775
stone stairs=0x07 0x76=0x0776
stone stairs=0x07 0x77=0x0777
stone stairs=0x07 0x78=0x0778
stone stairs=0x07 0x79=0x0779
stone stairs=0x07 0x7a=0x077a
stone stairs=0x07 0x7b=0x077b
stone stairs=0x07 0x7c=0x077c
stone stairs=0x07 0x7d=0x077d
stone stairs=0x07 0x7e=0x077e
stone stairs=0x07 0x7f=0x077f
stone stairs=0x07 0x80=0x0780
}
}
Wood
{
light wood
{
wood=0x07 0x20=0x0720
wood=0x07 0x21=0x0721
wooden stairs=0x07 0x22=0x0722
wooden stairs=0x07 0x23=0x0723
wooden stairs=0x07 0x24=0x0724
wooden stairs=0x07 0x25=0x0725
wooden stairs=0x07 0x26=0x0726
wooden stairs=0x07 0x27=0x0727
wooden stairs=0x07 0x28=0x0728
wooden stairs=0x07 0x29=0x0729
wooden stairs=0x07 0x2a=0x072a
wooden stairs=0x07 0x2b=0x072b
wooden stairs=0x07 0x2c=0x072c
wooden stairs=0x07 0x2d=0x072d
wooden stairs=0x07 0x2e=0x072e
wooden stairs=0x07 0x2f=0x072f
wooden stairs=0x07 0x30=0x0730
wooden stairs=0x07 0x31=0x0731
wooden stairs=0x07 0x32=0x0732
wooden stairs=0x07 0x33=0x0733
wooden stairs=0x07 0x34=0x0734
wooden stairs=0x07 0x35=0x0735
}
dark wood
{
wood=0x07 0x38=0x0738
wooden stairs=0x07 0x39=0x0739
wooden stairs=0x07 0x3a=0x073a
wooden stairs=0x07 0x3b=0x073b
wooden stairs=0x07 0x3c=0x073c
wooden stairs=0x07 0x3d=0x073d
wooden stairs=0x07 0x3e=0x073e
wooden stairs=0x07 0x3f=0x073f
wooden stairs=0x07 0x40=0x0740
wooden stairs=0x07 0x41=0x0741
wooden stairs=0x07 0x42=0x0742
wooden stairs=0x07 0x43=0x0743
wooden stairs=0x07 0x44=0x0744
wooden stairs=0x07 0x45=0x0745
wooden stairs=0x07 0x46=0x0746
wooden stairs=0x07 0x47=0x0747
wooden stairs=0x07 0x48=0x0748
wood=0x07 0xb3=0x07b3
wood=0x07 0xb4=0x07b4
wood=0x07 0xb5=0x07b5
wood=0x07 0xb6=0x07b6
}
}
Sandstone
{
sandstone=0x07 0x69=0x0769
sandstone=0x07 0x6a=0x076a
sandstone=0x07 0x6b=0x076b
sandstone=0x07 0x6c=0x076c
sandstone stairs=0x07 0x6d=0x076d
sandstone stairs=0x07 0x6e=0x076e
sandstone stairs=0x07 0x6f=0x076f
sandstone stairs=0x07 0x70=0x0770
sandstone stairs=0x07 0x71=0x0771
sandstone stairs=0x07 0x72=0x0772
sandstone stairs=0x07 0x73=0x0773
sandstone stairs=0x07 0x74=0x0774
sandstone stairs=0x07 0x75=0x0775
sandstone stairs=0x07 0x76=0x0776
sandstone stairs=0x07 0x77=0x0777
sandstone stairs=0x07 0x78=0x0778
sandstone stairs=0x07 0x79=0x0779
sandstone stairs=0x07 0x7a=0x077a
sandstone stairs=0x07 0x7b=0x077b
sandstone stairs=0x07 0x7c=0x077c
sandstone stairs=0x07 0x7d=0x077d
sandstone stairs=0x07 0x7e=0x077e
sandstone stairs=0x07 0x7f=0x077f
sandstone stairs=0x07 0x80=0x0780
sandstone=0x07 0x81=0x0781
}
Cave
{
cave steps=0x07 0x9d=0x079d
cave steps=0x07 0x9e=0x079e
cave steps=0x07 0x9f=0x079f
cave steps=0x07 0xb0=0x07b0
cave steps=0x07 0xb1=0x07b1
cave steps=0x07 0xb2=0x07b2
cave steps=0x07 0xb7=0x07b7
cave steps=0x07 0xb8=0x07b8
cave steps=0x07 0xb9=0x07b9
}
Carpeted
{
carpeted rostrum=0x07 0xba=0x07ba
carpeted stair=0x07 0xbb=0x07bb
carpeted stair=0x07 0xbc=0x07bc
carpeted stair=0x07 0xc7=0x07c7
carpeted stair=0x07 0xc8=0x07c8
}
}
Plattform
{
platform=0x07 0xbd=0x07bd
platform=0x07 0xbe=0x07be
platform=0x07 0xbf=0x07bf
platform=0x07 0xc0=0x07c0
platform=0x07 0xc1=0x07c1
platform=0x07 0xc2=0x07c2
platform=0x07 0xc3=0x07c3
platform=0x07 0xc4=0x07c4
platform=0x07 0xc5=0x07c5
platform=0x07 0xc6=0x07c6
}
}

stone column=0x07 0xd9=0x07d9

}
Suspension bridge
{
suspension bridge=0x07 0xe1=0x07e1
suspension bridge=0x07 0xe2=0x07e2
suspension bridge=0x07 0xe3=0x07e3
suspension bridge=0x07 0xe4=0x07e4
suspension bridge=0x07 0xe5=0x07e5
suspension bridge=0x07 0xe6=0x07e6
suspension bridge=0x07 0xe7=0x07e7
suspension bridge=0x07 0xe8=0x07e8
suspension bridge=0x07 0xe9=0x07e9
suspension bridge=0x07 0xea=0x07ea
suspension bridge=0x07 0xeb=0x07eb
suspension bridge=0x07 0xec=0x07ec
suspension bridge=0x07 0xed=0x07ed
suspension bridge=0x07 0xee=0x07ee
suspension bridge=0x07 0xef=0x07ef
suspension bridge=0x07 0xf0=0x07f0
suspension bridge=0x07 0xf1=0x07f1
suspension bridge=0x07 0xf2=0x07f2
suspension bridge=0x07 0xf3=0x07f3
suspension bridge=0x07 0xf4=0x07f4
suspension bridge=0x07 0xf5=0x07f5
suspension bridge=0x07 0xf6=0x07f6
suspension bridge=0x07 0xf7=0x07f7
suspension bridge=0x07 0xf8=0x07f8
suspension bridge=0x07 0xf9=0x07f9
suspension bridge=0x07 0xfa=0x07fa
suspension bridge=0x07 0xfb=0x07fb
suspension bridge=0x07 0xfc=0x07fc
suspension bridge=0x07 0xfd=0x07fd
suspension bridge=0x07 0xfe=0x07fe
suspension bridge=0x07 0xff=0x07ff
suspension bridge=0x08 0x00=0x0800
suspension bridge=0x08 0x01=0x0801
suspension bridge=0x08 0x02=0x0802
suspension bridge=0x08 0x03=0x0803
suspension bridge=0x08 0x04=0x0804
suspension bridge=0x08 0x05=0x0805
suspension bridge=0x08 0x06=0x0806
suspension bridge=0x08 0x07=0x0807
suspension bridge=0x08 0x08=0x0808
suspension bridge=0x08 0x09=0x0809
suspension bridge=0x08 0x0a=0x080a
suspension bridge=0x08 0x0b=0x080b
suspension bridge=0x08 0x0c=0x080c
suspension bridge=0x08 0x0d=0x080d
suspension bridge=0x08 0x0e=0x080e
suspension bridge=0x08 0x0f=0x080f
suspension bridge=0x08 0x10=0x0810
suspension bridge=0x08 0x11=0x0811
suspension bridge=0x08 0x12=0x0812
suspension bridge=0x08 0x13=0x0813
suspension bridge=0x08 0x14=0x0814
suspension bridge=0x08 0x15=0x0815
suspension bridge=0x08 0x16=0x0816
suspension bridge=0x08 0x17=0x0817
suspension bridge=0x08 0x18=0x0818
}
Plank
{
wooden plank=0x07 0xc9=0x07c9
wooden bridge=0x07 0xca=0x07ca
wooden bridge=0x07 0xcb=0x07cb
wooden plank=0x07 0xcc=0x07cc
wooden plank=0x07 0xcd=0x07cd
wooden plank=0x07 0xce=0x07ce
wooden plank=0x07 0xcf=0x07cf
wooden plank=0x07 0xd0=0x07d0
}
Wooden ramp
{
wooden ramp=0x08 0x7a=0x087a
wooden ramp=0x08 0x7b=0x087b
wooden ramp=0x08 0x7c=0x087c
wooden ramp=0x08 0x7d=0x087d
}
Wooden rail
{
simple rail
{
wooden rail=0x08 0x7e=0x087e
wooden rail=0x08 0x7f=0x087f
wooden rail=0x08 0x80=0x0880
wooden rail=0x08 0x81=0x0881
wooden rail=0x08 0x82=0x0882
wooden rail=0x08 0x83=0x0883
wooden rail=0x08 0x84=0x0884
wooden rail=0x08 0x85=0x0885
wooden rail=0x08 0x86=0x0886
wooden rail=0x08 0x87=0x0887
wooden rail=0x08 0x88=0x0888
wooden rail=0x08 0x89=0x0889
}
fancy rail
{
wooden banister=0x08 0xae=0x08ae
wooden banister=0x08 0xaf=0x08af
wooden banister=0x08 0xb0=0x08b0
wooden banister=0x08 0xb1=0x08b1
wooden banister=0x08 0xb2=0x08b2
wooden banister=0x08 0xb3=0x08b3
wooden banister=0x08 0xb4=0x08b4
wooden banister=0x08 0xb5=0x08b5
wooden banister=0x08 0xb6=0x08b6
wooden banister=0x08 0xb7=0x08b7
wooden banister=0x08 0xb8=0x08b8
wooden banister=0x08 0xb9=0x08b9
wooden banister=0x08 0xba=0x08ba
wooden banister=0x08 0xbb=0x08bb
wooden banister=0x08 0xbc=0x08bc
wooden banister=0x08 0xbd=0x08bd
wooden banister=0x08 0xbe=0x08be
wooden banister=0x08 0xbf=0x08bf
wooden banister=0x08 0xc0=0x08c0
wooden banister=0x08 0xc1=0x08c1
wooden banister=0x08 0xc2=0x08c2
wooden banister=0x08 0xc3=0x08c3
wooden banister=0x08 0xc4=0x08c4
wooden banister=0x08 0xc5=0x08c5
wooden banister=0x08 0xc6=0x08c6
wooden banister=0x08 0xc7=0x08c7
wooden banister=0x08 0xc8=0x08c8
wooden banister=0x08 0xc9=0x08c9
wooden banister=0x08 0xca=0x08ca
}
}
Ladder
{
light wood
{
wooden ladder=0x08 0x99=0x0899
wooden ladder=0x08 0x9a=0x089a
wooden ladder=0x08 0x9b=0x089b
wooden ladder=0x08 0x9c=0x089c
wooden ladder=0x08 0x9d=0x089d
wooden ladder=0x08 0x9e=0x089e
}
dark wood
{
wooden ladder=0x08 0x9f=0x089f
wooden ladder=0x08 0xa0=0x08a0
wooden ladder=0x08 0xa1=0x08a1
wooden ladder=0x08 0xa2=0x08a2
wooden ladder=0x08 0xa3=0x08a3
wooden ladder=0x08 0xa4=0x08a4
}
Rope ladder
{
rope ladder=0x08 0xa5=0x08a5
rope ladder=0x08 0xa6=0x08a6
}
}
Edging
{
edging=0x08 0xcb=0x08cb
edging=0x08 0xcc=0x08cc
edging=0x08 0xcd=0x08cd
edging=0x08 0xce=0x08ce
}

}