format=S

Tailor/Leatherwork
{
Tools
{
knitting=$item_knitting1_1=0df6
sewing_kit=$item_sewing_kit=0F9D
scissors=$item_scissors1_1=0F9E
spinningwheel=$item_spinning_wheel1_1=101c
spinningwheel=$item_spinning_wheel2_1=101d
spinningwheel_deed=$item_spinning_wheel_deed_1=14F0
upright loom=$item_upright_loom_1_1=1061
dress form=$item_dress_form1_1=0EC6
dyes=$item_dyes=0FA9
dying tub=$item_dying_tub=0FAB
piles of wool=$item_piles_of_wool_1=0DF8
bales of cotton=$item_bales_of_cotton=0DF9
balls of yarn=$item_balls_of_yarn1=0E1D
balls of yarn=$item_balls_of_yarn2=0E1E
balls of yarn=$item_balls_of_yarn3=0E1F
spools of thread=$item_spools_of_thread1_1=0FA0
rolls of string=$item_rolls_of_string1_1=1420
folded cloth=$item_folded_cloth1_1=175d
folded cloth=$item_folded_cloth2_1=175e
folded cloth=$item_folded_cloth3_1=175f
cut cloth=$item_cut_cloth1_1=1766
bolts of cloth=$item_bolts_of_cloth1_1=0F95
bolts of cloth=$item_bolts_of_cloth2_1=0F97
bolts of cloth=$item_bolts_of_cloth3_1=0F99
bolts of cloth=$item_bolts_of_cloth4_1=0F9A
stretched hide=$item_stretched_hide1_1=1069
stretched hide=$item_stretched_hide2_1=106a
stretched hide=$item_stretched_hide3_1=106b
stretched hide=$item_stretched_hide4A_1=106d
stretched hide=$item_stretched_hide4B_1=106c
stretched hide=$item_stretched_hide5A_1=106f
stretched hide=$item_stretched_hide5B_1=106e
hide=$item_hide1_1=1078
leather=$item_leather1_1=1081
}
Clothing
{
doublet=$item_doublet1_1=0x1f7b
gm robe=$item_gm_robe_undyed=204F
death shroud=$item_death_shroud=204E
jester suit=$item_jesters_suit1_1=0x1f9f
tunic=$item_tunic1_1=0x1fa1
cloak=$item_cloak1_1=0x1515
skirt=$item_skirt1_1=0x1516
kilt=$item_kilt1_1=0x1537
long pants=$item_long_pants1_1=0x1539
shirt=$item_shirt1_1=0x1517
short pants=$item_short_pants1_1=0x152e
fancy shirt=$item_fancy_shirt1_1=0x1efd
fancy dress=$item_fancy_dress1_1=0x1eff
plain dress=$item_plain_dress1_1=0x1f01
robe=$item_robe1_1=0x1f03
surcoat=$item_surcoat1_1=0x1ffd
half apron=$item_half_apron1_1=0x153b
full apron=$item_full_apron1_1=0x153d
bandana=$item_bandana1_1=0x153f
body sash=$item_body_sash1_1=0x1541
boots=$item_boots1_1=0x170b
sandals=$item_sandles1_1=0x170d
shoes=$item_shoes1_1=0x170f
thigh boots=$item_thigh_boots1_1=0x1711
floppy hat=$item_floopy_hat=0x1713
wide-brim hat=$item_wide_brim_hat=0x1714
cap=$item_cap=0x1715
tall straw hat=$item_tall_straw_hat=0x1716
straw hat=$item_straw_hat=0x1717
wizard's hat=$item_wizards_hat=0x1718
magic wizard's hat=$item_magical_wizards_hat=0x1718
bonnet=$item_bonnet=0x1719
feathered hat=$item_feathered_hat=0x171a
tricorne hat=$item_tricorne_hat=0x171b
jester hat=$item_jester_hat=0x171c
jester's cap=$item_jester_cap=0x172e
}
Towel etc.
{
closed_bedroll1=$item_closed_bedroll1_1=0a59
unrolled_bedroll1=$item_unrolled_bedroll1_1=0a55
folded_blanket1=$item_folded_blanket1_1=0a6c
folded_sheet1=$item_folded_sheet1_1=0a92
large leather pillow=$item_large_leather_pillow=163A
medium leather pillow=$item_medium_leather_pillow=163B
small leather pillow=$item_small_leather_pillow=163C
large pillow1=$item_large_pillow1=163A
large pillow2=$item_large_pillow2_1=13A9
medium pillow1=$item_medium_pillow1=163B
medium pillow2=$item_medium_pillow2_1=13A4
small pillow1=$item_small_pillow1=163C
small pillow2=$item_small_pillow2_1=13AB
small pillow3=$item_small_pillow3_1=13A7
small pillow4=$item_small_pillow4=1915
towel=$item_towel=1914
curtain2=$item_curtain2_1=160e
curtain1=$item_curtain1_1=1638
curtain3=$item_curtain3_1=15f6
curtain4=$item_curtain4_1=159e
curtain5A=$item_curtain5A=12da
curtain5B=$item_curtain5B=12db
curtain6A=$item_curtain6A=12de
curtain6B=$item_curtain6B=12df
curtain7A=$item_curtain7A=12e5
curtain7B=$item_curtain7B=12e6
curtain8A=$item_curtain8A=12e9
curtain8B=$item_curtain8B=12ea
curtain9=$item_curtain9_1=12e3
curtain10=$item_curtain10_1=12e2
}
}
Barber
{
wig=$item_wig1_1=0x0dff
wig stand=$item_wig stand1_1=0x0e05
barber scissor=$item_barber_scissor1_2=0dfd
}

Fishing tamer Farmer
{
Tools
{
fishing net=item_fishing_net1_1=1ea3
fishing net=item_fishing_net2_1=1ea5
fishing net=item_fishing_net3_1=0dcb
fishing net=item_fishing_net4_1=0dd1
fishing net=item_fishing_net5=0dca
fishing weight=item_fishing_weight1_1=0dcc
fishing pole=item_fishing_pole=0DBF
shepherd's crook=0x0e 0x81=0x0e81
shepherd's crook=0x0e 0x82=0x0e82
crook=0x13 0xf4=0x13f4
crook=0x13 0xf5=0x13f5
Dipping stick=0x14 0x28=0x1428
Dipping stick=0x14 0x29=0x1429
brush=0x13 0x70=0x1370
brush=0x13 0x71=0x1371
brush=0x13 0x72=0x1372
brush=0x13 0x73=0x1373
whip=0x16 0x6e=0x166e
whip=0x16 0x6f=0x166f
scarecrow=0x1e 0x34=0x1e34
scarecrow=0x1e 0x35=0x1e35
bucket of water=0x0f 0xfa=0x0ffa
pickaxe=0x0e 0x85=0x0e85
pickaxe=0x0e 0x86=0x0e86
pitchfork=0x0e 0x87=0x0e87
pitchfork=0x0e 0x88=0x0e88
seive=0x14 0xff=0x14ff
plough=0x15 0x00=0x1500
plough=0x15 0x01=0x1501
plough=0x15 0x02=0x1502
plough=0x15 0x03=0x1503
harrow=0x15 0x04=0x1504
harrow=0x15 0x05=0x1505
harrow=0x15 0x06=0x1506
harrow=0x15 0x07=0x1507
millstone=0x18 0x83=0x1883
millstone=0x18 0x84=0x1884
millstone=0x18 0x85=0x1885
millstone=0x18 0x86=0x1886
millstones=0x18 0x87=0x1887
millstones=0x18 0x88=0x1888
millstones=0x18 0x89=0x1889
millstones=0x18 0x8a=0x188a
flour mill=0x18 0x8b=0x188b
flour mill=0x18 0x93=0x1893
flour mill=0x19 0x20=0x1920
flour mill=0x19 0x21=0x1921
flour mill=0x19 0x22=0x1922
flour mill=0x19 0x23=0x1923
flour mill=0x19 0x25=0x1925
flour mill=0x19 0x26=0x1926
flour mill=0x19 0x27=0x1927
flour mill=0x19 0x2c=0x192c
flour mill=0x19 0x2d=0x192d
flour mill=0x19 0x2e=0x192e
flour mill=0x19 0x2f=0x192f
flour mill=0x19 0x31=0x1931
flour mill=0x19 0x32=0x1932
flour mill=0x19 0x33=0x1933
crank=0x19 0x28=0x1928
crank=0x19 0x29=0x1929
crank=0x19 0x2a=0x192a
crank=0x19 0x2b=0x192b
crank=0x19 0x24=0x1924
crank=0x19 0x30=0x1930
crank=0x19 0x34=0x1934
crank=0x19 0x35=0x1935
crank=0x19 0x36=0x1936
crank=0x19 0x37=0x1937
}
Ressources
{
nest with eggs=0x1a 0xd4=0x1ad4
nest=0x1a 0xd5=0x1ad5
kindling=0x0d 0xe1=0x0de1
kindling=0x0d 0xe2=0x0de2
embers=0x0d 0xe9=0x0de9
small fish=0x0d 0xd6=0x0dd6
small fish=0x0d 0xd7=0x0dd7
small fish=0x0d 0xd8=0x0dd8
small fish=0x0d 0xd9=0x0dd9
conch shell=0x0f 0xc4=0x0fc4
shells=0x0f 0xc5=0x0fc5
shells=0x0f 0xc6=0x0fc6
nautilus=0x0f 0xc7=0x0fc7
shell=0x0f 0xc8=0x0fc8
shells=0x0f 0xc9=0x0fc9
shells=0x0f 0xca=0x0fca
shell=0x0f 0xcb=0x0fcb
shell=0x0f 0xcc=0x0fcc
beehive=0x09 0x1a=0x091a
bees=0x09 0x1b=0x091b
Beeswax=0x14 0x22=0x1422
Beeswax=0x14 0x23=0x1423
Beeswax=0x14 0x24=0x1424
Beeswax=0x14 0x25=0x1425
Beeswax=0x14 0x26=0x1426
Beeswax=0x14 0x27=0x1427
Pots of wax=0x14 0x2a=0x142a
Pots of wax=0x14 0x2b=0x142b
}
Misc
{
spyglass=0x14 0xf5=0x14f5
spyglass=0x14 0xf6=0x14f6
anchor=0x14 0xf7=0x14f7
rope=0x14 0xf8=0x14f8
anchor=0x14 0xf9=0x14f9
rope=0x14 0xfa=0x14fa
hook=0x1e 0x9a=0x1e9a
hook=0x1e 0x9b=0x1e9b
pullies=0x1e 0x9c=0x1e9c
pullies=0x1e 0x9d=0x1e9d
pulley=0x1e 0x9e=0x1e9e
pulley=0x1e 0x9f=0x1e9f
rope=0x1e 0xa0=0x1ea0
rope=0x1e 0xa1=0x1ea1
rope=0x1e 0xa2=0x1ea2
net=0x1e 0xa5=0x1ea5
net=0x1e 0xa6=0x1ea6
winch=0x1e 0xa8=0x1ea8
winch=0x1e 0xa9=0x1ea9
winch=0x1e 0xaa=0x1eaa
winch=0x1e 0xab=0x1eab
winch=0x1e 0xac=0x1eac
winch=0x1e 0xad=0x1ead
winch=0x1e 0xae=0x1eae
winch=0x1e 0xaf=0x1eaf
oar=0x1e 0x26=0x1e26
oar=0x1e 0x27=0x1e27
oar=0x1e 0x28=0x1e28
oar=0x1e 0x29=0x1e29
oars=0x1e 0x2a=0x1e2a
oars=0x1e 0x2b=0x1e2b
fishing net=0x0d 0xc8=0x0dc8
fishing net=0x0d 0xc9=0x0dc9
fishing net=0x0d 0xca=0x0dca
fishing net=0x0d 0xcb=0x0dcb
fishing net=0x0d 0xd0=0x0dd0
fishing net=0x0d 0xd1=0x0dd1
fishing net=0x0d 0xd2=0x0dd2
fishing net=0x0d 0xd3=0x0dd3
fishing net=0x0d 0xd4=0x0dd4
fishing net=0x0d 0xd5=0x0dd5
string of shells=0x0f 0xcd=0x0fcd
string of shells=0x0f 0xce=0x0fce
string of shells=0x0f 0xcf=0x0fcf
string of shells=0x0f 0xd0=0x0fd0
string of shells=0x0f 0xd1=0x0fd1
string of shells=0x0f 0xd2=0x0fd2
string of shells=0x0f 0xd3=0x0fd3
string of shells=0x0f 0xd4=0x0fd4
water trough=0x0b 0x41=0x0b41
water trough=0x0b 0x42=0x0b42
water trough=0x0b 0x43=0x0b43
water trough=0x0b 0x44=0x0b44
saddle=0x0f 0x37=0x0f37
saddle=0x0f 0x38=0x0f38
bridle=0x13 0x74=0x1374
bridle=0x13 0x75=0x1375
horse barding=0x13 0x76=0x1376
horse barding=0x13 0x77=0x1377
horse barding=0x13 0x78=0x1378
horse barding=0x13 0x79=0x1379
hitching post=0x14 0xe7=0x14e7
hitching post=0x14 0xe8=0x14e8
}
}

Boywer woodworker
{
Tools
{
hatchet=0x0f 0x43=0x0f43
hatchet=0x0f 0x44=0x0f44
arrow fletching=0x10 0x22=0x1022
arrow fletching=0x10 0x23=0x1023
chisels=0x10 0x26=0x1026
chisels=0x10 0x27=0x1027
dovetail saw=0x10 0x28=0x1028
dovetail saw=0x10 0x29=0x1029
hammer=0x10 0x2a=0x102a
hammer=0x10 0x2b=0x102b
moulding planes=0x10 0x2c=0x102c
moulding planes=0x10 0x2d=0x102d
jointing plane=0x10 0x30=0x1030
jointing plane=0x10 0x31=0x1031
smoothing plane=0x10 0x32=0x1032
smoothing plane=0x10 0x33=0x1033
saw=0x10 0x34=0x1034
saw=0x10 0x35=0x1035
draw knife=0x10 0xe4=0x10e4
froe=0x10 0xe5=0x10e5
inshave=0x10 0xe6=0x10e6
scorp=0x10 0xe7=0x10e7
moulding board=0x14 0xe9=0x14e9
moulding board=0x14 0xea=0x14ea
woodworker's bench=0x19 0xf1=0x19f1
woodworker's bench=0x19 0xf2=0x19f2
woodworker's bench=0x19 0xf3=0x19f3
vise=0x19 0xf4=0x19f4
woodworker's bench=0x19 0xf5=0x19f5
woodworker's bench=0x19 0xf6=0x19f6
woodworker's bench=0x19 0xf7=0x19f7
vise=0x19 0xf8=0x19f8
cooper's bench=0x19 0xf9=0x19f9
cooper's bench=0x19 0xfa=0x19fa
cooper's bench=0x19 0xfb=0x19fb
cooper's bench=0x19 0xfc=0x19fc
empty tool kit=0x1e 0xb6=0x1eb6
empty tool kit=0x1e 0xb7=0x1eb7
tool kit=0x1e 0xb8=0x1eb8
tool kit=0x1e 0xb9=0x1eb9
tool kit=0x1e 0xba=0x1eba
tool kit=0x1e 0xbb=0x1ebb
}
Ressources
{
feathers=0x10 0x20=0x1020
feathers=0x10 0x21=0x1021
feathers=0x0d 0xfa=0x0dfa
feathers=0x0d 0xfb=0x0dfb
feathers=0x1b 0xd1=0x1bd1
feathers=0x1b 0xd2=0x1bd2
feathers=0x1b 0xd3=0x1bd3
shafts=0x1b 0xd4=0x1bd4
shafts=0x1b 0xd5=0x1bd5
shafts=0x1b 0xd6=0x1bd6
arrow shafts=0x10 0x24=0x1024
arrow shafts=0x10 0x25=0x1025
nails=0x10 0x2e=0x102e
nails=0x10 0x2f=0x102f
barrel hoops=0x10 0xe1=0x10e1
barrel hoops=0x10 0xe2=0x10e2
barrle hoops=0x1d 0xb7=0x1db7
barrel lid=0x1d 0xb8=0x1db8
barrel staves=0x1e 0xb1=0x1eb1
barrel staves=0x1e 0xb2=0x1eb2
barrel staves=0x1e 0xb3=0x1eb3
barrel staves=0x1e 0xb4=0x1eb4
boards=0x1b 0xd7=0x1bd7
boards=0x1b 0xd8=0x1bd8
boards=0x1b 0xd9=0x1bd9
boards=0x1b 0xda=0x1bda
boards=0x1b 0xdb=0x1bdb
boards=0x1b 0xdc=0x1bdc
logs=0x1b 0xdd=0x1bdd
logs=0x1b 0xde=0x1bde
logs=0x1b 0xdf=0x1bdf
logs=0x1b 0xe0=0x1be0
logs=0x1b 0xe1=0x1be1
logs=0x1b 0xe2=0x1be2
}
Products
{
arrow=0x0f 0x3f=0x0f3f
arrows=0x0f 0x40=0x0f40
arrows=0x0f 0x41=0x0f41
arrow=0x0f 0x42=0x0f42
crossbow bolt=0x1b 0xfb=0x1bfb
crossbow bolts=0x1b 0xfc=0x1bfc
crossbow bolts=0x1b 0xfd=0x1bfd
crossbow bolt=0x1b 0xfe=0x1bfe
broken barrel=0x1d 0xb3=0x1db3
broken barrel=0x1d 0xb4=0x1db4
broken barrel=0x1d 0xb5=0x1db5
broken barrel=0x1d 0xb6=0x1db6
}
Misc
{
archery butte=0x10 0x0a=0x100a
archery butte=0x10 0x0b=0x100b
board=0x1e 0x6e=0x1e6e
chair=0x1e 0x6f=0x1e6f
drawer=0x1e 0x70=0x1e70
chest of drawers=0x1e 0x71=0x1e71
table=0x1e 0x72=0x1e72
table legs=0x1e 0x73=0x1e73
table leg=0x1e 0x74=0x1e74
table legs=0x1e 0x75=0x1e75
shelves=0x1e 0x76=0x1e76
board=0x1e 0x77=0x1e77
chair=0x1e 0x78=0x1e78
drawer=0x1e 0x79=0x1e79
chest of drawers=0x1e 0x7a=0x1e7a
table=0x1e 0x7b=0x1e7b
table legs=0x1e 0x7c=0x1e7c
table leg=0x1e 0x7d=0x1e7d
shelves=0x1e 0x7e=0x1e7e
stool=0x1e 0x7f=0x1e7f
wooden box=0x1e 0x80=0x1e80
wooden box=0x1e 0x81=0x1e81
lathe work=0x1e 0x82=0x1e82
unfinished barrel=0x1e 0xb5=0x1eb5
}
}

Magic and Alchemie
{
Tools
{
crystal ball=0x0e 0x2d=0x0e2d
crystal ball=0x0e 0x2e=0x0e2e
crystal ball=0x0e 0x2f=0x0e2f
crystal ball=0x0e 0x30=0x0e30
spellbook=0x0e 0x3b=0x0e3b
spellbook=0x0e 0xfa=0x0efa
mortar and pestle=0x0e 0x9b=0x0e9b
pentagram=0x0f 0xe6=0x0fe6
pentagram=0x0f 0xe7=0x0fe7
pentagram=0x0f 0xe8=0x0fe8
pentagram=0x0f 0xe9=0x0fe9
pentagram=0x0f 0xea=0x0fea
pentagram=0x0f 0xeb=0x0feb
pentagram=0x0f 0xec=0x0fec
pentagram=0x0f 0xed=0x0fed
pentagram=0x0f 0xee=0x0fee
alchemical symbol=0x18 0x1d=0x181d
alchemical symbol=0x18 0x1e=0x181e
alchemical symbol=0x18 0x1f=0x181f
alchemical symbol=0x18 0x20=0x1820
alchemical symbol=0x18 0x21=0x1821
alchemical symbol=0x18 0x22=0x1822
alchemical symbol=0x18 0x23=0x1823
alchemical symbol=0x18 0x24=0x1824
alchemical symbol=0x18 0x25=0x1825
alchemical symbol=0x18 0x26=0x1826
alchemical symbol=0x18 0x27=0x1827
alchemical symbol=0x18 0x28=0x1828
flask stand=0x18 0x29=0x1829
flask=0x18 0x2a=0x182a
flask=0x18 0x2b=0x182b
flask=0x18 0x2c=0x182c
flask=0x18 0x2d=0x182d
flask=0x18 0x2e=0x182e
flask=0x18 0x2f=0x182f
flask=0x18 0x30=0x1830
flask=0x18 0x31=0x1831
flask=0x18 0x32=0x1832
flask=0x18 0x33=0x1833
flask=0x18 0x34=0x1834
flask=0x18 0x35=0x1835
flask=0x18 0x36=0x1836
flask=0x18 0x37=0x1837
flask=0x18 0x38=0x1838
flask=0x18 0x39=0x1839
flask=0x18 0x3a=0x183a
flask=0x18 0x3b=0x183b
flask=0x18 0x3c=0x183c
flask=0x18 0x3d=0x183d
flask=0x18 0x3e=0x183e
flask=0x18 0x3f=0x183f
flask=0x18 0x40=0x1840
flask=0x18 0x41=0x1841
flask=0x18 0x42=0x1842
flask=0x18 0x43=0x1843
flask=0x18 0x44=0x1844
flask=0x18 0x45=0x1845
flask=0x18 0x46=0x1846
flask=0x18 0x47=0x1847
flask=0x18 0x48=0x1848
heating stand=0x18 0x49=0x1849
heating stand=0x18 0x4a=0x184a
heating stand=0x18 0x4b=0x184b
heating stand=0x18 0x4c=0x184c
heating stand=0x18 0x4d=0x184d
heating stand=0x18 0x4e=0x184e
heating stand=0x18 0x4f=0x184f
heating stand=0x18 0x50=0x1850
scales=0x18 0x51=0x1851
scales=0x18 0x52=0x1852
}
Ressources
{
empty vials=0x0e 0x24=0x0e24
bottle=0x0e 0x25=0x0e25
bottle=0x0e 0x26=0x0e26
bottle=0x0e 0x27=0x0e27
bottle=0x0e 0x28=0x0e28
bottle=0x0e 0x29=0x0e29
bottle=0x0e 0x2a=0x0e2a
bottle=0x0e 0x2b=0x0e2b
bottle=0x0e 0x2c=0x0e2c
bottle=0x0e 0xfb=0x0efb
bottle=0x0e 0xfc=0x0efc
bottle=0x0e 0xfd=0x0efd
bottle=0x0e 0xfe=0x0efe
bottle=0x0e 0xff=0x0eff
bottle=0x0f 0x00=0x0f00
bottle=0x0f 0x01=0x0f01
bottle=0x0f 0x02=0x0f02
bottle=0x0f 0x03=0x0f03
bottle=0x0f 0x04=0x0f04
empty bottles=0x0f 0x0e=0x0f0e
empty vials=0x18 0x5b=0x185b
empty vials=0x18 0x5c=0x185c
Batwings=0x0f 0x78=0x0f78
Blackmoor=0x0f 0x79=0x0f79
Black pearls=0x0f 0x7a=0x0f7a
Blood moss=0x0f 0x7b=0x0f7b
Bloodspawn=0x0f 0x7c=0x0f7c
Vials of blood=0x0f 0x7d=0x0f7d
Bones=0x0f 0x7e=0x0f7e
Brimstone=0x0f 0x7f=0x0f7f
Daemon bones=0x0f 0x80=0x0f80
Fertile dirt=0x0f 0x81=0x0f81
Dragon's blood=0x0f 0x82=0x0f82
Executioner's cap=0x0f 0x83=0x0f83
Garlic=0x0f 0x84=0x0f84
Ginseng=0x0f 0x85=0x0f85
Mandrake roots=0x0f 0x86=0x0f86
Eyes of newt=0x0f 0x87=0x0f87
Nightshade=0x0f 0x88=0x0f88
Obsidian=0x0f 0x89=0x0f89
Pig iron=0x0f 0x8a=0x0f8a
Pumice=0x0f 0x8b=0x0f8b
Sulfurous 0xAsh=0x0f 0x8c=0x0f8c
Spider's silk=0x0f 0x8d=0x0f8d
Serpent's scales=0x0f 0x8e=0x0f8e
Volcanic 0xAsh=0x0f 0x8f=0x0f8f
Dead wood 0x=0x0f 0x90=0x0f90
Wyrm's hearts=0x0f 0x91=0x0f91
blank scrolls=0x0e 0x34=0x0e34
blank scrolls=0x0e 0xf3=0x0ef3
scrolls=0x0e 0x35=0x0e35
scrolls=0x0e 0xf4=0x0ef4
scrolls=0x0e 0x36=0x0e36
scrolls=0x0e 0xf5=0x0ef5
scrolls=0x0e 0x37=0x0e37
scrolls=0x0e 0xf6=0x0ef6
scrolls=0x0e 0x38=0x0e38
scrolls=0x0e 0xf7=0x0ef7
scrolls=0x0e 0x39=0x0e39
scrolls=0x0e 0xf8=0x0ef8
scrolls=0x0e 0x3a=0x0e3a
scrolls=0x0e 0xf9=0x0ef9
scrolls=0x1f 0x6d=0x1f6d
scrolls=0x1f 0x6e=0x1f6e
scrolls=0x1f 0x6f=0x1f6f
scrolls=0x1f 0x70=0x1f70
scrolls=0x1f 0x71=0x1f71
scrolls=0x1f 0x72=0x1f72
glowing rune=0x0e 0x5c=0x0e5c
glowing rune=0x0e 0x5d=0x0e5d
rune=0x0e 0x5e=0x0e5e
glowing rune=0x0e 0x5f=0x0e5f
glowing rune=0x0e 0x60=0x0e60
rune=0x0e 0x61=0x0e61
glowing rune=0x0e 0x62=0x0e62
glowing rune=0x0e 0x63=0x0e63
rune=0x0e 0x64=0x0e64
glowing rune=0x0e 0x65=0x0e65
glowing rune=0x0e 0x66=0x0e66
rune=0x0e 0x67=0x0e67
glowing rune=0x0e 0x68=0x0e68
glowing rune=0x0e 0x69=0x0e69
rune=0x0e 0x6a=0x0e6a
recall rune=0x1f 0x14=0x1f14
recall rune=0x1f 0x15=0x1f15
recall rune=0x1f 0x16=0x1f16
recall rune=0x1f 0x17=0x1f17
}
Products
{
Black potion=0x0f 0x06=0x0f06
Orange potion=0x0f 0x07=0x0f07
Blue potion=0x0f 0x08=0x0f08
White potion=0x0f 0x09=0x0f09
Green potion=0x0f 0x0a=0x0f0a
Red potion=0x0f 0x0b=0x0f0b
Yellow potion=0x0f 0x0c=0x0f0c
Purple potion=0x0f 0x0d=0x0f0d
full vials=0x18 0x5d=0x185d
full vials=0x18 0x5e=0x185e
Reactive armor scr=0x1f 0x2d=0x1f2d
Clumsy scroll=0x1f 0x2e=0x1f2e
Create food scroll=0x1f 0x2f=0x1f2f
Feeblemind scroll=0x1f 0x30=0x1f30
Heal scroll=0x1f 0x31=0x1f31
Magic arrow scroll=0x1f 0x32=0x1f32
Night sight scroll=0x1f 0x33=0x1f33
Weaken scroll=0x1f 0x34=0x1f34
Agility scroll=0x1f 0x35=0x1f35
Cunning scroll=0x1f 0x36=0x1f36
Cure scroll=0x1f 0x37=0x1f37
Harm scroll=0x1f 0x38=0x1f38
Magic trap scroll=0x1f 0x39=0x1f39
Magic untrap scrol=0x1f 0x3a=0x1f3a
Protection scroll=0x1f 0x3b=0x1f3b
Strength scroll=0x1f 0x3c=0x1f3c
Bless scroll=0x1f 0x3d=0x1f3d
Fireball scroll=0x1f 0x3e=0x1f3e
Magic lock scroll=0x1f 0x3f=0x1f3f
Poison scroll=0x1f 0x40=0x1f40
Telekinisis scroll=0x1f 0x41=0x1f41
Teleport scroll=0x1f 0x42=0x1f42
Unlock scroll=0x1f 0x43=0x1f43
Wall of stone scro=0x1f 0x44=0x1f44
Archcure scroll=0x1f 0x45=0x1f45
Arch protection sc=0x1f 0x46=0x1f46
Curse scroll=0x1f 0x47=0x1f47
Fire field scrol=0x1f 0x48=0x1f48
Greater heal scrol=0x1f 0x49=0x1f49
Lightning scroll=0x1f 0x4a=0x1f4a
ManaDrain scroll=0x1f 0x4b=0x1f4b
Recall=0x1f 0x4c=0x1f4c
Blade spirits scro=0x1f 0x4d=0x1f4d
Dispel field scrol=0x1f 0x4e=0x1f4e
Incognito scroll=0x1f 0x4f=0x1f4f
Magic reflection s=0x1f 0x50=0x1f50
Mind blast scroll=0x1f 0x51=0x1f51
Paralyze scroll=0x1f 0x52=0x1f52
Poison field scrol=0x1f 0x53=0x1f53
Summon creature sc=0x1f 0x54=0x1f54
Dispel scroll=0x1f 0x55=0x1f55
Energy bolt scroll=0x1f 0x56=0x1f56
Explosion scroll=0x1f 0x57=0x1f57
Invisibility scrol=0x1f 0x58=0x1f58
Mark scroll=0x1f 0x59=0x1f59
Mass curse scroll=0x1f 0x5a=0x1f5a
Paralyze field scr=0x1f 0x5b=0x1f5b
Reveal scroll=0x1f 0x5c=0x1f5c
Chain lightning sc=0x1f 0x5d=0x1f5d
Energy fied scroll=0x1f 0x5e=0x1f5e
Flamestrike scroll=0x1f 0x5f=0x1f5f
Gate travel scroll=0x1f 0x60=0x1f60
Mana vampire scrol=0x1f 0x61=0x1f61
Mass dispel scrol=0x1f 0x62=0x1f62
Meteor storm scrol=0x1f 0x63=0x1f63
Polymorph scroll=0x1f 0x64=0x1f64
Earthquake scroll=0x1f 0x65=0x1f65
Energy vortex scro=0x1f 0x66=0x1f66
Resurrection scrol=0x1f 0x67=0x1f67
Summon air element=0x1f 0x68=0x1f68
Summon Daemon=0x1f 0x69=0x1f69
Summon Earth eleme=0x1f 0x6a=0x1f6a
Summon fire elemen=0x1f 0x6b=0x1f6b
Summon water eleme=0x1f 0x6c=0x1f6c
}
Misc
{
light=0x1e 0xcd=0x1ecd
light=0x1e 0xce=0x1ece
light=0x1e 0xcf=0x1ecf
light=0x1e 0xd0=0x1ed0
light=0x1e 0xd1=0x1ed1
light=0x1e 0xd2=0x1ed2
magical sparkles=0x11 0x53=0x1153
magical sparkles=0x11 0x54=0x1154
magical sparkles=0x11 0x55=0x1155
magical sparkles=0x11 0x56=0x1156
magical sparkles=0x11 0x57=0x1157
magical sparkles=0x11 0x58=0x1158
magical sparkles=0x11 0x59=0x1159
magical sparkles=0x11 0x5a=0x115a
magical sparkles=0x11 0x5b=0x115b
magical sparkles=0x11 0x5c=0x115c
magical sparkles=0x11 0x5d=0x115d
magical sparkles=0x11 0x5e=0x115e
statue=0x1f 0x18=0x1f18
magical crystal=0x1f 0x19=0x1f19
magical crystal=0x1f 0x1a=0x1f1a
magical crystal=0x1f 0x1b=0x1f1b
magical crystal=0x1f 0x1c=0x1f1c
magical crystal=0x1f 0x1d=0x1f1d
magical crystal=0x1f 0x1e=0x1f1e
head=0x1f 0x1f=0x1f1f
head=0x1f 0x20=0x1f20
head=0x1f 0x21=0x1f21
head=0x1f 0x22=0x1f22
}
}

Bard and artist
{
Tools
{
drum=0x0e 0x9c=0x0e9c
tambourine=0x0e 0x9d=0x0e9d
tambourine=0x0e 0x9e=0x0e9e
standing harp=0x0e 0xb1=0x0eb1
lap harp=0x0e 0xb2=0x0eb2
lute=0x0e 0xb3=0x0eb3
lute=0x0e 0xb4=0x0eb4
sheet music=0x0e 0xbd=0x0ebd
sheet music=0x0e 0xbe=0x0ebe
sheet music=0x0e 0xbf=0x0ebf
sheet music=0x0e 0xc0=0x0ec0
pen and ink=0x0f 0xbf=0x0fbf
pen and ink=0x0f 0xc0=0x0fc0
paints and brush=0x0f 0xc1=0x0fc1
mallet and chisel=0x12 0xb3=0x12b3
}
Ressources
{
easel=0x0f 0x65=0x0f65
easel with 0xcanvas=0x0f 0x66=0x0f66
easel=0x0f 0x67=0x0f67
easel with 0xcanvas=0x0f 0x68=0x0f68
easel=0x0f 0x69=0x0f69
easel with 0xcanvas=0x0f 0x6a=0x0f6a
rack of 0xcanvases=0x0f 0x71=0x0f71
rack of 0xcanvases=0x0f 0x72=0x0f72
rack of 0xcanvases=0x0f 0x73=0x0f73
rack of 0xcanvases=0x0f 0x74=0x0f74
rack of 0xcanvases=0x0f 0x75=0x0f75
rack of 0xcanvases=0x0f 0x76=0x0f76
}
Products
{
large vase=0x0b 0x45=0x0b45
vase=0x0b 0x46=0x0b46
large vase=0x0b 0x47=0x0b47
vase=0x0b 0x48=0x0b48
painting=0x0e 0xa0=0x0ea0
painting=0x0e 0xa1=0x0ea1
painting=0x0e 0xa2=0x0ea2
painting=0x0e 0xa3=0x0ea3
painting=0x0e 0xa4=0x0ea4
painting=0x0e 0xc8=0x0ec8
painting=0x0e 0xc9=0x0ec9
portrait=0x0e 0xe7=0x0ee7
portrait=0x0e 0xa5=0x0ea5
portrait=0x0e 0xa6=0x0ea6
portrait=0x0e 0xa7=0x0ea7
portrait=0x0e 0xa8=0x0ea8
portrait=0x0e 0xa9=0x0ea9
portrait=0x0e 0x9f=0x0e9f
tapestry=0x0e 0xaa=0x0eaa
tapestry=0x0e 0xab=0x0eab
tapestry=0x0e 0xac=0x0eac
tapestry=0x0e 0xad=0x0ead
tapestry=0x0e 0xae=0x0eae
tapestry=0x0e 0xaf=0x0eaf
tapestry=0x0f 0xd5=0x0fd5
tapestry=0x0f 0xd6=0x0fd6
tapestry=0x0f 0xd7=0x0fd7
tapestry=0x0f 0xd8=0x0fd8
tapestry=0x0f 0xd9=0x0fd9
tapestry=0x0f 0xda=0x0fda
tapestry=0x0f 0xdb=0x0fdb
tapestry=0x0f 0xdc=0x0fdc
tapestry=0x0f 0xdd=0x0fdd
tapestry=0x0f 0xde=0x0fde
tapestry=0x0f 0xdf=0x0fdf
tapestry=0x0f 0xe0=0x0fe0
tapestry=0x0f 0xe1=0x0fe1
tapestry=0x0f 0xe2=0x0fe2
tapestry=0x0f 0xe3=0x0fe3
tapestry=0x0f 0xe4=0x0fe4
wall carving=0x12 0x1d=0x121d
wall carving=0x12 0x1e=0x121e
wall carving=0x12 0x1f=0x121f
wall carving=0x12 0x20=0x1220
wall carving=0x12 0x21=0x1221
wall carving=0x12 0x22=0x1222
pedistal=0x12 0x23=0x1223
statue=0x12 0x24=0x1224
statue=0x12 0x25=0x1225
statue=0x12 0x26=0x1226
statue=0x12 0x27=0x1227
statue=0x12 0x28=0x1228
statue=0x12 0x9f=0x129f
statue=0x12 0xa0=0x12a0
statue=0x12 0xa1=0x12a1
statue=0x12 0xa2=0x12a2
statue=0x12 0xa3=0x12a3
statue=0x12 0xa4=0x12a4
statue=0x13 0x9a=0x139a
statue=0x13 0x9b=0x139b
statue=0x13 0x9c=0x139c
statue=0x13 0x9d=0x139d
statue=0x13 0x9e=0x139e
statue=0x13 0x9f=0x139f
statue=0x13 0xa0=0x13a0
statue=0x13 0xa1=0x13a1
statue=0x13 0xa2=0x13a2
statue=0x13 0xa3=0x13a3
statue=0x12 0xae=0x12ae
statue=0x12 0xaf=0x12af
statue=0x12 0xb0=0x12b0
statue=0x12 0xd5=0x12d5
statue=0x12 0xd6=0x12d6
statue=0x12 0xd7=0x12d7
statue=0x12 0xd8=0x12d8
statue=0x12 0xd9=0x12d9
bust=0x12 0xca=0x12ca
bust=0x12 0xcb=0x12cb
wall carving=0x12 0xcc=0x12cc
wall carving=0x12 0xcd=0x12cd
wall carving=0x12 0xce=0x12ce
wall carving=0x12 0xcf=0x12cf
wall carving=0x12 0xd0=0x12d0
wall carving=0x12 0xd1=0x12d1
wall carving=0x12 0xd2=0x12d2
wall carving=0x12 0xd3=0x12d3
wall carving=0x12 0xd4=0x12d4
wall carving=0x12 0x31=0x1231
wall carving=0x12 0x32=0x1232
wall carving=0x12 0x33=0x1233
wall carving=0x12 0x34=0x1234
wall carving=0x12 0x35=0x1235
wall carving=0x12 0x36=0x1236
wall carving=0x12 0x37=0x1237
wall carving=0x12 0x38=0x1238
wall carving=0x12 0x39=0x1239
wall carving=0x12 0x3a=0x123a
wall carving=0x12 0x3b=0x123b
wall carving=0x12 0x3c=0x123c
wall carving=0x12 0x3d=0x123d
wall carving=0x12 0x3e=0x123e
wall carving=0x12 0x40=0x1240
wall carving=0x12 0x41=0x1241
wall carving=0x12 0x42=0x1242
wall carving=0x12 0x43=0x1243
wall carving=0x12 0x44=0x1244
wall carving=0x12 0x65=0x1265
wall carving=0x12 0x66=0x1266
wall carving=0x12 0x67=0x1267
Serpent crest=0x15 0x14=0x1514
}
Misc
{
music stand=0x0e 0xb5=0x0eb5
music stand=0x0e 0xb6=0x0eb6
music stand=0x0e 0xb7=0x0eb7
music stand=0x0e 0xb8=0x0eb8
music stand=0x0e 0xb9=0x0eb9
music stand=0x0e 0xba=0x0eba
music stand=0x0e 0xbb=0x0ebb
music stand=0x0e 0xbc=0x0ebc
sheet music=0x0e 0xbd=0x0ebd
sheet music=0x0e 0xbe=0x0ebe
sheet music=0x0e 0xbf=0x0ebf
sheet music=0x0e 0xc0=0x0ec0
scaffold=0x12 0xb1=0x12b1
scaffold=0x12 0xb2=0x12b2
scaffold=0x12 0xc8=0x12c8
scaffold=0x12 0xc9=0x12c9
}
}

Miner blacksmith tinker
{
Tools
{
smith's hammer=0x13 0xe3=0x13e3
smith's hammer=0x13 0xe4=0x13e4
shovel=0x0f 0x39=0x0f39
shovel=0x0f 0x3a=0x0f3a
cleaver=0x0e 0xc2=0x0ec2
cleaver=0x0e 0xc3=0x0ec3
skinning knife=0x0e 0xc4=0x0ec4
skinning knife=0x0e 0xc5=0x0ec5
butcher knife=0x13 0xf6=0x13f6
butcher knife=0x13 0xf7=0x13f7
anvil=0x0f 0xaf=0x0faf
anvil=0x0f 0xb0=0x0fb0
forge=0x0f 0xb1=0x0fb1
sledge hammer=0x0f 0xb4=0x0fb4
sledge hammer=0x0f 0xb5=0x0fb5
horse shoes=0x0f 0xb6=0x0fb6
forged metal=0x0f 0xb7=0x0fb7
forged metal=0x0f 0xb8=0x0fb8
tongs=0x0f 0xbb=0x0fbb
tongs=0x0f 0xbc=0x0fbc
bellows=0x19 0x7a=0x197a
bellows=0x19 0x7b=0x197b
bellows=0x19 0x7c=0x197c
bellows=0x19 0x7d=0x197d
bellows=0x19 0x86=0x1986
bellows=0x19 0x87=0x1987
bellows=0x19 0x88=0x1988
bellows=0x19 0x89=0x1989
forge=0x19 0x8a=0x198a
forge=0x19 0x8b=0x198b
forge=0x19 0x8c=0x198c
forge=0x19 0x8d=0x198d
forge=0x19 0x8e=0x198e
forge=0x19 0x8f=0x198f
forge=0x19 0x90=0x1990
forge=0x19 0x91=0x1991
bellows=0x19 0x92=0x1992
bellows=0x19 0x93=0x1993
bellows=0x19 0x94=0x1994
bellows=0x19 0x95=0x1995
forge=0x19 0x96=0x1996
forge=0x19 0x97=0x1997
forge=0x19 0x98=0x1998
forge=0x19 0x99=0x1999
forge=0x19 0x9a=0x199a
forge=0x19 0x9b=0x199b
forge=0x19 0x9c=0x199c
forge=0x19 0x9d=0x199d
bellows=0x19 0x9e=0x199e
bellows=0x19 0x9f=0x199f
bellows=0x19 0xa0=0x19a0
bellows=0x19 0xa1=0x19a1
forge=0x19 0xa2=0x19a2
forge=0x19 0xa3=0x19a3
forge=0x19 0xa4=0x19a4
forge=0x19 0xa5=0x19a5
forge=0x19 0xa6=0x19a6
forge=0x19 0xa7=0x19a7
forge=0x19 0xa8=0x19a8
forge=0x19 0xa9=0x19a9
forge=0x19 0x7e=0x197e
forge=0x19 0x7f=0x197f
forge=0x19 0x80=0x1980
forge=0x19 0x81=0x1981
forge=0x19 0x82=0x1982
forge=0x19 0x83=0x1983
forge=0x19 0x84=0x1984
forge=0x19 0x85=0x1985
dishing stump=0x18 0x65=0x1865
dishing stump=0x18 0x66=0x1866
tinker's tools=0x1e 0xbc=0x1ebc
}
Ressource
{
iron ore=0x19 0xb7=0x19b7
iron ore=0x19 0xb8=0x19b8
iron ore=0x19 0xb9=0x19b9
iron ore=0x19 0xba=0x19ba
copper ingot=0x1b 0xe3=0x1be3
copper ingots=0x1b 0xe4=0x1be4
copper ingot=0x1b 0xe5=0x1be5
copper ingot=0x1b 0xe6=0x1be6
copper ingots=0x1b 0xe7=0x1be7
copper ingots=0x1b 0xe8=0x1be8
gold ingot=0x1b 0xe9=0x1be9
gold ingots=0x1b 0xea=0x1bea
gold ingots=0x1b 0xeb=0x1beb
gold ingot=0x1b 0xec=0x1bec
gold ingots=0x1b 0xed=0x1bed
gold ingots=0x1b 0xee=0x1bee
iron ingots=0x1b 0xef=0x1bef
iron ingots=0x1b 0xf0=0x1bf0
iron ingots=0x1b 0xf1=0x1bf1
iron ingots=0x1b 0xf2=0x1bf2
iron ingots=0x1b 0xf3=0x1bf3
iron ingots=0x1b 0xf4=0x1bf4
silver ingot=0x1b 0xf5=0x1bf5
silver ingots=0x1b 0xf6=0x1bf6
silver ingots=0x1b 0xf7=0x1bf7
silver ingot=0x1b 0xf8=0x1bf8
silver ingots=0x1b 0xf9=0x1bf9
silver ingots=0x1b 0xfa=0x1bfa
iron wire=0x18 0x76=0x1876
silver wire=0x18 0x77=0x1877
gold wire=0x18 0x78=0x1878
copper wire=0x18 0x79=0x1879
clock frames=0x10 0x4d=0x104d
clock frames=0x10 0x4e=0x104e
clock parts=0x10 0x4f=0x104f
clock parts=0x10 0x50=0x1050
axles with gears=0x10 0x51=0x1051
axles with gears=0x10 0x52=0x1052
gears=0x10 0x53=0x1053
gears=0x10 0x54=0x1054
hinges=0x10 0x55=0x1055
hinges=0x10 0x56=0x1056
sextant parts=0x10 0x59=0x1059
sextant parts=0x10 0x5a=0x105a
axles=0x10 0x5b=0x105b
axles=0x10 0x5c=0x105c
springs=0x10 0x5d=0x105d
springs=0x10 0x5e=0x105e
}
Product
{
broken knife=0x0e 0xc1=0x0ec1
decorative weapons=0x15 0x5c=0x155c
decorative weapons=0x15 0x5d=0x155d
decorative weapons=0x15 0x5e=0x155e
decorative weapons=0x15 0x5f=0x155f
decorative weapons=0x15 0x60=0x1560
decorative weapons=0x15 0x61=0x1561
decorative weapons=0x15 0x62=0x1562
decorative weapons=0x15 0x63=0x1563
decorative weapons=0x15 0x64=0x1564
decorative weapons=0x15 0x65=0x1565
decorative weapons=0x15 0x66=0x1566
decorative weapons=0x15 0x67=0x1567
decorative weapons=0x15 0x68=0x1568
decorative weapons=0x15 0x69=0x1569
decorative weapons=0x15 0x6a=0x156a
decorative weapons=0x15 0x6b=0x156b
decorative shield=0x15 0x6c=0x156c
decorative shield=0x15 0x6d=0x156d
decorative shield=0x15 0x6e=0x156e
decorative shield=0x15 0x6f=0x156f
decorative shield=0x15 0x70=0x1570
decorative shield=0x15 0x71=0x1571
decorative shield=0x15 0x72=0x1572
decorative shield=0x15 0x73=0x1573
decorative shield=0x15 0x74=0x1574
decorative shield=0x15 0x75=0x1575
decorative shield=0x15 0x76=0x1576
decorative shield=0x15 0x77=0x1577
decorative shield=0x15 0x78=0x1578
decorative shield=0x15 0x79=0x1579
decorative shield=0x15 0x7a=0x157a
decorative shield=0x15 0x7b=0x157b
decorative shield=0x15 0x7c=0x157c
decorative shield=0x15 0x7d=0x157d
decorative shield=0x15 0x7e=0x157e
decorative shield=0x15 0x7f=0x157f
decorative shield=0x15 0x80=0x1580
decorative shield=0x15 0x81=0x1581
decorative shields=0x15 0x82=0x1582
decorative shields=0x15 0x83=0x1583
decorative shields=0x15 0x84=0x1584
decorative shields=0x15 0x85=0x1585
decorative shields=0x16 0x34=0x1634
decorative shields=0x16 0x35=0x1635
decorative shields=0x16 0x36=0x1636
decorative shields=0x16 0x37=0x1637
decorative armor=0x15 0x08=0x1508
decorative armor=0x15 0x09=0x1509
decorative armor=0x15 0x12=0x1512
decorative armor=0x15 0x13=0x1513
decorative armor=0x15 0x1a=0x151a
decorative armor=0x15 0x1b=0x151b
decorative armor=0x15 0x1c=0x151c
decorative armor=0x15 0x1d=0x151d
Chaos shield=0x1b 0xc3=0x1bc3
Order shield=0x1b 0xc4=0x1bc4
Order shield=0x1b 0xc5=0x1bc5
scale shield=0x1b 0xc6=0x1bc6
scale shield=0x1b 0xc7=0x1bc7
globe=0x10 0x47=0x1047
globe=0x10 0x48=0x1048
clock=0x10 0x4b=0x104b
clock=0x10 0x4c=0x104c
sextant=0x10 0x57=0x1057
sextant=0x10 0x58=0x1058
}
Misc
{
ore cart=0x1a 0x82=0x1a82
ore cart=0x1a 0x83=0x1a83
ore cart=0x1a 0x86=0x1a86
ore cart=0x1a 0x87=0x1a87
ore cart=0x1a 0x88=0x1a88
ore cart=0x1a 0x8b=0x1a8b
}

}
Thief and healer
{
Tools
{
clean bandages=0x0e 0x21=0x0e21
clean bandages=0x0e 0xe9=0x0ee9
lockpicks=0x14 0xfb=0x14fb
lockpicks=0x14 0xfc=0x14fc
lockpicks=0x14 0xfd=0x14fd
lockpicks=0x14 0xfe=0x14fe
}
Traps
{
Trigger
{
lever=0x10 0x8c=0x108c
lever=0x10 0x8d=0x108d
lever=0x10 0x8e=0x108e
lever=0x10 0x93=0x1093
lever=0x10 0x94=0x1094
lever=0x10 0x95=0x1095
switch=0x10 0x8f=0x108f
switch=0x10 0x90=0x1090
switch=0x10 0x91=0x1091
switch=0x10 0x92=0x1092
stone trigger=0x1b 0xbf=0x1bbf
stone trigger=0x1b 0xc0=0x1bc0
stone trigger=0x1b 0xc1=0x1bc1
stone face=0x10 0xf5=0x10f5
stone face=0x10 0xf6=0x10f6
stone face=0x10 0xfc=0x10fc
stone face=0x10 0xfd=0x10fd
stone face=0x11 0x0f=0x110f
stone face=0x11 0x10=0x1110
trigger=0x11 0x22=0x1122
trigger=0x11 0x23=0x1123
trigger=0x11 0x24=0x1124
}
Fire
{
fire trap=0x10 0xf7=0x10f7
fire trap=0x10 0xf8=0x10f8
fire trap=0x10 0xf9=0x10f9
fire trap=0x10 0xfa=0x10fa
fire trap=0x10 0xfb=0x10fb
fire trap=0x10 0xfe=0x10fe
fire trap=0x10 0xff=0x10ff
fire trap=0x11 0x00=0x1100
fire trap=0x11 0x01=0x1101
fire trap=0x11 0x02=0x1102
fire trap=0x11 0x11=0x1111
fire trap=0x11 0x12=0x1112
fire trap=0x11 0x13=0x1113
fire trap=0x11 0x14=0x1114
fire trap=0x11 0x15=0x1115
}
Saw
{
saw trap=0x11 0x03=0x1103
saw trap=0x11 0x04=0x1104
saw trap=0x11 0x05=0x1105
saw trap=0x11 0x06=0x1106
saw trap=0x11 0x07=0x1107
saw trap=0x11 0x16=0x1116
saw trap=0x11 0x17=0x1117
saw trap=0x11 0x18=0x1118
saw trap=0x11 0x19=0x1119
saw trap=0x11 0x1a=0x111a
floor saw=0x11 0xac=0x11ac
floor saw=0x11 0xad=0x11ad
floor saw=0x11 0xae=0x11ae
floor saw=0x11 0xaf=0x11af
floor saw=0x11 0xb0=0x11b0
floor saw=0x11 0xb1=0x11b1
floor saw=0x11 0xb2=0x11b2
floor saw=0x11 0xb3=0x11b3
floor saw=0x11 0xb4=0x11b4
floor saw=0x11 0xb5=0x11b5
}
Spike
{
spike trap=0x11 0x08=0x1108
spike trap=0x11 0x09=0x1109
spike trap=0x11 0x0a=0x110a
spike trap=0x11 0x0b=0x110b
spike trap=0x11 0x0c=0x110c
spike trap=0x11 0x0d=0x110d
spike trap=0x11 0x0e=0x110e
spike trap=0x11 0x1b=0x111b
spike trap=0x11 0x1c=0x111c
spike trap=0x11 0x1d=0x111d
spike trap=0x11 0x1e=0x111e
spike trap=0x11 0x1f=0x111f
spike trap=0x11 0x20=0x1120
spike trap=0x11 0x21=0x1121
spike trap=0x1d 0x99=0x1d99
spike trap=0x1d 0x9a=0x1d9a
spike trap=0x1d 0x9b=0x1d9b
spike trap=0x1d 0x9c=0x1d9c
spike trap=0x1d 0x9d=0x1d9d
spike trap=0x1d 0x9e=0x1d9e
floor spikes=0x11 0x9a=0x119a
floor spikes=0x11 0x9b=0x119b
floor spikes=0x11 0x9c=0x119c
floor spikes=0x11 0x9d=0x119d
floor spikes=0x11 0x9e=0x119e
floor spikes=0x11 0x9f=0x119f
floor spikes=0x11 0xa0=0x11a0
floor spikes=0x11 0xa1=0x11a1
floor spikes=0x11 0xa2=0x11a2
floor spikes=0x11 0xa3=0x11a3
floor spikes=0x11 0xa4=0x11a4
floor spikes=0x11 0xa5=0x11a5
}
Dart
{
fitting=0x11 0x2b=0x112b
dart trap=0x11 0x2c=0x112c
dart trap=0x11 0x2d=0x112d
dart trap=0x11 0x2e=0x112e
fitting=0x11 0x2f=0x112f
dart trap=0x11 0x30=0x1130
dart trap=0x11 0x31=0x1131
dart trap=0x11 0x32=0x1132
}
Axe
{
axe trap=0x11 0x33=0x1133
axe trap=0x11 0x34=0x1134
axe trap=0x11 0x35=0x1135
axe trap=0x11 0x36=0x1136
axe trap=0x11 0x37=0x1137
axe trap=0x11 0x38=0x1138
axe trap=0x11 0x39=0x1139
axe trap=0x11 0x40=0x1140
axe trap=0x11 0x41=0x1141
axe trap=0x11 0x42=0x1142
axe trap=0x11 0x43=0x1143
axe trap=0x11 0x44=0x1144
axe trap=0x11 0x4b=0x114b
axe trap=0x11 0x4c=0x114c
axe trap=0x11 0x4d=0x114d
axe trap=0x11 0x4e=0x114e
axe trap=0x11 0x4f=0x114f
axe trap=0x11 0x93=0x1193
axe trap=0x11 0x94=0x1194
axe trap=0x11 0x95=0x1195
axe trap=0x11 0x96=0x1196
axe trap=0x11 0x97=0x1197
axe trap=0x11 0x98=0x1198
axe trap=0x11 0x99=0x1199
}
Gas
{
gas trap=0x11 0x3a=0x113a
gas trap=0x11 0x3b=0x113b
gas trap=0x11 0x3c=0x113c
gas trap=0x11 0x3d=0x113d
gas trap=0x11 0x3e=0x113e
gas trap=0x11 0x45=0x1145
gas trap=0x11 0x46=0x1146
gas trap=0x11 0x47=0x1147
gas trap=0x11 0x48=0x1148
gas trap=0x11 0x49=0x1149
gas trap=0x11 0x4a=0x114a
gas trap=0x11 0xa6=0x11a6
gas trap=0x11 0xa7=0x11a7
gas trap=0x11 0xa8=0x11a8
gas trap=0x11 0xa9=0x11a9
gas trap=0x11 0xaa=0x11aa
gas trap=0x11 0xab=0x11ab
}
Boulder
{
boulder=0x11 0xb6=0x11b6
boulder trap=0x11 0xb7=0x11b7
boulder trap=0x11 0xb8=0x11b8
boulder trap=0x11 0xb9=0x11b9
boulder trap=0x11 0xba=0x11ba
boulder trap=0x11 0xbb=0x11bb
dungeon ramp=0x11 0xbc=0x11bc
dungeon ramp=0x11 0xbd=0x11bd
dungeon ramp=0x11 0xbe=0x11be
dungeon ramp=0x11 0xbf=0x11bf
}
Crumbling floor
{
crumbling floor=0x11 0xc0=0x11c0
crumbling floor=0x11 0xc1=0x11c1
crumbling floor=0x11 0xc2=0x11c2
crumbling floor=0x11 0xc3=0x11c3
crumbling floor=0x11 0xc4=0x11c4
crumbling floor=0x11 0xc5=0x11c5
}	
}
Misc
{
bloody bandages=0x0e 0x20=0x0e20
bloody bandages=0x0e 0x22=0x0e22
bloody water=0x0e 0x23=0x0e23	
pickpocket dip=0x1e 0x2c=0x1e2c
pickpocket dip=0x1e 0x2d=0x1e2d
pickpocket dip=0x1e 0xc0=0x1ec0
pickpocket dip=0x1e 0xc1=0x1ec1
pickpocket dip=0x1e 0xc2=0x1ec2
pickpocket dip=0x1e 0xc3=0x1ec3
pickpocket dip=0x1e 0xc4=0x1ec4
pickpocket dip=0x1e 0xc5=0x1ec5
dropping coins=0x1e 0xc6=0x1ec6
dropping coins=0x1e 0xc7=0x1ec7
dropping coins=0x1e 0xc8=0x1ec8
dropping coins=0x1e 0xc9=0x1ec9
}
}
