format=HH

Fences/small walls
{
Wooden
{
log wall=0x00 0x9a=009a
log wall=0x00 0x9b=009b
log wall=0x00 0x9c=009c
log post=0x00 0x9d=009d
log wall=0x00 0x9e=009e
log wall=0x00 0x9f=009f
log wall=0x00 0xa0=00a0
log wall=0x00 0xa1=00a1
log wall=0x00 0xa2=00a2
log wall=0x00 0xa3=00a3
log wall=0x00 0xa4=00a4
log wall=0x00 0xa5=00a5
log post=0x01 0x47=0147
log post=0x01 0x48=0148
wooden wall=0x02 0x2a=022a
wooden wall=0x02 0x2b=022b
wooden wall=0x00 0x10=0010
wooden wall=0x00 0x11=0011
wooden wall=0x00 0x12=0012
wooden post=0x00 0x13=0013
wooden wall=0x00 0x14=0014
wooden wall=0x00 0x15=0015
wooden wall=0x00 0x16=0016
wooden post=0x00 0x17=0017
wooden wall=0x00 0x18=0018
wooden wall=0x00 0x19=0019
wooden wall=0x00 0xb6=00b6
wooden wall=0x00 0xb7=00b7
wooden wall=0x00 0xb8=00b8
wooden wall=0x00 0xbd=00bd
wooden wall=0x00 0xbe=00be
wooden wall=0x00 0xbf=00bf
wooden post=0x00 0xc0=00c0
wooden wall=0x00 0xc1=00c1
wooden wall=0x00 0xc2=00c2
wooden fence=0x03 0xb3=03b3
wooden fence=0x03 0xb4=03b4
wooden fence=0x03 0xb5=03b5
wooden fence=0x08 0x35=0835
wooden fence=0x08 0x36=0836
wooden fence=0x08 0x37=0837
wooden fence=0x08 0x5c=085c
wooden fence=0x08 0x5d=085d
wooden fence=0x08 0x5e=085e
wooden fence=0x08 0x5f=085f
wooden fence=0x08 0x60=0860
wooden fence=0x08 0x61=0861
wooden fence=0x08 0x62=0862
wooden fence=0x08 0x63=0863
wooden fence=0x08 0x64=0864
wooden fence=0x08 0x65=0865
wooden fence=0x08 0x77=0877
wooden fence=0x08 0x78=0878
wooden fence=0x08 0x8a=088a
wooden fence=0x08 0x8b=088b
wooden rail=0x08 0x7e=087e
wooden rail=0x08 0x7f=087f
wooden rail=0x08 0x80=0880
wooden rail=0x08 0x81=0881
wooden rail=0x08 0x82=0882
wooden rail=0x08 0x83=0883
wooden rail=0x08 0x84=0884
wooden rail=0x08 0x85=0885
wooden rail=0x08 0x86=0886
wooden rail=0x08 0x87=0887
wooden rail=0x08 0x88=0888
wooden rail=0x08 0x89=0889
pier=03 0xa5=03a5
rope=03 0xa6=03a6
rope=03 0xa7=03a7
rope=03 0xa8=03a8
rope=03 0xa9=03a9
pier=03 0xaa=03aa
pier=03 0xab=03ab
pier=03 0xac=03ac
pier=03 0xad=03ad
pier=03 0xae=03ae
pier=03 0xaf=03af
pier=03 0xb0=03b0
LBR
{
wooden fence=0x21 0xd1=0x21d1
wooden fence=0x21 0xd2=0x21d2
wooden fence=0x21 0xd3=0x21d3
wooden fence=0x21 0xd4=0x21d4
wooden wall=0x21 0xcd=0x21cd
wooden wall=0x21 0xce=0x21ce
wooden wall=0x21 0xcf=0x21cf
wooden wall=0x21 0xd0=0x21d0
wooden fence=0x21 0xd1=0x21d1
wooden fence=0x21 0xd2=0x21d2
wooden fence=0x21 0xd3=0x21d3
wooden fence=0x21 0xd4=0x21d4
}
}
Iron
{
iron fence=0x08 0x21=0821
iron fence=0x08 0x22=0822
iron fence=0x08 0x23=0823
iron fence=0x08 0x49=0849
iron fence=0x08 0x4a=084a
iron fence=0x08 0x4b=084b
}
Stone/Wood
{
sandstone rail=0x08 0xf3=08f3
sandstone rail=0x08 0xf4=08f4
sandstone rail=0x08 0xf5=08f5
sandstone rail=0x08 0xf6=08f6
stone rail=0x08 0xf7=08f7
stone rail=0x08 0xf8=08f8
stone rail=0x08 0xf9=08f9
stone rail=0x08 0xfa=08fa
stone rail=0x08 0xfb=08fb
stone rail=0x08 0xfc=08fc
stone rail=0x08 0xeb=08eb
stone rail=0x08 0xec=08ec
stone rail=0x08 0xed=08ed
stone rail=0x08 0xee=08ee
stone rail=0x08 0xef=08ef
stone rail=0x08 0xf0=08f0
stone rail=0x08 0xf1=08f1
stone rail=0x08 0xf2=08f2
railing=0x07 0xd7=07d7
railing=0x07 0xd8=07d8
stone post=0x07 0xd6=07d6
}
Cave
{
cave wall=0x02 0x70=0270
cave wall=0x02 0x71=0271
cave wall=0x02 0x72=0272
cave wall=0x02 0x73=0273
cave wall=0x02 0x74=0274
cave wall=0x02 0x75=0275
cave wall=0x02 0x76=0276
cave wall=0x02 0x7d=027d
cave wall=0x02 0x7e=027e
cave wall=0x02 0x7f=027f
cave wall=0x02 0x80=0280
}
Sandstone
{
sandstone wall=0x01 0x64=0164
sandstone wall=0x01 0x65=0165
sandstone wall=0x01 0x66=0166
sandstone post=0x01 0x67=0167
sandstone wall=0x01 0x68=0168
sandstone wall=0x01 0x69=0169
sandstone wall=0x01 0x6a=016a
sandstone post=0x01 0x6b=016b
sandstone wall=0x01 0x82=0182
sandstone wall=0x01 0x83=0183
sandstone wall=0x01 0x84=0184
sandstone wall=0x01 0x85=0185
sandstone wall=0x01 0x97=0197
sandstone wall=0x01 0x98=0198
sandstone wall=0x01 0x99=0199
sandstone wall=0x01 0x9a=019a
sandstone wall=0x01 0xb1=01b1
sandstone wall=0x01 0xb2=01b2
sandstone wall=0x01 0xb3=01b3
sandstone wall=0x01 0xb4=01b4
sandstone wall=0x01 0xca=01ca
wall=0x01 0xec=01ec
wall=0x01 0xed=01ed
wall=0x01 0xee=01ee
wall=0x01 0xef=01ef
wall=0x02 0x0b=020b
wall=0x02 0x0c=020c
}
Marble
{
marble wall=0x01 0x0a=010a
marble wall=0x01 0x0b=010b
marble wall=0x01 0x0c=010c
marble wall=0x01 0x0d=010d
marble wall=0x01 0x0e=010e
marble wall=0x01 0x0f=010f
marble wall=0x01 0x10=0110
marble wall=0x01 0x11=0111
marble wall=0x01 0x17=0117
marble wall=0x01 0x18=0118
marble wall=0x01 0x19=0119
marble wall=0x01 0x1a=011a
marble wall=0x01 0x25=0125
marble wall=0x01 0x26=0126
marble wall=0x02 0xa1=02a1
marble wall=0x02 0xa2=02a2
marble wall=0x02 0xa3=02a3
marble wall=0x02 0xa4=02a4
marble wall=0x02 0xa5=02a5
marble wall=0x02 0xa6=02a6
marble wall=0x02 0xb5=02b5
marble wall=0x02 0xb6=02b6
marble wall=0x02 0xb7=02b7
marble wall=0x02 0xb8=02b8
marble wall=0x02 0xb9=02b9
marble wall=0x02 0xba=02ba
marble wall=0x02 0xbb=02bb
marble wall=0x02 0xbc=02bc
marble wall=0x04 0x42=0442
marble wall=0x04 0x43=0443
marble wall=0x04 0x44=0444
marble wall=0x04 0x45=0445
wall=0x04 0x50=0450
wall=0x04 0x51=0451
wall=0x04 0x52=0452
wall=0x04 0x53=0453
}
Pflaster
{
plaster wall=0x01 0x4a=014a
plaster wall=0x01 0x4b=014b
wooden 0xbeam=0x01 0x41=0141
wooden 0xbeam=0x01 0x42=0142
wooden 0xbeam=0x01 0x43=0143
wooden 0xbeam=0x01 0x44=0144
wooden 0xbeam=0x03 0x9c=039c
wooden 0xbeam=0x03 0x9d=039d
wooden 0xbeam=0x03 0x9e=039e
wooden 0xbeam=0x03 0x9f=039f
}
Hide
{
hide wall=0x01 0xc8=01c8
hide wall=0x01 0xc9=01c9
}
Brick
{
brick wall=0x00 0x3d=003d
brick wall=0x00 0x3e=003e
brick wall=0x00 0x3f=003f
brick wall=0x00 0x40=0040
brick wall=0x00 0x41=0041
brick wall=0x00 0x42=0042
brick wall=0x00 0x43=0043
brick wall=0x00 0x44=0044
brick wall=0x00 0x4e=004e
brick wall=0x00 0x4f=004f
brick wall=0x00 0x50=0050
brick wall=0x00 0x51=0051
brick wall=0x00 0x52=0052
brick wall=0x00 0x53=0053
brick wall=0x00 0x54=0054
brick wall=0x00 0x55=0055
brick wall=0x00 0x56=0056
}
ruined walls
{
stone 0xruins=03 0xb7=03b7
stone 0xruins=03 0xb8=03b8
stone 0xruins=03 0xb9=03b9
stone 0xruins=03 0xba=03ba
stone 0xruins=03 0xbb=03bb
stone 0xruins=03 0xbc=03bc
stone 0xruins=03 0xbd=03bd
stone wall=0x03 0xbe=03be
stone 0xruins=03 0xbf=03bf
stone 0xruins=03 0xc3=03c3
stone 0xruins=03 0xc4=03c4
stone 0xruins=03 0xc5=03c5
stone 0xruins=03 0xc6=03c6
}
Stone
{
stone wall=0x03 0xcf=03cf
stone wall=0x03 0xd0=03d0
stone wall=0x03 0xd1=03d1
stone wall=0x03 0xd2=03d2
stone wall=0x03 0x64=0364
stone wall=0x03 0x65=0365
stone wall=0x02 0xce=02ce
stone wall=0x02 0xcf=02cf
stone wall=0x02 0xd0=02d0
stone wall=0x02 0xd1=02d1
stone wall=0x02 0xd2=02d2
stone wall=0x02 0xd3=02d3
stone wall=0x02 0xd4=02d4
stone wall=0x02 0xd5=02d5
stone wall=0x02 0xd6=02d6
stone wall=0x02 0xd7=02d7
stone wall=0x02 0xd8=02d8
stone wall=0x02 0xd9=02d9
stone wall=0x01 0xe8=01e8
stone wall=0x01 0xe9=01e9
stone wall=0x01 0xea=01ea
stone wall=0x01 0xeb=01eb
stone wall=0x00 0xe6=00e6
stone wall=0x00 0xe7=00e7
stone wall=0x00 0x78=0078
stone wall=0x00 0x79=0079
stone wall=0x00 0x5f=005f
stone wall=0x00 0x60=0060
stone wall=0x00 0x61=0061
stone wall=0x00 0x62=0062
stone wall=0x00 0x63=0063
stone wall=0x00 0x64=0064
stone wall=0x00 0x65=0065
stone wall=0x00 0x66=0066
stone wall=0x00 0x67=0067
stone wall=0x00 0x68=0068
stone wall=0x00 0x69=0069
stone wall=0x00 0x6a=006a
stone wall=0x00 0x6b=006b
stone wall=0x00 0x6c=006c
stone wall=0x00 0x2d=002d
stone wall=0x00 0x2e=002e
stone wall=0x00 0x2f=002f
stone wall=0x00 0x30=0030
stone wall=0x00 0x31=0031
stone wall=0x00 0x32=0032
stone wall=0x00 0x24=0024
stone wall=0x00 0x25=0025
stone wall=0x00 0x26=0026
stone wall=0x00 0x27=0027
stone wall=0x00 0xdc=00dc
stone wall=0x00 0xdd=00dd
stone wall=0x00 0xde=00de
stone post=0x00 0xdf=00df
dungeon=0x02 0x47=0247
dungeon=0x02 0x48=0248
dungeon wall=0x02 0xf9=02f9
dungeon wall=0x02 0xfa=02fa
dungeon wall=0x02 0xfb=02fb
dungeon wall=0x02 0xfc=02fc
dungeon wall=0x02 0xfd=02fd
dungeon wall=0x02 0xfe=02fe
dungeon wall=0x02 0xff=02ff
dungeon wall=0x03 0x00=0300
}
}

Walls
{
Wooden
{
wooden wall=0x00 0x06=0006
wooden wall=0x00 0x07=0007
wooden wall=0x00 0x08=0008
wooden post=0x00 0x09=0009
wooden wall=0x00 0x0a=000a
wooden wall=0x00 0x0b=000b
wooden wall=0x00 0x0c=000c
wooden wall=0x00 0x0d=000d
wooden wall=0x00 0xa6=00a6
wooden wall=0x00 0xa7=00a7
wooden wall=0x00 0xa8=00a8
wooden post=0x00 0xa9=00a9
wooden wall=0x00 0xaa=00aa
wooden wall=0x00 0xab=00ab
wooden wall=0x00 0xac=00ac
wooden wall=0x00 0xad=00ad
wooden wall=0x00 0xae=00ae
wooden wall=0x00 0xaf=00af
wooden wall=0x00 0xb0=00b0
wooden post=0x00 0xb1=00b1
wooden wall=0x00 0xb2=00b2
wooden wall=0x00 0xb3=00b3
wooden wall=0x00 0xb4=00b4
wooden wall=0x00 0xb5=00b5
wooden wall=0x02 0x26=0226
wooden wall=0x02 0x27=0227
wooden wall=0x02 0x28=0228
wooden post=0x02 0x29=0229
wooden wall=0x03 0x34=0334
secret door=0x03 0x35=0335
wooden wall=0x03 0x36=0336
secret door=0x03 0x37=0337
wooden wall=0x03 0x38=0338
secret door=0x03 0x39=0339
wooden wall=0x03 0x3a=033a
secret door=0x03 0x3b=033b
wooden wall=0x03 0x3c=033c
secret door=0x03 0x3d=033d
wooden wall=0x03 0x3e=033e
secret door=0x03 0x3f=033f
wooden wall=0x03 0x40=0340
secret door=0x03 0x41=0341
wooden wall=0x03 0x42=0342
secret door=0x03 0x43=0343
wooden wall=0x03 0x44=0344
secret door=0x03 0x45=0345
wooden wall=0x03 0x46=0346
secret door=0x03 0x47=0347
wooden wall=0x03 0x48=0348
secret door=0x03 0x49=0349
wooden wall=0x03 0x4a=034a
secret door=0x03 0x4b=034b
wooden wall=0x03 0x4c=034c
secret door=0x03 0x4d=034d
wooden wall=0x03 0x4e=034e
secret door=0x03 0x4f=034f
wooden wall=0x03 0x50=0350
secret door=0x03 0x51=0351
wooden wall=0x03 0x52=0352
secret door=0x03 0x53=0353
log post=0x01 0x45=0145
log post=0x01 0x46=0146
LBR
{
wooden wall=0x21 0xa9=0x21a9
wooden wall=0x21 0xaa=0x21aa
wooden wall=0x21 0xab=0x21ab
wooden wall=0x21 0xac=0x21ac
wooden wall=0x21 0xad=0x21ad
wooden wall=0x21 0xae=0x21ae
wooden wall=0x21 0xaf=0x21af
wooden wall=0x21 0xb0=0x21b0
wooden wall=0x21 0xd5=0x21d5
wooden wall=0x21 0xd6=0x21d6
wooden wall=0x21 0xd7=0x21d7
wooden wall=0x21 0xd8=0x21d8
wooden wall=0x21 0xd9=0x21d9
wooden wall=0x21 0xda=0x21da
wooden wall=0x21 0xdc=0x21dc
}
}
Stone
{
stone wall=0x00 0x1a=001a
stone wall=0x00 0x1b=001b
stone wall=0x00 0x1c=001c
stone wall=0x00 0x1d=001d
stone wall=0x00 0x1e=001e
stone wall=0x00 0x1f=001f
stone wall=0x00 0x20=0020
stone wall=0x00 0x21=0021
stone wall=0x00 0x57=0057
stone wall=0x00 0x58=0058
stone wall=0x00 0x59=0059
stone wall=0x00 0x5a=005a
battlement=0x00 0x72=0072
battlement=0x00 0x73=0073
battlement=0x00 0x74=0074
battlement=0x00 0x75=0075
battlement=0x00 0x76=0076
stone wall=0x00 0x80=0080
stone wall=0x00 0x81=0081
stone wall=0x00 0x82=0082
stone wall=0x00 0x84=0084
stone wall=0x00 0x88=0088
stone wall=0x00 0x89=0089
stone wall=0x00 0x8c=008c
stone wall=0x00 0x8e=008e
stone wall=0x00 0xc5=00c5
stone wall=0x00 0xc7=00c7
stone wall=0x00 0xc8=00c8
stone wall=0x00 0xc9=00c9
stone post=0x00 0xcc=00cc
stone buttress=0x00 0xd2=00d2
stone buttress=0x00 0xd3=00d3
stone wall=0x00 0xe8=00e8
secret door=0x00 0xe9=00e9
stone wall=0x00 0xea=00ea
secret door=0x00 0xeb=00eb
stone wall=0x00 0xec=00ec
secret door=0x00 0xed=00ed
stone wall=0x00 0xee=00ee
secret door=0x00 0xef=00ef
stone wall=0x00 0xf0=00f0
secret door=0x00 0xf1=00f1
stone wall=0x00 0xf2=00f2
secret door=0x00 0xf3=00f3
stone wall=0x00 0xf4=00f4
secret door=0x00 0xf5=00f5
stone wall=0x00 0xf6=00f6
secret door=0x00 0xf7=00f7
stone wall=0x01 0xcf=01cf
stone wall=0x01 0xd0=01d0
stone wall=0x01 0xd1=01d1
stone post=0x01 0xd2=01d2
dungeon wall=0x02 0x41=0241
dungeon wall=0x02 0x42=0242
dungeon wall=0x02 0x43=0243
dungeon wall=0x02 0x44=0244
dungeon wall=0x03 0x14=0314
secret door=0x03 0x15=0315
dungeon wall=0x03 0x16=0316
secret door=0x03 0x17=0317
dungeon wall=0x03 0x18=0318
secret door=0x03 0x19=0319
dungeon wall=0x03 0x1a=031a
secret door=0x03 0x1b=031b
dungeon wall=0x03 0x1c=031c
secret door=0x03 0x1d=031d
dungeon wall=0x03 0x1e=031e
secret door=0x03 0x1f=031f
dungeon wall=0x03 0x20=0320
secret door=0x03 0x21=0321
dungeon wall=0x03 0x22=0322
secret door=0x03 0x23=0323
LBR
{
dungeon wall=0x21 0xdd=0x21dd
dungeon wall=0x21 0xde=0x21de
dungeon wall=0x21 0xdf=0x21df
dungeon wall=0x21 0xe0=0x21e0
dungeon wall=0x21 0xe1=0x21e1
dungeon wall=0x21 0xe2=0x21e2
dungeon wall=0x21 0xe3=0x21e3
dungeon wall=0x21 0xe4=0x21e4
dungeon wall=0x21 0xe5=0x21e5
dungeon wall=0x21 0xe6=0x21e6
dungeon wall=0x21 0xe7=0x21e7
dungeon wall=0x21 0xe8=0x21e8
}
stone wall=0x03 0x24=0324
secret door=0x03 0x25=0325
stone wall=0x03 0x26=0326
secret door=0x03 0x27=0327
stone wall=0x03 0x28=0328
secret door=0x03 0x29=0329
stone wall=0x03 0x2a=032a
secret door=0x03 0x2b=032b
stone wall=0x03 0x2c=032c
secret door=0x03 0x2d=032d
stone wall=0x03 0x2e=032e
secret door=0x03 0x2f=032f
stone wall=0x03 0x30=0330
secret door=0x03 0x31=0331
stone wall=0x03 0x32=0332
secret door=0x03 0x33=0333
stone wall=0x03 0x54=0354
secret door=0x03 0x55=0355
stone wall=0x03 0x56=0356
secret door=0x03 0x57=0357
stone wall=0x03 0x58=0358
secret door=0x03 0x59=0359
stone wall=0x03 0x5a=035a
secret door=0x03 0x5b=035b
stone wall=0x03 0x5c=035c
secret door=0x03 0x5d=035d
stone wall=0x03 0x5e=035e
secret door=0x03 0x5f=035f
stone wall=0x03 0x60=0360
secret door=0x03 0x61=0361
stone wall=0x03 0x62=0362
secret door=0x03 0x63=0363
stone wall=0x03 0xc0=03c0
stone wall=0x03 0xc1=03c1
stone wall=0x03 0xc2=03c2
stone wall=0x03 0xc7=03c7
stone wall=0x03 0xc8=03c8
stone wall=0x03 0xc9=03c9
stone wall=0x03 0xca=03ca
stone wall=0x03 0xcb=03cb
stone wall=0x03 0xcc=03cc
stone wall=0x03 0xcd=03cd
stone wall=0x03 0xce=03ce
stone wall=0x03 0xd3=03d3
stone wall=0x03 0xd4=03d4
stone wall=0x03 0xd5=03d5
stone wall=0x03 0xd6=03d6
stone wall=0x03 0xd7=03d7
stone wall=0x03 0xd8=03d8
stone wall=0x03 0xd9=03d9
stone wall=0x03 0xda=03da
stone wall=0x03 0xdb=03db
stone wall=0x03 0xdc=03dc
stone wall=0x03 0xe0=03e0
stone wall=0x03 0xe1=03e1
stone wall=0x03 0xe2=03e2
battlement=0x02 0xc7=02c7
battlement=0x02 0xc8=02c8
battlement=0x02 0xc9=02c9
battlement=0x02 0xca=02ca
battlement=0x02 0xcb=02cb
battlement=0x02 0xcc=02cc
battlement=0x02 0xcd=02cd
battlement=0x01 0xa4=01a4
jungle wall=0x24 0xea=0x24ea
jungle wall=0x25 0x3f=0x253f
jungle wall=0x25 0x40=0x2540
jungle wall=0x25 0x41=0x2541
jungle wall=0x25 0x42=0x2542
jungle wall=0x25 0x43=0x2543
jungle wall=0x25 0x44=0x2544
jungle wall=0x25 0x45=0x2545
jungle wall=0x25 0x46=0x2546
jungle wall=0x25 0x47=0x2547
jungle wall=0x25 0x48=0x2548
jungle wall=0x25 0x49=0x2549
jungle wall=0x25 0x4a=0x254a
jungle wall=0x25 0x4b=0x254b
jungle wall=0x25 0x4c=0x254c
jungle wall=0x25 0x4d=0x254d
jungle wall=0x25 0x4f=0x254f
jungle wall=0x25 0x50=0x2550
jungle wall=0x25 0x51=0x2551
jungle wall=0x25 0x52=0x2552
jungle wall=0x25 0x53=0x2553
}
Brick
{
brick wall=0x00 0x33=0033
brick wall=0x00 0x34=0034
brick wall=0x00 0x35=0035
brick wall=0x00 0x36=0036
brick wall=0x00 0x37=0037
brick wall=0x00 0x38=0038
brick wall=0x00 0x39=0039
brick wall=0x00 0x3a=003a
brick wall=0x00 0x4a=004a
brick wall=0x00 0x4b=004b
brick wall=0x00 0x4c=004c
brick wall=0x00 0x4d=004d
}
Log
{
log wall=0x00 0x90=0090
log wall=0x00 0x91=0091
log wall=0x00 0x92=0092
log post=0x00 0x93=0093
log wall=0x00 0x94=0094
log wall=0x00 0x95=0095
log wall=0x00 0x96=0096
log wall=0x00 0x97=0097
LBR
{
log wall=0x21 0xb1=0x21b1
log wall=0x21 0xb2=0x21b2
log wall=0x21 0xb3=0x21b3
log wall=0x21 0xb4=0x21b4
log wall=0x21 0xb5=0x21b5
log wall=0x21 0xb6=0x21b6
log wall=0x21 0xb7=0x21b7
log wall=0x21 0xb8=0x21b8
log wall=0x21 0xbd=0x21bd
log wall=0x21 0xbe=0x21be
log wall=0x21 0xbf=0x21bf
log wall=0x21 0xc0=0x21c0
log wall=0x21 0xc1=0x21c1
log wall=0x21 0xc2=0x21c2
log wall=0x21 0xc3=0x21c3
log wall=0x21 0xc4=0x21c4
log wall=0x21 0xc5=0x21c5
log wall=0x21 0xc6=0x21c6
log wall=0x21 0xc7=0x21c7
log wall=0x21 0xc8=0x21c8
log wall=0x21 0xc9=0x21c9
log wall=0x21 0xca=0x21ca
log wall=0x21 0xcb=0x21cb
log wall=0x21 0xcc=0x21cc
}
}
Marble
{
marble wall=0x00 0xf8=00f8
marble wall=0x00 0xf9=00f9
marble wall=0x00 0xfa=00fa
marble wall=0x00 0xfb=00fb
marble wall=0x00 0xfe=00fe
marble wall=0x00 0xff=00ff
marble wall=0x01 0x00=0100
marble wall=0x01 0x01=0101
marble wall=0x01 0x04=0104
marble wall=0x01 0x05=0105
marble wall=0x01 0x06=0106
marble wall=0x01 0x07=0107
marble wall=0x02 0x91=0291
marble wall=0x02 0x92=0292
marble wall=0x02 0x93=0293
marble wall=0x02 0x94=0294
marble wall=0x02 0x97=0297
marble wall=0x02 0x98=0298
marble wall=0x02 0x99=0299
marble wall=0x02 0x9a=029a
marble wall=0x02 0x9d=029d
marble wall=0x02 0x9e=029e
marble wall=0x02 0x9f=029f
marble wall=0x02 0xa0=02a0
}
Plaster
{
plaster wall=0x01 0x27=0127
plaster wall=0x01 0x28=0128
plaster wall=0x01 0x29=0129
wooden post=0x01 0x2a=012a
plaster wall=0x01 0x2b=012b
plaster wall=0x01 0x2c=012c
plaster wall=0x01 0x2d=012d
plaster wall=0x01 0x2e=012e
plaster wall=0x01 0x2f=012f
plaster wall=0x01 0x30=0130
plaster wall=0x01 0x31=0131
plaster wall=0x01 0x32=0132
plaster wall=0x01 0x33=0133
plaster wall=0x01 0x34=0134
plaster wall=0x01 0x35=0135
plaster wall=0x01 0x36=0136
plaster wall=0x01 0x37=0137
plaster wall=0x01 0x38=0138
plaster wall=0x01 0x39=0139
plaster wall=0x01 0x4c=014c
plaster wall=0x01 0x4d=014d
plaster wall=0x01 0x4e=014e
plaster wall=0x01 0x4f=014f
plaster wall=0x01 0x50=0150
plaster wall=0x01 0x51=0151
plaster wall=0x01 0x52=0152
plaster wall=0x01 0x53=0153
plaster wall=0x01 0xff=01ff
plaster wall=0x02 0x00=0200
plaster wall=0x02 0x01=0201
plaster wall=0x02 0x03=0203
plaster wall=0x02 0x04=0204
plaster wall=0x02 0x05=0205
plaster wall=0x02 0x06=0206
plaster wall=0x03 0x7f=037f
plaster wall=0x03 0x80=0380
plaster wall=0x03 0x81=0381
wooden post=0x03 0x82=0382
plaster wall=0x03 0x83=0383
plaster wall=0x03 0x84=0384
plaster wall=0x03 0x85=0385
plaster wall=0x03 0x86=0386
plaster wall=0x03 0x87=0387
plaster wall=0x03 0x88=0388
plaster wall=0x03 0x89=0389
plaster wall=0x03 0x8a=038a
plaster wall=0x03 0x8b=038b
plaster wall=0x03 0x8c=038c
plaster wall=0x03 0x8d=038d
plaster wall=0x03 0x8e=038e
plaster wall=0x03 0x8f=038f
plaster wall=0x03 0x90=0390
plaster wall=0x03 0x91=0391
plaster wall=0x03 0x92=0392
plaster wall=0x03 0x93=0393
plaster wall=0x03 0x94=0394
plaster wall=0x03 0x95=0395
plaster wall=0x03 0x96=0396
}
Sandstone
{
sandstone post=0x02 0x02=0202
sandstone wall=0x01 0x58=0158
sandstone wall=0x01 0x59=0159
sandstone wall=0x01 0x5a=015a
sandstone post=0x01 0x5b=015b
sandstone wall=0x01 0x5e=015e
sandstone wall=0x01 0x5f=015f
sandstone wall=0x01 0x60=0160
sandstone post=0x01 0x61=0161
sandstone wall=0x01 0x71=0171
sandstone wall=0x01 0x72=0172
battlement=0x01 0x73=0173
sandstone wall=0x01 0x74=0174
sandstone wall=0x01 0x75=0175
sandstone wall=0x01 0x76=0176
sandstone wall=0x01 0x77=0177
sandstone wall=0x01 0x78=0178
battlement=0x01 0x79=0179
battlement=0x01 0x7a=017a
battlement=0x01 0x7b=017b
battlement=0x01 0x7c=017c
battlement=0x01 0x7d=017d
sandstone wall=0x01 0x7e=017e
sandstone wall=0x01 0x7f=017f
sandstone wall=0x01 0x80=0180
sandstone wall=0x01 0x81=0181
sandstone wall=0x01 0x86=0186
sandstone wall=0x01 0x87=0187
sandstone wall=0x01 0x88=0188
sandstone wall=0x01 0x89=0189
sandstone wall=0x02 0x4c=024c
sandstone wall=0x02 0x4d=024d
sandstone wall=0x02 0x4e=024e
sandstone wall=0x02 0x4f=024f
sandstone wall=0x02 0x50=0250
sandstone wall=0x02 0x51=0251
sandstone wall=0x02 0x55=0255
sandstone wall=0x02 0x56=0256
sandstone wall=0x02 0x57=0257
sandstone wall=0x02 0x58=0258
sandstone wall=0x02 0x59=0259
sandstone wall=0x02 0x5a=025a
sandstone wall=0x02 0x5b=025b
}
Ratan
{
rattan wall=0x01 0xa5=01a5
rattan wall=0x01 0xa6=01a6
rattan wall=0x01 0xa7=01a7
wood post=0x01 0xa8=01a8
rattan wall=0x01 0xa9=01a9
rattan wall=0x01 0xaa=01aa
rattan wall=0x01 0xab=01ab
rattan wall=0x01 0xac=01ac
LBR
{
rattan wall=0x21 0x5a=0x215a
rattan wall=0x21 0x5b=0x215b
rattan wall=0x21 0x5c=0x215c
}
wood post=0x01 0xa3=01a3
wood post=0x01 0x9b=019b
wood supports=0x01 0x9c=019c
wood supports=0x01 0x9d=019d
wood supports=0x01 0x9e=019e
wood supports=0x01 0x9f=019f
wood supports=0x01 0xa0=01a0
wood supports=0x01 0xa1=01a1
wood supports=0x01 0xa2=01a2
}
Hide
{
wood post=0x01 0xb5=01b5
hide wall=0x01 0xb6=01b6
hide wall=0x01 0xb7=01b7
hide wall=0x01 0xb8=01b8
wood post=0x01 0xb9=01b9
hide wall=0x01 0xba=01ba
hide wall=0x01 0xbb=01bb
hide wall=0x01 0xbc=01bc
hide wall=0x01 0xbd=01bd
hide wall=0x01 0xbe=01be
hide wall=0x01 0xbf=01bf
hide wall=0x01 0xc0=01c0
hide wall=0x01 0xc1=01c1
hide wall=0x01 0xc2=01c2
hide wall=0x01 0xc3=01c3
dock pole=0x01 0xcb=01cb
dock pole=0x01 0xcc=01cc
dock pole=0x01 0xcd=01cd
dock pole=0x01 0xce=01ce
}
Tent
{
tent wall=0x02 0xde=02de
tent wall=0x02 0xdf=02df
tent wall=0x02 0xe0=02e0
wood pole=0x02 0xe1=02e1
tent wall=0x02 0xe2=02e2
tent wall=0x02 0xe3=02e3
tent wall=0x02 0xe4=02e4
tent wall=0x02 0xe5=02e5
tent wall=0x02 0xe6=02e6
tent wall=0x02 0xe7=02e7
tent wall=0x02 0xe8=02e8
tent wall=0x02 0xe9=02e9
tent wall=0x02 0xea=02ea
tent wall=0x02 0xeb=02eb
tent wall=0x02 0xec=02ec
patch=0x02 0xef=02ef
patch=0x02 0xf0=02f0
patch=0x02 0xf1=02f1
patch=0x02 0xf2=02f2
patch=0x02 0xf3=02f3
patch=0x02 0xf4=02f4
tent wall=0x01 0xf0=01f0
tent wall=0x01 0xf1=01f1
tent wall=0x01 0xf2=01f2
wooden pole=0x01 0xf3=01f3
tent wall=0x01 0xf4=01f4
tent wall=0x01 0xf5=01f5
tent wall=0x01 0xf6=01f6
tent wall=0x01 0xf7=01f7
tent wall=0x01 0xf8=01f8
tent wall=0x01 0xf9=01f9
tent wall=0x02 0x30=0230
tent wall=0x02 0x31=0231
tent wall=0x02 0x32=0232
wooden pole=0x02 0x33=0233
tent wall=0x02 0x34=0234
tent wall=0x02 0x35=0235
tent wall=0x02 0x36=0236
tent wall=0x02 0x37=0237
tent wall=0x02 0x38=0238
tent wall=0x02 0x39=0239
tent wall=0x03 0x68=0368
tent wall=0x03 0x69=0369
tent wall=0x03 0x6a=036a
tent pole=0x03 0x6b=036b
tent wall=0x03 0x6c=036c
tent wall=0x03 0x6d=036d
tent wall=0x03 0x6e=036e
tent wall=0x03 0x6f=036f
tent wall=0x03 0x70=0370
tent wall=0x03 0x71=0371
patch=0x03 0x72=0372
patch=0x03 0x73=0373
patch=0x03 0x74=0374
patch=0x03 0x75=0375
patch=0x03 0x76=0376
patch=0x03 0x77=0377
dagges=0x03 0x78=0378
dagges=0x03 0x79=0379
dagges=0x03 0x7a=037a
dagges=0x03 0x7b=037b
dagges=0x03 0x7c=037c
dagges=0x03 0x7d=037d
}
Bamboo
{
bamboo wall=0x02 0x0f=020f
bamboo wall=0x02 0x10=0210
bamboo wall=0x02 0x11=0211
bamboo wall=0x02 0x12=0212
bamboo wall=0x02 0x13=0213
bamboo wall=0x02 0x14=0214
bamboo wall=0x02 0x15=0215
bamboo wall=0x02 0x16=0216
bamboo wall=0x02 0x17=0217
bamboo wall=0x02 0x18=0218
bamboo wall=0x02 0x19=0219
bamboo wall=0x02 0x1a=021a
}
Palisade
{
palisade=0x02 0x1d=021d
palisade=0x02 0x1e=021e
palisade=0x02 0x1f=021f
palisade=0x02 0x20=0220
palisade=0x02 0x21=0221
palisade=0x02 0x22=0222
palisade=0x02 0x23=0223
gruesome standard=0x04 0x1f=041f
gruesome standard=0x04 0x20=0420
palisade=0x04 0x21=0421
palisade=0x04 0x22=0422
palisade=0x04 0x23=0423
palisade=0x04 0x24=0424
palisade=0x04 0x25=0425
palisade=0x04 0x30=0430
palisade=0x04 0x31=0431
LBR
{
palisade=0x21 0x88=0x2188
palisade=0x21 0x89=0x2189
palisade=0x21 0x8a=0x218a
palisade=0x21 0x8b=0x218b
palisade=0x21 0x8c=0x218c
palisade=0x21 0x8d=0x218d
palisade=0x21 0x8e=0x218e
palisade=0x21 0x8f=0x218f
palisade=0x21 0x90=0x2190
palisade=0x21 0x91=0x2191
palisade=0x21 0x92=0x2192
palisade=0x21 0x93=0x2193
palisade=0x21 0x94=0x2194
palisade=0x21 0x95=0x2195
palisade=0x21 0x96=0x2196
palisade=0x21 0x97=0x2197
palisade=0x21 0xa5=0x21a5
palisade=0x21 0xa6=0x21a6
palisade=0x21 0xa7=0x21a7
palisade=0x21 0xa8=0x21a8
}
}
Cave
{
cave wall=0x02 0x5c=025c
cave wall=0x02 0x5d=025d
cave wall=0x02 0x5e=025e
cave wall=0x02 0x5f=025f
cave wall=0x02 0x60=0260
cave wall=0x02 0x61=0261
cave wall=0x02 0x62=0262
cave wall=0x02 0x63=0263
cave wall=0x02 0x64=0264
cave wall=0x02 0x65=0265
cave wall=0x02 0x66=0266
cave wall=0x02 0x67=0267
cave wall=0x02 0x68=0268
cave wall=0x02 0x69=0269
cave wall=0x02 0x6a=026a
cave wall=0x02 0x6b=026b
cave wall=0x02 0x6c=026c
cave wall=0x02 0x6d=026d
cave wall=0x02 0x6e=026e
cave wall=0x02 0x6f=026f
LBR
{
cave wall=0x21 0x66=0x2166
cave wall=0x21 0x67=0x2167
cave wall=0x21 0x68=0x2168
cave wall=0x21 0x69=0x2169
}
}
ruined walls
{
ruined wall=0x02 0x77=0277
ruined wall=0x02 0x78=0278
ruined wall=0x02 0x79=0279
ruined wall=0x02 0x7a=027a
ruined wall=0x02 0x7b=027b
ruined wall=0x02 0x7c=027c
ruined wall=0x02 0x81=0281
ruined wall=0x02 0x82=0282
}
}

Windows&Archs
{
Marble
{
marble arch=0x01 0x12=0112
marble arch=0x01 0x13=0113
marble arch=0x01 0x14=0114
marble arch=0x01 0x15=0115
marble arch=0x01 0x16=0116
arch=0x04 0x46=0446
arch=0x04 0x47=0447
arch=0x04 0x48=0448
arch=0x04 0x49=0449
arch=0x04 0x4a=044a
arch=0x04 0x4b=044b
arch=0x04 0x4c=044c
arch=0x04 0x4d=044d
arch=0x04 0x4e=044e
arch=0x04 0x4f=044f
marble arch=0x04 0x38=0438
marble arch=0x04 0x39=0439
marble arch=0x04 0x3a=043a
marble arch=0x04 0x3b=043b
marble arch=0x04 0x3c=043c
marble arch=0x04 0x3d=043d
marble arch=0x04 0x3e=043e
marble arch=0x04 0x3f=043f
marble arch=0x04 0x40=0440
marble arch=0x04 0x41=0441
marble arch=0x02 0xbd=02bd
marble arch=0x02 0xbe=02be
marble arch=0x02 0xbf=02bf
marble arch=0x02 0xc0=02c0
marble column=0x02 0xa7=02a7
marble column=0x02 0xa8=02a8
marble column=0x02 0xa9=02a9
marble column=0x02 0xaa=02aa
marble column=0x02 0xab=02ab
marble column=0x02 0xac=02ac
window=0x02 0xad=02ad
window=0x02 0xae=02ae
marble arch=0x02 0xb0=02b0
marble arch=0x02 0xb1=02b1
marble arch=0x02 0xb2=02b2
marble arch=0x02 0xb3=02b3
marble arch=0x02 0xb4=02b4
window=0x02 0x95=0295
window=0x02 0x96=0296
window=0x02 0x9b=029b
window=0x02 0x9c=029c
marble arch=0x01 0x21=0121
marble arch=0x01 0x22=0122
marble arch=0x01 0x23=0123
marble arch=0x01 0x24=0124
marble column=0x01 0x1b=011b
marble column=0x01 0x1c=011c
marble column=0x01 0x1d=011d
marble column=0x01 0x1e=011e
marble column=0x01 0x1f=011f
marble column=0x01 0x20=0120
window=0x01 0x02=0102
window=0x01 0x03=0103
window=0x01 0x08=0108
window=0x01 0x09=0109
window=0x00 0xfc=00fc
window=0x00 0xfd=00fd
pedestal=1f 2a=1f2a
}
Brick
{
brick arch=0x00 0x45=0045
brick arch=0x00 0x46=0046
brick arch=0x00 0x47=0047
brick arch=0x00 0x48=0048
brick arch=0x00 0x49=0049
archway=0x03 0xa0=03a0
archway=0x03 0x97=0397
archway=0x03 0x98=0398
archway=0x03 0x99=0399
archway=0x03 0x9a=039a
archway=0x03 0x9b=039b
window=0x01 0x54=0154
window=0x01 0x55=0155
window=0x01 0x56=0156
window=0x01 0x57=0157
window=0x01 0x3a=013a
window=0x01 0x3b=013b
archway=0x01 0x3c=013c
archway=0x01 0x3d=013d
archway=0x01 0x3e=013e
archway=0x01 0x3f=013f
archway=0x01 0x40=0140
}
Stone
{
stone arch=0x00 0xc6=00c6
stone arch=0x00 0x28=0028
stone arch=0x00 0x29=0029
stone arch=0x00 0x2a=002a
stone arch=0x00 0x2b=002b
stone arch=0x00 0x2c=002c
stone arch=0x00 0x7a=007a
stone arch=0x00 0x7b=007b
stone arch=0x00 0x7c=007c
stone arch=0x00 0x7d=007d
stone arch=0x00 0x7e=007e
stone arch=0x00 0x7f=007f
dungeon arch=0x02 0x45=0245
dungeon arch=0x02 0x46=0246
dungeon arch=0x02 0x49=0249
dungeon arch=0x02 0x4a=024a
window=0x01 0xd3=01d3
window=0x01 0xd4=01d4
stone arch=0x01 0xd5=01d5
stone arch=0x01 0xd6=01d6
stone arch=0x01 0xd7=01d7
stone arch=0x01 0xd8=01d8
stone arch=0x01 0xd9=01d9
stone pillar=0x01 0xda=01da
stone arch=0x01 0xdb=01db
stone arch=0x01 0xdc=01dc
stone arch=0x01 0xdd=01dd
stone arch=0x01 0xde=01de
stone arch=0x01 0xdf=01df
stone arch=0x01 0xe0=01e0
stone arch=0x01 0xe1=01e1
stone arch=0x01 0xe2=01e2
stone arch=0x01 0xe3=01e3
stone arch=0x01 0xe4=01e4
stone arch=0x01 0xe5=01e5
stone arch=0x01 0xe6=01e6
stone arch=0x01 0xe7=01e7
arrow loop=0x00 0xca=00ca
arrow loop=0x00 0xcb=00cb
stone arch=0x00 0xcd=00cd
stone arch=0x00 0xce=00ce
stone arch=0x00 0xcf=00cf
stone arch=0x00 0xd0=00d0
stone arch=0x00 0xd1=00d1
stone arch=0x00 0xd4=00d4
stone arch=0x00 0xd5=00d5
stone arch=0x00 0xd6=00d6
stone arch=0x00 0xd7=00d7
stone arch=0x00 0xd8=00d8
stone arch=0x00 0xd9=00d9
stone arch=0x00 0xda=00da
stone pillar=0x00 0xdb=00db
stone arch=0x00 0xe0=00e0
stone arch=0x00 0xe1=00e1
stone arch=0x00 0xe2=00e2
stone arch=0x00 0xe3=00e3
stone arch=0x00 0xe4=00e4
stone arch=0x00 0xe5=00e5
arrow loop=0x00 0x5b=005b
arrow loop=0x00 0x5c=005c
stone arch=0x00 0x6d=006d
stone arch=0x00 0x6e=006e
stone arch=0x00 0x6f=006f
stone arch=0x00 0x70=0070
stone arch=0x00 0x71=0071
stone column=0x00 0x77=0077
window=0x00 0x8f=008f
window=0x00 0x8d=008d
stone arch=0x00 0x8a=008a
stone arch=0x00 0x8b=008b
window=0x00 0x85=0085
stone arch=0x00 0x86=0086
stone arch=0x00 0x87=0087
window=0x00 0x83=0083
window=0x00 0x22=0022
window=0x00 0x23=0023
window=0x00 0x3b=003b
window=0x00 0x3c=003c
window=0x00 0x5d=005d
window=0x00 0x5e=005e
}
Sandstone
{
window=0x03 0xdd=03dd
window=0x03 0xde=03de
window=0x03 0xdf=03df
window=0x02 0x52=0252
window=0x02 0x53=0253
window=0x02 0x54=0254
window=0x02 0x07=0207
window=0x02 0x08=0208
window=0x02 0x09=0209
window=0x02 0x0a=020a
window=0x01 0x62=0162
window=0x01 0x63=0163
window=0x01 0x5c=015c
window=0x01 0x5d=015d
sandstone arch=0x01 0x8a=018a
sandstone arch=0x01 0x8b=018b
sandstone arch=0x01 0x8c=018c
sandstone arch=0x01 0x8d=018d
sandstone arch=0x01 0x8e=018e
sandstone arch=0x01 0x8f=018f
sandstone arch=0x01 0x90=0190
sandstone arch=0x01 0x91=0191
sandstone arch=0x01 0x92=0192
sandstone arch=0x01 0x93=0193
sandstone column=0x01 0x94=0194
sandstone column=0x01 0x95=0195
sandstone column=0x01 0x96=0196
sandstone arch=0x01 0x6c=016c
sandstone arch=0x01 0x6d=016d
sandstone arch=0x01 0x6e=016e
sandstone arch=0x01 0x6f=016f
sandstone arch=0x01 0x70=0170
}
Hides
{
window=0x01 0xc4=01c4
window=0x01 0xc5=01c5
window=0x01 0xc6=01c6
window=0x01 0xc7=01c7
}
Rattan
{
window=0x01 0xad=01ad
window=0x01 0xae=01ae
window=0x01 0xaf=01af
window=0x01 0xb0=01b0
}
Wooden
{
window=0x00 0xb9=00b9
window=0x00 0xba=00ba
window=0x00 0xbb=00bb
window=0x00 0xbc=00bc
window=0x00 0x98=0098
window=0x00 0x99=0099
window=0x00 0x0e=000e
window=0x00 0x0f=000f
}
}
Cracks
{
wall cracks=0x1b 0x6b=1b6b
wall cracks=0x1b 0x6c=1b6c
wall cracks=0x1b 0x6d=1b6d
wall cracks=0x1b 0x6e=1b6e
wall cracks=0x1b 0x6f=1b6f
}
pylon=0x1e 0xca=1eca
pylon=0x1e 0xcb=1ecb
pylon=0x1e 0xcc=1ecc